#
# A fatal error has been detected by the Java Runtime Environment:
#
#  SIGBUS (0xa) at pc=0x0000000109f2d4f0, pid=2213, tid=32271
#
# JRE version: Java(TM) SE Runtime Environment (17.0+35) (build 17+35-LTS-2724)
# Java VM: Java HotSpot(TM) 64-Bit Server VM (17+35-LTS-2724, mixed mode, sharing, tiered, compressed oops, compressed class ptrs, g1 gc, bsd-aarch64)
# Problematic frame:
# v  ~StubRoutines::SafeFetchN
#
# No core dump will be written. Core dumps have been disabled. To enable core dumping, try "ulimit -c unlimited" before starting Java again
#
# If you would like to submit a bug report, please visit:
#   https://bugreport.java.com/bugreport/crash.jsp
# The crash happened outside the Java Virtual Machine in native code.
# See problematic frame for where to report the bug.
#

---------------  S U M M A R Y ------------

Command Line: --module-path=/Users/mohammedjammeh/Documents/javafx-sdk-17.0.0.1/lib --add-modules=javafx.controls,javafx.fxml -Djava.library.path=/Users/mohammedjammeh/Documents/javafx-sdk-17.0.0.1/lib -javaagent:/Applications/IntelliJ IDEA.app/Contents/lib/idea_rt.jar=49765:/Applications/IntelliJ IDEA.app/Contents/bin -Dfile.encoding=UTF-8 com.projects.gamcare.Main

Host: "MacBookPro17,1" arm64 1 MHz, 8 cores, 8G, Darwin 21.2.0, macOS 12.1 (21C52)
Time: Sat Jan  8 18:38:29 2022 GMT elapsed time: 9.139152 seconds (0d 0h 0m 9s)

---------------  T H R E A D  ---------------

Current thread (0x00000001218aee00):  JavaThread "InvokeLaterDispatcher" daemon [_thread_in_native, id=32271, stack(0x0000000172498000,0x000000017269b000)]

Stack: [0x0000000172498000,0x000000017269b000],  sp=0x000000017269a7b0,  free space=2057k
Native frames: (J=compiled Java code, j=interpreted, Vv=VM code, C=native code)
v  ~StubRoutines::SafeFetchN
V  [libjvm.dylib+0x79e870]  _ZN10OopStorage7releaseEPKP7oopDesc+0x20
V  [libjvm.dylib+0x4b94ac]  jni_DeleteGlobalRef+0xc4
C  [libglass.dylib+0xab08]  -[GlassRunnable dealloc]+0x34
C  [Foundation+0x84c7c]  -[_NSThreadPerformInfo dealloc]+0x30
C  [Foundation+0x51578]  -[NSObject(NSThreadPerformAdditions) performSelectorOnMainThread:withObject:waitUntilDone:]+0x88
C  0xf064800109f358ac
j  com.sun.glass.ui.mac.MacApplication.submitForLaterInvocation(Ljava/lang/Runnable;)V+2 javafx.graphics
j  com.sun.glass.ui.InvokeLaterDispatcher.run()V+82 javafx.graphics
v  ~StubRoutines::call_stub
V  [libjvm.dylib+0x460b04]  _ZN9JavaCalls11call_helperEP9JavaValueRK12methodHandleP17JavaCallArgumentsP10JavaThread+0x38c
V  [libjvm.dylib+0x45fb20]  _ZN9JavaCalls12call_virtualEP9JavaValueP5KlassP6SymbolS5_P17JavaCallArgumentsP10JavaThread+0x11c
V  [libjvm.dylib+0x45fbec]  _ZN9JavaCalls12call_virtualEP9JavaValue6HandleP5KlassP6SymbolS6_P10JavaThread+0x64
V  [libjvm.dylib+0x51346c]  _ZL12thread_entryP10JavaThreadS0_+0xc4
V  [libjvm.dylib+0x8fcb74]  _ZN10JavaThread17thread_main_innerEv+0x134
V  [libjvm.dylib+0x8fb49c]  _ZN6Thread8call_runEv+0x128
V  [libjvm.dylib+0x7a5458]  _ZL19thread_native_entryP6Thread+0x158
C  [libsystem_pthread.dylib+0x7240]  _pthread_start+0x94

Java frames: (J=compiled Java code, j=interpreted, Vv=VM code)
j  com.sun.glass.ui.mac.MacApplication._submitForLaterInvocation(Ljava/lang/Runnable;)V+0 javafx.graphics
j  com.sun.glass.ui.mac.MacApplication.submitForLaterInvocation(Ljava/lang/Runnable;)V+2 javafx.graphics
j  com.sun.glass.ui.InvokeLaterDispatcher.run()V+82 javafx.graphics
v  ~StubRoutines::call_stub

siginfo: si_signo: 10 (SIGBUS), si_code: 1 (BUS_ADRALN), si_addr: 0x0000000109f2d4f0

Register to memory mapping:

 x0=0x0000000137711688 is a global jni handle
 x1=0x0 is NULL
 x2=0x0000000781f000f8 is an oop: com.sun.glass.ui.InvokeLaterDispatcher$Future 
{0x0000000781f000f8} - klass: 'com/sun/glass/ui/InvokeLaterDispatcher$Future'
 - ---- fields (total size 3 words):
 - private 'done' 'Z' @12  true
 - private final 'runnable' 'Ljava/lang/Runnable;' @16  a 'com/sun/javafx/application/PlatformImpl$$Lambda$101+0x0000000800c85920'{0x00000007820d0af0} (f041a15e)
 - final synthetic 'this$0' 'Lcom/sun/glass/ui/InvokeLaterDispatcher;' @20  a 'com/sun/glass/ui/InvokeLaterDispatcher'{0x00000007802eb4d8} (f005d69b)
 x3=0x0 is NULL
 x4=0x00000000000130a8 is an unknown value
 x5=0x0 is NULL
 x6=0x0 is NULL
 x7=0x0 is NULL
 x8=0x0000000109f2d4ec is at begin+0 in a stub
StubRoutines::SafeFetchN [0x0000000109f2d4ec, 0x0000000109f2d4f8] (12 bytes)
 x9=0x0 is NULL
x10=0x2010000030300000 is an unknown value
x11=0x0000000000000007 is an unknown value
x12=0x0 is NULL
x13=0x0000600002ddf2f0 points into unknown readable memory: 0x0000000000000000 | 00 00 00 00 00 00 00 00
x14=0x0000000000000001 is an unknown value
x15=0x000000012156df98: OBJC_CLASS_$_GlassRunnable+0 in /Users/mohammedjammeh/Documents/javafx-sdk-17.0.0.1/lib/libglass.dylib at 0x0000000121528000
x16=0x00000001adc98094: pthread_getspecific+0 in /usr/lib/system/libsystem_pthread.dylib at 0x00000001adc96000
x17=0x00006000027c3d80 points into unknown readable memory: 0xfffffffffffffffe | fe ff ff ff ff ff ff ff
x18=0x0 is NULL
x19=0x00006000028d4a10 points into unknown readable memory: 0x00006000001d99c0 | c0 99 1d 00 00 60 00 00
x20=0x0000000137711480 points into unknown readable memory: 0x0000000124f40000 | 00 00 f4 24 01 00 00 00
x21=0x0000000137711688 is a global jni handle
x22=0x00000001218aee00 is a thread
x23=0x0000000000000001 is an unknown value
x24=0x0000000137711640 is a global jni handle
x25=0x000000010245d5d8: _ZN12StubRoutines17_safefetchN_entryE+0 in /Library/Java/JavaVirtualMachines/jdk-17.jdk/Contents/Home/lib/server/libjvm.dylib at 0x00000001018cc000
x26=0x000000011f516d80 is pointing into metadata
x27=0x0 is NULL
x28=0x00000001218aee00 is a thread


Registers:
 x0=0x0000000137711688  x1=0x0000000000000000  x2=0x0000000781f000f8  x3=0x0000000000000000
 x4=0x00000000000130a8  x5=0x0000000000000000  x6=0x0000000000000000  x7=0x0000000000000000
 x8=0x0000000109f2d4ec  x9=0x0000000000000000 x10=0x2010000030300000 x11=0x0000000000000007
x12=0x0000000000000000 x13=0x0000600002ddf2f0 x14=0x0000000000000001 x15=0x000000012156df98
x16=0x00000001adc98094 x17=0x00006000027c3d80 x18=0x0000000000000000 x19=0x00006000028d4a10
x20=0x0000000137711480 x21=0x0000000137711688 x22=0x00000001218aee00 x23=0x0000000000000001
x24=0x0000000137711640 x25=0x000000010245d5d8 x26=0x000000011f516d80 x27=0x0000000000000000
x28=0x00000001218aee00  fp=0x000000017269a7f0  lr=0x0000000102069640  sp=0x000000017269a7b0
pc=0x0000000109f2d4f0 cpsr=0x0000000060001000
Top of Stack: (sp=0x000000017269a7b0)
0x000000017269a7b0:   000000011f516d80 0000000000000001
0x000000017269a7c0:   000000017269a9a8 00006000001c0d90
0x000000017269a7d0:   0000000000000000 0000000137711678
0x000000017269a7e0:   0000000137711678 00006000028d4a10
0x000000017269a7f0:   000000017269a830 000000010206a870
0x000000017269a800:   0000000000000001 0000000137711678
0x000000017269a810:   0000000000000000 0000000137711678
0x000000017269a820:   0000000000000001 000000012780e400
0x000000017269a830:   000000017269a860 0000000101d854ac
0x000000017269a840:   00006000001c0d50 00000001f81c8474
0x000000017269a850:   0000000000000000 00006000001c0d50
0x000000017269a860:   000000017269a890 0000000121532b08
0x000000017269a870:   d86d48d496e20003 0000000000000000
0x000000017269a880:   0000000000000000 00006000019dcac0
0x000000017269a890:   000000017269a8d0 00000001aec5cc7c
0x000000017269a8a0:   000000017269a9a8 00006000001c0d90
0x000000017269a8b0:   00006000001c0d50 d86d48d496e20003
0x000000017269a8c0:   0000000000000000 0000000000000000
0x000000017269a8d0:   000000017269a910 2e5e0001aec29578
0x000000017269a8e0:   000000017269a9a8 0000000109f347c0
0x000000017269a8f0:   0000000000000000 0000000102464f90
0x000000017269a900:   000000017269a920 0000000109f33730
0x000000017269a910:   000000017269a980 f064800109f358ac
0x000000017269a920:   000000017269a988 000000011f13ccc8
0x000000017269a930:   000000017269a930 0000000000000000
0x000000017269a940:   000000017269a9a8 000000011f516d80
0x000000017269a950:   00000007802eb918 0000000000000000
0x000000017269a960:   0000000000000000 000000011f4f3288
0x000000017269a970:   0000000000000000 000000017269a980
0x000000017269a980:   000000017269aa00 0000000109f31fc8
0x000000017269a990:   0000000000000000 0000000000000000
0x000000017269a9a0:   0000000781f000f8 0000000780500dc0 

Instructions: (pc=0x0000000109f2d4f0)
0x0000000109f2d3f0:   f2a04849 f2c00029 6d425935 1e640886
0x0000000109f2d400:   0c402d31 1e6408c7 1f5654d0 1e6c1017
0x0000000109f2d410:   1f5050d0 1f504cd0 1f5048d0 1e650af6
0x0000000109f2d420:   1f50d8f6 1f5694d6 1f5158f6 1e762880
0x0000000109f2d430:   36000501 1e614000 14000026 2e251ca5
0x0000000109f2d440:   d2943009 f2a04849 f2c00029 6d425d36
0x0000000109f2d450:   1e600806 0c402d32 1f5758c7 1e6c101a
0x0000000109f2d460:   1f4754c7 1e650805 1f4750c7 d2866668
0x0000000109f2d470:   f2a7fa68 1f474cc7 1e6608c0 1f4748c7
0x0000000109f2d480:   1e6e1019 eb08007f 540000ac 1f479400
0x0000000109f2d490:   1f460340 1e603b20 1400000e d2a7fd29
0x0000000109f2d4a0:   eb09007f 540000ac 51480069 d3607d29
0x0000000109f2d4b0:   9e670121 14000002 1e6a5001 1f679417
0x0000000109f2d4c0:   1f668742 1e613b23 1e773857 1e773860
0x0000000109f2d4d0:   a8c17ff3 910003bf a8c17bfd d65f03c0
0x0000000109f2d4e0:   b9400001 aa0103e0 d65f03c0 f9400001
0x0000000109f2d4f0:   aa0103e0 d65f03c0 00000000 00000000
0x0000000109f2d500:   00000000 00000000 00000000 00000000
0x0000000109f2d510:   00000000 00000000 00000000 00000000
0x0000000109f2d520:   00000000 00000000 00000000 00000000
0x0000000109f2d530:   00000000 00000000 00000000 00000000
0x0000000109f2d540:   00000000 00000000 00000000 00000000
0x0000000109f2d550:   00000000 00000000 00000000 00000000
0x0000000109f2d560:   00000000 00000000 00000000 00000000
0x0000000109f2d570:   00000000 00000000 00000000 00000000
0x0000000109f2d580:   00000000 00000000 00000000 00000000
0x0000000109f2d590:   00000000 00000000 00000000 00000000
0x0000000109f2d5a0:   00000000 00000000 00000000 00000000
0x0000000109f2d5b0:   00000000 00000000 00000000 00000000
0x0000000109f2d5c0:   00000000 00000000 00000000 00000000
0x0000000109f2d5d0:   00000000 00000000 00000000 00000000
0x0000000109f2d5e0:   00000000 00000000 00000000 00000000 


Stack slot to memory mapping:
stack at sp + 0 slots: 0x000000011f516d80 is pointing into metadata
stack at sp + 1 slots: 0x0000000000000001 is an unknown value
stack at sp + 2 slots: 0x000000017269a9a8 is pointing into the stack for thread: 0x00000001218aee00
stack at sp + 3 slots: 0x00006000001c0d90 points into unknown readable memory: 0x0100000206d4e081 | 81 e0 d4 06 02 00 00 01
stack at sp + 4 slots: 0x0 is NULL
stack at sp + 5 slots: 0x0000000137711678 is a global jni handle
stack at sp + 6 slots: 0x0000000137711678 is a global jni handle
stack at sp + 7 slots: 0x00006000028d4a10 points into unknown readable memory: 0x00006000001d99c0 | c0 99 1d 00 00 60 00 00

StubRoutines::SafeFetchN [0x0000000109f2d4ec, 0x0000000109f2d4f8] (12 bytes)
[MachCode]
  0x0000000109f2d4ec: 0100 40f9 | e003 01aa | c003 5fd6 
[/MachCode]

---------------  P R O C E S S  ---------------

Threads class SMR info:
_java_thread_list=0x00006000003855e0, length=21, elements={
0x000000013801dc00, 0x00000001380ccc00, 0x00000001380cf400, 0x00000001380d4c00,
0x00000001380d1000, 0x00000001380d1600, 0x00000001380d1c00, 0x00000001380d2200,
0x0000000137810400, 0x000000013780ea00, 0x0000000131038200, 0x000000013103aa00,
0x0000000121842000, 0x00000001218aee00, 0x000000012780e400, 0x0000000127861200,
0x000000013826ee00, 0x0000000137940c00, 0x0000000127a58800, 0x0000000127b76200,
0x0000000131067400
}

Java Threads: ( => current thread )
  0x000000013801dc00 JavaThread "main" [_thread_blocked, id=9987, stack(0x000000016f884000,0x000000016fa87000)]
  0x00000001380ccc00 JavaThread "Reference Handler" daemon [_thread_blocked, id=14339, stack(0x00000001706d8000,0x00000001708db000)]
  0x00000001380cf400 JavaThread "Finalizer" daemon [_thread_blocked, id=14851, stack(0x00000001708e4000,0x0000000170ae7000)]
  0x00000001380d4c00 JavaThread "Signal Dispatcher" daemon [_thread_blocked, id=42499, stack(0x0000000170c08000,0x0000000170e0b000)]
  0x00000001380d1000 JavaThread "Service Thread" daemon [_thread_blocked, id=42243, stack(0x0000000170e14000,0x0000000171017000)]
  0x00000001380d1600 JavaThread "Monitor Deflation Thread" daemon [_thread_blocked, id=41987, stack(0x0000000171020000,0x0000000171223000)]
  0x00000001380d1c00 JavaThread "C2 CompilerThread0" daemon [_thread_blocked, id=41475, stack(0x000000017122c000,0x000000017142f000)]
  0x00000001380d2200 JavaThread "C1 CompilerThread0" daemon [_thread_blocked, id=41219, stack(0x0000000171438000,0x000000017163b000)]
  0x0000000137810400 JavaThread "Sweeper thread" daemon [_thread_blocked, id=24067, stack(0x0000000171644000,0x0000000171847000)]
  0x000000013780ea00 JavaThread "Common-Cleaner" daemon [_thread_blocked, id=24579, stack(0x0000000171850000,0x0000000171a53000)]
  0x0000000131038200 JavaThread "Monitor Ctrl-Break" daemon [_thread_in_native, id=25603, stack(0x0000000171c68000,0x0000000171e6b000)]
  0x000000013103aa00 JavaThread "Notification Thread" daemon [_thread_blocked, id=25859, stack(0x0000000171e74000,0x0000000172077000)]
  0x0000000121842000 JavaThread "QuantumRenderer-0" daemon [_thread_blocked, id=26627, stack(0x000000017228c000,0x000000017248f000)]
=>0x00000001218aee00 JavaThread "InvokeLaterDispatcher" daemon [_thread_in_native, id=32271, stack(0x0000000172498000,0x000000017269b000)]
  0x000000012780e400 JavaThread "JavaFX Application Thread" [_thread_in_vm, id=259, stack(0x000000016effc000,0x000000016f7f8000)]
  0x0000000127861200 JavaThread "JavaFX-Launcher" [_thread_blocked, id=75271, stack(0x000000017293c000,0x0000000172b3f000)]
  0x000000013826ee00 JavaThread "mysql-cj-abandoned-connection-cleanup" daemon [_thread_blocked, id=71939, stack(0x0000000172b48000,0x0000000172d4b000)]
  0x0000000137940c00 JavaThread "Prism Font Disposer" daemon [_thread_blocked, id=59835, stack(0x0000000173790000,0x0000000173993000)]
  0x0000000127a58800 JavaThread "Cleaner-0" daemon [_thread_blocked, id=170243, stack(0x00000001747f0000,0x00000001749f3000)]
  0x0000000127b76200 JavaThread "Attach Listener" daemon [_thread_blocked, id=1311, stack(0x0000000171a5c000,0x0000000171c5f000)]
  0x0000000131067400 JavaThread "PulseTimer-CVDisplayLink thread" daemon [_thread_in_native, id=165163, stack(0x00000001726a4000,0x0000000172727000)]

Other Threads:
  0x000000013770e510 VMThread "VM Thread" [stack: 0x00000001704cc000,0x00000001706cf000] [id=13827]
  0x00000001276064d0 WatcherThread [stack: 0x0000000172080000,0x0000000172283000] [id=26371]
  0x0000000137707140 GCTaskThread "GC Thread#0" [stack: 0x000000016fa90000,0x000000016fc93000] [id=19715]
  0x000000013032b1c0 GCTaskThread "GC Thread#1" [stack: 0x0000000172d54000,0x0000000172f57000] [id=57603]
  0x000000013032b640 GCTaskThread "GC Thread#2" [stack: 0x0000000172f60000,0x0000000173163000] [id=71427]
  0x000000013032bac0 GCTaskThread "GC Thread#3" [stack: 0x000000017316c000,0x000000017336f000] [id=58371]
  0x000000013032c330 GCTaskThread "GC Thread#4" [stack: 0x0000000173378000,0x000000017357b000] [id=58883]
  0x000000013032cba0 GCTaskThread "GC Thread#5" [stack: 0x0000000173584000,0x0000000173787000] [id=71171]
  0x0000000130046bd0 GCTaskThread "GC Thread#6" [stack: 0x000000017399c000,0x0000000173b9f000] [id=65319]
  0x0000000130047050 GCTaskThread "GC Thread#7" [stack: 0x0000000173ba8000,0x0000000173dab000] [id=89091]
  0x00000001377077f0 ConcurrentGCThread "G1 Main Marker" [stack: 0x000000016fc9c000,0x000000016fe9f000] [id=12291]
  0x0000000137708070 ConcurrentGCThread "G1 Conc#0" [stack: 0x000000016fea8000,0x00000001700ab000] [id=18947]
  0x00000001377684d0 ConcurrentGCThread "G1 Conc#1" [stack: 0x00000001749fc000,0x0000000174bff000] [id=169731]
  0x000000013770a020 ConcurrentGCThread "G1 Refine#0" [stack: 0x00000001700b4000,0x00000001702b7000] [id=18179]
  0x0000000137767650 ConcurrentGCThread "G1 Refine#1" [stack: 0x0000000173db4000,0x0000000173fb7000] [id=89859]
  0x00000001376492c0 ConcurrentGCThread "G1 Refine#2" [stack: 0x0000000173fc0000,0x00000001741c3000] [id=172291]
  0x00000001276077b0 ConcurrentGCThread "G1 Refine#3" [stack: 0x00000001741cc000,0x00000001743cf000] [id=171779]
  0x0000000130106690 ConcurrentGCThread "G1 Refine#4" [stack: 0x00000001743d8000,0x00000001745db000] [id=171267]
  0x00000001302063c0 ConcurrentGCThread "G1 Refine#5" [stack: 0x00000001745e4000,0x00000001747e7000] [id=170755]
  0x000000013770a8c0 ConcurrentGCThread "G1 Service" [stack: 0x00000001702c0000,0x00000001704c3000] [id=17923]

Threads with active compile tasks:

VM state: not at safepoint (normal execution)

VM Mutex/Monitor currently owned by a thread: None

Heap address: 0x0000000780000000, size: 2048 MB, Compressed Oops mode: Zero based, Oop shift amount: 3

CDS archive(s) mapped at: [0x0000000800000000-0x0000000800bd0000-0x0000000800bd0000), size 12386304, SharedBaseAddress: 0x0000000800000000, ArchiveRelocationMode: 0.
Compressed class space mapped at: 0x0000000800c00000-0x0000000840c00000, reserved size: 1073741824
Narrow klass base: 0x0000000800000000, Narrow klass shift: 0, Narrow klass range: 0x100000000

GC Precious Log:
 CPUs: 8 total, 8 available
 Memory: 8192M
 Large Page Support: Disabled
 NUMA Support: Disabled
 Compressed Oops: Enabled (Zero based)
 Heap Region Size: 1M
 Heap Min Capacity: 8M
 Heap Initial Capacity: 128M
 Heap Max Capacity: 2G
 Pre-touch: Disabled
 Parallel Workers: 8
 Concurrent Workers: 2
 Concurrent Refinement Workers: 8
 Periodic GC: Disabled

Heap:
 garbage-first heap   total 51200K, used 32374K [0x0000000780000000, 0x0000000800000000)
  region size 1024K, 19 young (19456K), 2 survivors (2048K)
 Metaspace       used 24623K, committed 24896K, reserved 1073152K
  class space    used 3265K, committed 3392K, reserved 1048576K

Heap Regions: E=young(eden), S=young(survivor), O=old, HS=humongous(starts), HC=humongous(continues), CS=collection set, F=free, OA=open archive, CA=closed archive, TAMS=top-at-mark-start (previous, next)
|   0|0x0000000780000000, 0x0000000780100000, 0x0000000780100000|100%| O|  |TAMS 0x0000000780100000, 0x0000000780000000| Untracked 
|   1|0x0000000780100000, 0x0000000780200000, 0x0000000780200000|100%| O|  |TAMS 0x0000000780200000, 0x0000000780100000| Untracked 
|   2|0x0000000780200000, 0x0000000780300000, 0x0000000780300000|100%| O|  |TAMS 0x00000007802d1400, 0x0000000780200000| Untracked 
|   3|0x0000000780300000, 0x0000000780400000, 0x0000000780400000|100%|HS|  |TAMS 0x0000000780400000, 0x0000000780300000| Complete 
|   4|0x0000000780400000, 0x0000000780500000, 0x0000000780500000|100%|HC|  |TAMS 0x0000000780500000, 0x0000000780400000| Complete 
|   5|0x0000000780500000, 0x0000000780600000, 0x0000000780600000|100%| O|  |TAMS 0x0000000780500000, 0x0000000780500000| Untracked 
|   6|0x0000000780600000, 0x0000000780700000, 0x0000000780700000|100%| O|  |TAMS 0x0000000780600000, 0x0000000780600000| Untracked 
|   7|0x0000000780700000, 0x0000000780700000, 0x0000000780800000|  0%| F|  |TAMS 0x0000000780700000, 0x0000000780700000| Untracked 
|   8|0x0000000780800000, 0x0000000780900000, 0x0000000780900000|100%| O|  |TAMS 0x0000000780800000, 0x0000000780800000| Untracked 
|   9|0x0000000780900000, 0x0000000780a00000, 0x0000000780a00000|100%| O|  |TAMS 0x0000000780900000, 0x0000000780900000| Untracked 
|  10|0x0000000780a00000, 0x0000000780b00000, 0x0000000780b00000|100%| O|  |TAMS 0x0000000780a00000, 0x0000000780a00000| Untracked 
|  11|0x0000000780b00000, 0x0000000780c00000, 0x0000000780c00000|100%| O|  |TAMS 0x0000000780b00000, 0x0000000780b00000| Untracked 
|  12|0x0000000780c00000, 0x0000000780d00000, 0x0000000780d00000|100%| O|  |TAMS 0x0000000780c00000, 0x0000000780c00000| Untracked 
|  13|0x0000000780d00000, 0x0000000780d00000, 0x0000000780e00000|  0%| F|  |TAMS 0x0000000780d00000, 0x0000000780d00000| Untracked 
|  14|0x0000000780e00000, 0x0000000780e00000, 0x0000000780f00000|  0%| F|  |TAMS 0x0000000780e00000, 0x0000000780e00000| Untracked 
|  15|0x0000000780f00000, 0x0000000780f00000, 0x0000000781000000|  0%| F|  |TAMS 0x0000000780f00000, 0x0000000780f00000| Untracked 
|  16|0x0000000781000000, 0x0000000781000000, 0x0000000781100000|  0%| F|  |TAMS 0x0000000781000000, 0x0000000781000000| Untracked 
|  17|0x0000000781100000, 0x0000000781100000, 0x0000000781200000|  0%| F|  |TAMS 0x0000000781100000, 0x0000000781100000| Untracked 
|  18|0x0000000781200000, 0x0000000781200000, 0x0000000781300000|  0%| F|  |TAMS 0x0000000781200000, 0x0000000781200000| Untracked 
|  19|0x0000000781300000, 0x0000000781400000, 0x0000000781400000|100%| O|  |TAMS 0x0000000781300000, 0x0000000781300000| Untracked 
|  20|0x0000000781400000, 0x0000000781420800, 0x0000000781500000| 12%| O|  |TAMS 0x0000000781400000, 0x0000000781400000| Untracked 
|  21|0x0000000781500000, 0x0000000781500000, 0x0000000781600000|  0%| F|  |TAMS 0x0000000781500000, 0x0000000781500000| Untracked 
|  22|0x0000000781600000, 0x0000000781600000, 0x0000000781700000|  0%| F|  |TAMS 0x0000000781600000, 0x0000000781600000| Untracked 
|  23|0x0000000781700000, 0x0000000781700000, 0x0000000781800000|  0%| F|  |TAMS 0x0000000781700000, 0x0000000781700000| Untracked 
|  24|0x0000000781800000, 0x0000000781800000, 0x0000000781900000|  0%| F|  |TAMS 0x0000000781800000, 0x0000000781800000| Untracked 
|  25|0x0000000781900000, 0x0000000781985018, 0x0000000781a00000| 51%| S|CS|TAMS 0x0000000781900000, 0x0000000781900000| Complete 
|  26|0x0000000781a00000, 0x0000000781b00000, 0x0000000781b00000|100%| S|CS|TAMS 0x0000000781a00000, 0x0000000781a00000| Complete 
|  27|0x0000000781b00000, 0x0000000781b00000, 0x0000000781c00000|  0%| F|  |TAMS 0x0000000781b00000, 0x0000000781b00000| Untracked 
|  28|0x0000000781c00000, 0x0000000781c00000, 0x0000000781d00000|  0%| F|  |TAMS 0x0000000781c00000, 0x0000000781c00000| Untracked 
|  29|0x0000000781d00000, 0x0000000781d00000, 0x0000000781e00000|  0%| F|  |TAMS 0x0000000781d00000, 0x0000000781d00000| Untracked 
|  30|0x0000000781e00000, 0x0000000781e00000, 0x0000000781f00000|  0%| F|  |TAMS 0x0000000781e00000, 0x0000000781e00000| Untracked 
|  31|0x0000000781f00000, 0x0000000781f15118, 0x0000000782000000|  8%| E|  |TAMS 0x0000000781f00000, 0x0000000781f00000| Complete 
|  32|0x0000000782000000, 0x0000000782100000, 0x0000000782100000|100%| E|CS|TAMS 0x0000000782000000, 0x0000000782000000| Complete 
|  33|0x0000000782100000, 0x0000000782200000, 0x0000000782200000|100%| E|CS|TAMS 0x0000000782100000, 0x0000000782100000| Complete 
|  34|0x0000000782200000, 0x0000000782300000, 0x0000000782300000|100%| E|CS|TAMS 0x0000000782200000, 0x0000000782200000| Complete 
|  35|0x0000000782300000, 0x0000000782400000, 0x0000000782400000|100%| E|CS|TAMS 0x0000000782300000, 0x0000000782300000| Complete 
|  36|0x0000000782400000, 0x0000000782500000, 0x0000000782500000|100%| E|CS|TAMS 0x0000000782400000, 0x0000000782400000| Complete 
|  37|0x0000000782500000, 0x0000000782600000, 0x0000000782600000|100%| E|CS|TAMS 0x0000000782500000, 0x0000000782500000| Complete 
|  38|0x0000000782600000, 0x0000000782700000, 0x0000000782700000|100%| E|CS|TAMS 0x0000000782600000, 0x0000000782600000| Complete 
|  39|0x0000000782700000, 0x0000000782800000, 0x0000000782800000|100%| E|CS|TAMS 0x0000000782700000, 0x0000000782700000| Complete 
|  40|0x0000000782800000, 0x0000000782900000, 0x0000000782900000|100%| E|CS|TAMS 0x0000000782800000, 0x0000000782800000| Complete 
|  41|0x0000000782900000, 0x0000000782a00000, 0x0000000782a00000|100%| E|CS|TAMS 0x0000000782900000, 0x0000000782900000| Complete 
|  42|0x0000000782a00000, 0x0000000782b00000, 0x0000000782b00000|100%| E|CS|TAMS 0x0000000782a00000, 0x0000000782a00000| Complete 
| 122|0x0000000787a00000, 0x0000000787b00000, 0x0000000787b00000|100%| E|CS|TAMS 0x0000000787a00000, 0x0000000787a00000| Complete 
| 123|0x0000000787b00000, 0x0000000787c00000, 0x0000000787c00000|100%| E|CS|TAMS 0x0000000787b00000, 0x0000000787b00000| Complete 
| 124|0x0000000787c00000, 0x0000000787d00000, 0x0000000787d00000|100%| E|CS|TAMS 0x0000000787c00000, 0x0000000787c00000| Complete 
| 125|0x0000000787d00000, 0x0000000787e00000, 0x0000000787e00000|100%| E|CS|TAMS 0x0000000787d00000, 0x0000000787d00000| Complete 
| 127|0x0000000787f00000, 0x0000000788000000, 0x0000000788000000|100%| E|CS|TAMS 0x0000000787f00000, 0x0000000787f00000| Complete 
|2046|0x00000007ffe00000, 0x00000007ffe78000, 0x00000007fff00000| 46%|OA|  |TAMS 0x00000007ffe78000, 0x00000007ffe00000| Untracked 
|2047|0x00000007fff00000, 0x00000007fff80000, 0x0000000800000000| 50%|CA|  |TAMS 0x00000007fff80000, 0x00000007fff00000| Untracked 

Card table byte_map: [0x0000000100fb8000,0x00000001013b8000] _byte_map_base: 0x00000000fd3b8000

Marking Bits (Prev, Next): (CMBitMap*) 0x000000013803fe50, (CMBitMap*) 0x000000013803fe10
 Prev Bits: [0x000000011af2c000, 0x000000011cf2c000)
 Next Bits: [0x0000000118f2c000, 0x000000011af2c000)

Polling page: 0x000000010078c000

Metaspace:

Usage:
  Non-class:     20.86 MB used.
      Class:      3.19 MB used.
       Both:     24.05 MB used.

Virtual space:
  Non-class space:       24.00 MB reserved,      21.00 MB ( 88%) committed,  3 nodes.
      Class space:        1.00 GB reserved,       3.31 MB ( <1%) committed,  1 nodes.
             Both:        1.02 GB reserved,      24.31 MB (  2%) committed. 

Chunk freelists:
   Non-Class:  2.27 MB
       Class:  674.00 KB
        Both:  2.92 MB

MaxMetaspaceSize: unlimited
CompressedClassSpaceSize: 1.00 GB
Initial GC threshold: 21.00 MB
Current GC threshold: 35.12 MB
CDS: on
MetaspaceReclaimPolicy: balanced
 - commit_granule_bytes: 65536.
 - commit_granule_words: 8192.
 - virtual_space_node_default_size: 1048576.
 - enlarge_chunks_in_place: 1.
 - new_chunks_are_fully_committed: 0.
 - uncommit_free_chunks: 1.
 - use_allocation_guard: 0.
 - handle_deallocations: 1.


Internal statistics:

num_allocs_failed_limit: 3.
num_arena_births: 276.
num_arena_deaths: 0.
num_vsnodes_births: 4.
num_vsnodes_deaths: 0.
num_space_committed: 389.
num_space_uncommitted: 0.
num_chunks_returned_to_freelist: 3.
num_chunks_taken_from_freelist: 955.
num_chunk_merges: 3.
num_chunk_splits: 666.
num_chunks_enlarged: 503.
num_purges: 0.
num_inconsistent_stats: 0.

CodeHeap 'non-profiled nmethods': size=120032Kb used=1732Kb max_used=1732Kb free=118299Kb
 bounds [0x00000001119f4000, 0x0000000111c64000, 0x0000000118f2c000]
CodeHeap 'profiled nmethods': size=120016Kb used=8904Kb max_used=8904Kb free=111111Kb
 bounds [0x000000010a4c0000, 0x000000010ad80000, 0x00000001119f4000]
CodeHeap 'non-nmethods': size=5712Kb used=1465Kb max_used=1590Kb free=4246Kb
 bounds [0x0000000109f2c000, 0x000000010a19c000, 0x000000010a4c0000]
 total_blobs=4979 nmethods=4100 adapters=794
 compilation: enabled
              stopped_count=0, restarted_count=0
 full_count=0

Compilation events (20 events):
Event: 8.714 Thread 0x00000001380d2200 4178       3       javafx.scene.Scene$MouseHandler::updateCursor (36 bytes)
Event: 8.714 Thread 0x00000001380d2200 nmethod 4178 0x000000010ad63510 code [0x000000010ad636c0, 0x000000010ad63ae8]
Event: 8.722 Thread 0x00000001380d2200 4179       3       javafx.scene.Scene$MouseHandler::process (793 bytes)
Event: 8.727 Thread 0x00000001380d2200 nmethod 4179 0x000000010ad63c10 code [0x000000010ad64480, 0x000000010ad68028]
Event: 8.727 Thread 0x00000001380d2200 4180       3       javafx.scene.Scene$TargetWrapper::getCursor (61 bytes)
Event: 8.729 Thread 0x00000001380d2200 nmethod 4180 0x000000010ad69110 code [0x000000010ad69440, 0x000000010ad6a728]
Event: 8.802 Thread 0x00000001380d2200 4181       3       javafx.scene.Node::preprocessMouseEvent (114 bytes)
Event: 8.806 Thread 0x00000001380d2200 nmethod 4181 0x000000010ad6ac10 code [0x000000010ad6b140, 0x000000010ad6d378]
Event: 9.113 Thread 0x00000001380d2200 4182       3       com.sun.glass.ui.mac.MacView::notifyMouse (100 bytes)
Event: 9.115 Thread 0x00000001380d2200 nmethod 4182 0x000000010ad6dd10 code [0x000000010ad6df40, 0x000000010ad6e508]
Event: 9.115 Thread 0x00000001380d2200 4183       3       com.sun.glass.ui.View::notifyMouse (221 bytes)
Event: 9.116 Thread 0x00000001380d2200 nmethod 4183 0x000000010ad6e810 code [0x000000010ad6ec00, 0x000000010ad700c8]
Event: 9.116 Thread 0x00000001380d2200 4184       3       com.sun.glass.ui.Window::handleMouseEvent (26 bytes)
Event: 9.116 Thread 0x00000001380d2200 nmethod 4184 0x000000010ad70810 code [0x000000010ad709c0, 0x000000010ad70b98]
Event: 9.116 Thread 0x00000001380d2200 4185       3       javafx.beans.property.ReadOnlyBooleanWrapper::getReadOnlyProperty (24 bytes)
Event: 9.117 Thread 0x00000001380d2200 nmethod 4185 0x000000010ad70c90 code [0x000000010ad70e80, 0x000000010ad71328]
Event: 9.134 Thread 0x00000001380d2200 4186       3       jdk.internal.misc.Unsafe::getAndBitwiseAndInt (27 bytes)
Event: 9.134 Thread 0x00000001380d2200 nmethod 4186 0x000000010ad71510 code [0x000000010ad716c0, 0x000000010ad71918]
Event: 9.134 Thread 0x00000001380d1c00 4187       4       com.sun.javafx.css.StyleManager$CacheContainer::getStyleMap (43 bytes)
Event: 9.137 Thread 0x00000001380d2200 4188       3       com.sun.javafx.sg.prism.NGDefaultCamera::validate (71 bytes)

GC Heap History (12 events):
Event: 0.299 GC heap before
{Heap before GC invocations=0 (full 0):
 garbage-first heap   total 133120K, used 23520K [0x0000000780000000, 0x0000000800000000)
  region size 1024K, 23 young (23552K), 0 survivors (0K)
 Metaspace       used 5960K, committed 6144K, reserved 1056768K
  class space    used 673K, committed 768K, reserved 1048576K
}
Event: 0.301 GC heap after
{Heap after GC invocations=1 (full 0):
 garbage-first heap   total 133120K, used 4960K [0x0000000780000000, 0x0000000800000000)
  region size 1024K, 3 young (3072K), 3 survivors (3072K)
 Metaspace       used 5960K, committed 6144K, reserved 1056768K
  class space    used 673K, committed 768K, reserved 1048576K
}
Event: 0.728 GC heap before
{Heap before GC invocations=1 (full 0):
 garbage-first heap   total 133120K, used 45920K [0x0000000780000000, 0x0000000800000000)
  region size 1024K, 43 young (44032K), 3 survivors (3072K)
 Metaspace       used 20903K, committed 21184K, reserved 1073152K
  class space    used 2912K, committed 3072K, reserved 1048576K
}
Event: 0.731 GC heap after
{Heap after GC invocations=2 (full 0):
 garbage-first heap   total 133120K, used 10021K [0x0000000780000000, 0x0000000800000000)
  region size 1024K, 6 young (6144K), 6 survivors (6144K)
 Metaspace       used 20903K, committed 21184K, reserved 1073152K
  class space    used 2912K, committed 3072K, reserved 1048576K
}
Event: 0.741 GC heap before
{Heap before GC invocations=2 (full 0):
 garbage-first heap   total 133120K, used 13093K [0x0000000780000000, 0x0000000800000000)
  region size 1024K, 8 young (8192K), 6 survivors (6144K)
 Metaspace       used 21282K, committed 21504K, reserved 1073152K
  class space    used 2951K, committed 3072K, reserved 1048576K
}
Event: 0.744 GC heap after
{Heap after GC invocations=3 (full 0):
 garbage-first heap   total 133120K, used 13002K [0x0000000780000000, 0x0000000800000000)
  region size 1024K, 4 young (4096K), 4 survivors (4096K)
 Metaspace       used 21282K, committed 21504K, reserved 1073152K
  class space    used 2951K, committed 3072K, reserved 1048576K
}
Event: 2.126 GC heap before
{Heap before GC invocations=4 (full 0):
 garbage-first heap   total 51200K, used 37578K [0x0000000780000000, 0x0000000800000000)
  region size 1024K, 29 young (29696K), 4 survivors (4096K)
 Metaspace       used 22997K, committed 23296K, reserved 1073152K
  class space    used 3111K, committed 3264K, reserved 1048576K
}
Event: 2.129 GC heap after
{Heap after GC invocations=5 (full 0):
 garbage-first heap   total 51200K, used 14788K [0x0000000780000000, 0x0000000800000000)
  region size 1024K, 6 young (6144K), 6 survivors (6144K)
 Metaspace       used 22997K, committed 23296K, reserved 1073152K
  class space    used 3111K, committed 3264K, reserved 1048576K
}
Event: 2.136 GC heap before
{Heap before GC invocations=5 (full 0):
 garbage-first heap   total 51200K, used 15812K [0x0000000780000000, 0x0000000800000000)
  region size 1024K, 7 young (7168K), 6 survivors (6144K)
 Metaspace       used 23153K, committed 23424K, reserved 1073152K
  class space    used 3146K, committed 3264K, reserved 1048576K
}
Event: 2.138 GC heap after
{Heap after GC invocations=6 (full 0):
 garbage-first heap   total 51200K, used 15367K [0x0000000780000000, 0x0000000800000000)
  region size 1024K, 1 young (1024K), 1 survivors (1024K)
 Metaspace       used 23153K, committed 23424K, reserved 1073152K
  class space    used 3146K, committed 3264K, reserved 1048576K
}
Event: 2.875 GC heap before
{Heap before GC invocations=6 (full 0):
 garbage-first heap   total 51200K, used 35847K [0x0000000780000000, 0x0000000800000000)
  region size 1024K, 21 young (21504K), 1 survivors (1024K)
 Metaspace       used 24076K, committed 24384K, reserved 1073152K
  class space    used 3251K, committed 3392K, reserved 1048576K
}
Event: 2.877 GC heap after
{Heap after GC invocations=7 (full 0):
 garbage-first heap   total 51200K, used 15990K [0x0000000780000000, 0x0000000800000000)
  region size 1024K, 2 young (2048K), 2 survivors (2048K)
 Metaspace       used 24076K, committed 24384K, reserved 1073152K
  class space    used 3251K, committed 3392K, reserved 1048576K
}

Deoptimization events (20 events):
Event: 2.863 Thread 0x000000012780e400 DEOPT PACKING pc=0x000000010a933570 sp=0x000000016f7f0ae0
Event: 2.863 Thread 0x000000012780e400 DEOPT UNPACKING pc=0x0000000109f6ab7c sp=0x000000016f7f0780 mode 0
Event: 2.877 Thread 0x000000012780e400 DEOPT PACKING pc=0x000000010a9d09b0 sp=0x000000016f7f04b0
Event: 2.877 Thread 0x000000012780e400 DEOPT UNPACKING pc=0x0000000109f6ab7c sp=0x000000016f7f0150 mode 0
Event: 3.000 Thread 0x0000000121842000 DEOPT PACKING pc=0x000000010ab08754 sp=0x000000017248bf00
Event: 3.000 Thread 0x0000000121842000 DEOPT UNPACKING pc=0x0000000109f6ab7c sp=0x000000017248bb20 mode 0
Event: 3.008 Thread 0x0000000121842000 DEOPT PACKING pc=0x000000010aafa9e0 sp=0x000000017248b9d0
Event: 3.008 Thread 0x0000000121842000 DEOPT UNPACKING pc=0x0000000109f6ab7c sp=0x000000017248b670 mode 0
Event: 3.019 Thread 0x0000000121842000 DEOPT PACKING pc=0x000000010aafa9e0 sp=0x000000017248adb0
Event: 3.019 Thread 0x0000000121842000 DEOPT UNPACKING pc=0x0000000109f6ab7c sp=0x000000017248aa70 mode 0
Event: 3.019 Thread 0x0000000121842000 DEOPT PACKING pc=0x000000010aafa9e0 sp=0x000000017248afb0
Event: 3.019 Thread 0x0000000121842000 DEOPT UNPACKING pc=0x0000000109f6ab7c sp=0x000000017248ac50 mode 0
Event: 3.020 Thread 0x0000000121842000 DEOPT PACKING pc=0x000000010aafa9e0 sp=0x000000017248afb0
Event: 3.020 Thread 0x0000000121842000 DEOPT UNPACKING pc=0x0000000109f6ab7c sp=0x000000017248ac50 mode 0
Event: 3.024 Thread 0x0000000121842000 DEOPT PACKING pc=0x000000010aafa9e0 sp=0x000000017248ae90
Event: 3.024 Thread 0x0000000121842000 DEOPT UNPACKING pc=0x0000000109f6ab7c sp=0x000000017248ab30 mode 0
Event: 3.024 Thread 0x0000000121842000 DEOPT PACKING pc=0x000000010aafa9e0 sp=0x000000017248ac90
Event: 3.024 Thread 0x0000000121842000 DEOPT UNPACKING pc=0x0000000109f6ab7c sp=0x000000017248a950 mode 0
Event: 3.025 Thread 0x0000000121842000 DEOPT PACKING pc=0x000000010aafa9e0 sp=0x000000017248ae90
Event: 3.025 Thread 0x0000000121842000 DEOPT UNPACKING pc=0x0000000109f6ab7c sp=0x000000017248ab30 mode 0

Classes unloaded (0 events):
No events

Classes redefined (0 events):
No events

Internal exceptions (20 events):
Event: 0.632 Thread 0x000000012780e400 Exception <a 'java/lang/NoSuchMethodError'{0x0000000785ff6bc0}: 'java.lang.Object java.lang.invoke.DirectMethodHandle$Holder.invokeInterface(java.lang.Object, java.lang.Object, java.lang.Object)'> (0x0000000785ff6bc0) 
thrown [open/src/hotspot/share/interpreter/linkResolver.cpp, line 766]
Event: 0.632 Thread 0x000000012780e400 Exception <a 'java/lang/IncompatibleClassChangeError'{0x0000000785ffa288}: Found class java.lang.Object, but interface was expected> (0x0000000785ffa288) 
thrown [open/src/hotspot/share/interpreter/linkResolver.cpp, line 833]
Event: 0.645 Thread 0x000000012780e400 Exception <a 'java/lang/ClassNotFoundException'{0x0000000785dfcc68}: com/sun/javafx/scene/control/skin/resources/controls> (0x0000000785dfcc68) 
thrown [open/src/hotspot/share/prims/jni.cpp, line 535]
Event: 0.645 Thread 0x000000012780e400 Exception <a 'java/lang/ClassNotFoundException'{0x0000000785c0bed0}: com/sun/javafx/scene/control/skin/resources/controls_en> (0x0000000785c0bed0) 
thrown [open/src/hotspot/share/prims/jni.cpp, line 535]
Event: 0.645 Thread 0x000000012780e400 Exception <a 'java/lang/ClassNotFoundException'{0x0000000785c0d690}: com/sun/javafx/scene/control/skin/resources/controls_en_GB> (0x0000000785c0d690) 
thrown [open/src/hotspot/share/prims/jni.cpp, line 535]
Event: 0.655 Thread 0x000000012780e400 Implicit null exception at 0x0000000111a521f8 to 0x0000000111a52288
Event: 0.655 Thread 0x000000012780e400 Implicit null exception at 0x0000000111a904d4 to 0x0000000111a907e4
Event: 0.656 Thread 0x000000012780e400 Exception <a 'java/lang/NoSuchMethodError'{0x0000000785bc4718}: 'void java.lang.invoke.DirectMethodHandle$Holder.invokeSpecial(java.lang.Object, java.lang.Object, java.lang.Object, java.lang.Object, java.lang.Object, java.lang.Object)'> (0x0000000785bc4718) 
thrown [open/src/hotspot/share/interpreter/linkResolver.cpp, line 766]
Event: 0.657 Thread 0x000000012780e400 Implicit null exception at 0x0000000111a8a854 to 0x0000000111a8ab58
Event: 0.657 Thread 0x000000012780e400 Implicit null exception at 0x0000000111a0a1d4 to 0x0000000111a0a240
Event: 0.688 Thread 0x000000012780e400 Exception <a 'java/lang/NoSuchMethodError'{0x000000078579dd90}: 'java.lang.Object java.lang.invoke.DirectMethodHandle$Holder.newInvokeSpecial(java.lang.Object, java.lang.Object, int)'> (0x000000078579dd90) 
thrown [open/src/hotspot/share/interpreter/linkResolver.cpp, line 766]
Event: 0.724 Thread 0x000000012780e400 Exception <a 'java/lang/NoSuchMethodError'{0x00000007857fdc48}: 'long java.lang.invoke.DirectMethodHandle$Holder.invokeStatic(java.lang.Object, java.lang.Object, java.lang.Object)'> (0x00000007857fdc48) 
thrown [open/src/hotspot/share/interpreter/linkResolver.cpp, line 766]
Event: 0.724 Thread 0x000000012780e400 Exception <a 'java/lang/NoSuchMethodError'{0x00000007855736b0}: 'long java.lang.invoke.DirectMethodHandle$Holder.invokeStaticInit(java.lang.Object, java.lang.Object, java.lang.Object)'> (0x00000007855736b0) 
thrown [open/src/hotspot/share/interpreter/linkResolver.cpp, line 766]
Event: 0.725 Thread 0x000000012780e400 Exception <a 'java/lang/NoSuchMethodError'{0x000000078558b2b8}: 'java.lang.Object java.lang.invoke.DirectMethodHandle$Holder.newInvokeSpecial(java.lang.Object, java.lang.Object, long)'> (0x000000078558b2b8) 
thrown [open/src/hotspot/share/interpreter/linkResolver.cpp, line 766]
Event: 0.725 Thread 0x000000012780e400 Exception <a 'java/lang/NoSuchMethodError'{0x000000078558eb80}: 'java.lang.Object java.lang.invoke.Invokers$Holder.linkToTargetMethod(java.lang.Object, long, java.lang.Object)'> (0x000000078558eb80) 
thrown [open/src/hotspot/share/interpreter/linkResolver.cpp, line 766]
Event: 1.827 Thread 0x000000012780e400 Exception <a 'java/lang/NoSuchMethodError'{0x000000078270d680}: 'java.lang.Object java.lang.invoke.DirectMethodHandle$Holder.newInvokeSpecial(java.lang.Object, java.lang.Object, int, int, int, int, int, java.lang.Object)'> (0x000000078270d680) 
thrown [open/src/hotspot/share/interpreter/linkResolver.cpp, line 766]
Event: 1.829 Thread 0x000000012780e400 Exception <a 'java/lang/NoSuchMethodError'{0x0000000782720660}: 'java.lang.Object java.lang.invoke.DirectMethodHandle$Holder.newInvokeSpecial(java.lang.Object, java.lang.Object, java.lang.Object, int, int, int, int, int)'> (0x0000000782720660) 
thrown [open/src/hotspot/share/interpreter/linkResolver.cpp, line 766]
Event: 1.829 Thread 0x000000012780e400 Exception <a 'java/lang/NoSuchMethodError'{0x0000000782727ec0}: 'java.lang.Object java.lang.invoke.Invokers$Holder.linkToTargetMethod(java.lang.Object, java.lang.Object, int, int, int, int, int, java.lang.Object)'> (0x0000000782727ec0) 
thrown [open/src/hotspot/share/interpreter/linkResolver.cpp, line 766]
Event: 2.114 Thread 0x000000012780e400 Exception <a 'java/io/FileNotFoundException'{0x00000007814ead58}> (0x00000007814ead58) 
thrown [open/src/hotspot/share/prims/jni.cpp, line 516]
Event: 3.385 Thread 0x000000012780e400 Exception <a 'java/lang/NoSuchMethodError'{0x00000007820764d8}: 'java.lang.Object java.lang.invoke.DirectMethodHandle$Holder.newInvokeSpecial(java.lang.Object, java.lang.Object, int, java.lang.Object, double, double, double, double, double, double, int, int, int, int, int, int, int, int)'> (0x00000007820764d8) 
thrown [open/src/hotspot/share/interpreter/linkResolver.cpp, line 766]

VM Operations (20 events):
Event: 2.748 Executing VM operation: ICBufferFull
Event: 2.748 Executing VM operation: ICBufferFull done
Event: 2.875 Executing VM operation: G1CollectForAllocation
Event: 2.877 Executing VM operation: G1CollectForAllocation done
Event: 2.944 Executing VM operation: ICBufferFull
Event: 2.944 Executing VM operation: ICBufferFull done
Event: 3.006 Executing VM operation: ICBufferFull
Event: 3.006 Executing VM operation: ICBufferFull done
Event: 4.011 Executing VM operation: Cleanup
Event: 4.012 Executing VM operation: Cleanup done
Event: 5.013 Executing VM operation: Cleanup
Event: 5.013 Executing VM operation: Cleanup done
Event: 6.018 Executing VM operation: Cleanup
Event: 6.018 Executing VM operation: Cleanup done
Event: 7.023 Executing VM operation: Cleanup
Event: 7.023 Executing VM operation: Cleanup done
Event: 8.024 Executing VM operation: Cleanup
Event: 8.024 Executing VM operation: Cleanup done
Event: 9.029 Executing VM operation: Cleanup
Event: 9.029 Executing VM operation: Cleanup done

Events (20 events):
Event: 2.130 loading class sun/security/ssl/Alert$Level
Event: 2.130 loading class sun/security/ssl/Alert$Level done
Event: 2.130 loading class java/util/Formatter$FixedString
Event: 2.130 loading class java/util/Formatter$FixedString done
Event: 2.483 Protecting memory [0x00000001726a4000,0x00000001726b0000] with protection modes 3
Event: 2.484 Thread 0x000000013799d400 Thread exited: 0x000000013799d400
Event: 2.550 Protecting memory [0x00000001726a4000,0x00000001726b0000] with protection modes 0
Event: 2.550 Thread 0x0000000122066000 Thread added: 0x0000000122066000
Event: 2.847 loading class java/util/ArrayList$SubList$1
Event: 2.847 loading class java/util/ArrayList$SubList$1 done
Event: 2.847 loading class sun/text/resources/cldr/FormatData_en
Event: 2.847 loading class sun/text/resources/cldr/FormatData_en done
Event: 3.417 Protecting memory [0x00000001726a4000,0x00000001726b0000] with protection modes 3
Event: 3.417 Thread 0x0000000122066000 Thread exited: 0x0000000122066000
Event: 8.383 Protecting memory [0x00000001726a4000,0x00000001726b0000] with protection modes 0
Event: 8.383 Thread 0x0000000126008200 Thread added: 0x0000000126008200
Event: 8.750 Protecting memory [0x00000001726a4000,0x00000001726b0000] with protection modes 3
Event: 8.750 Thread 0x0000000126008200 Thread exited: 0x0000000126008200
Event: 9.133 Protecting memory [0x00000001726a4000,0x00000001726b0000] with protection modes 0
Event: 9.133 Thread 0x0000000131067400 Thread added: 0x0000000131067400


Dynamic libraries:
0x000000010073c000 	/Library/Java/JavaVirtualMachines/jdk-17.jdk/Contents/Home/lib/libjli.dylib
0x00000001b8643000 	/usr/lib/libz.1.dylib
0x00000001b86f3000 	/usr/lib/libSystem.B.dylib
0x00000001b86ed000 	/usr/lib/system/libcache.dylib
0x00000001b86ab000 	/usr/lib/system/libcommonCrypto.dylib
0x00000001b86d4000 	/usr/lib/system/libcompiler_rt.dylib
0x00000001b86cb000 	/usr/lib/system/libcopyfile.dylib
0x00000001ada36000 	/usr/lib/system/libcorecrypto.dylib
0x00000001adadb000 	/usr/lib/system/libdispatch.dylib
0x00000001adca3000 	/usr/lib/system/libdyld.dylib
0x00000001b86e3000 	/usr/lib/system/libkeymgr.dylib
0x00000001b868d000 	/usr/lib/system/libmacho.dylib
0x00000001b7d91000 	/usr/lib/system/libquarantine.dylib
0x00000001b86e0000 	/usr/lib/system/libremovefile.dylib
0x00000001b2e32000 	/usr/lib/system/libsystem_asl.dylib
0x00000001ad9e0000 	/usr/lib/system/libsystem_blocks.dylib
0x00000001adb61000 	/usr/lib/system/libsystem_c.dylib
0x00000001b86d8000 	/usr/lib/system/libsystem_collections.dylib
0x00000001b7250000 	/usr/lib/system/libsystem_configuration.dylib
0x00000001b64d4000 	/usr/lib/system/libsystem_containermanager.dylib
0x00000001b83f4000 	/usr/lib/system/libsystem_coreservices.dylib
0x00000001b03c7000 	/usr/lib/system/libsystem_darwin.dylib
0x00000001b86e4000 	/usr/lib/system/libsystem_dnssd.dylib
0x00000001adb5e000 	/usr/lib/system/libsystem_featureflags.dylib
0x00000001adcb8000 	/usr/lib/system/libsystem_info.dylib
0x00000001b8655000 	/usr/lib/system/libsystem_m.dylib
0x00000001adab0000 	/usr/lib/system/libsystem_malloc.dylib
0x00000001b2dc3000 	/usr/lib/system/libsystem_networkextension.dylib
0x00000001b081b000 	/usr/lib/system/libsystem_notify.dylib
0x00000001be8f9000 	/usr/lib/system/libsystem_product_info_filter.dylib
0x00000001b7255000 	/usr/lib/system/libsystem_sandbox.dylib
0x00000001b86dd000 	/usr/lib/system/libsystem_secinit.dylib
0x00000001adc60000 	/usr/lib/system/libsystem_kernel.dylib
0x00000001adcb0000 	/usr/lib/system/libsystem_platform.dylib
0x00000001adc96000 	/usr/lib/system/libsystem_pthread.dylib
0x00000001b456c000 	/usr/lib/system/libsystem_symptoms.dylib
0x00000001ada1c000 	/usr/lib/system/libsystem_trace.dylib
0x00000001b86b8000 	/usr/lib/system/libunwind.dylib
0x00000001ad9e2000 	/usr/lib/system/libxpc.dylib
0x00000001adc46000 	/usr/lib/libc++abi.dylib
0x00000001adb22000 	/usr/lib/libobjc.A.dylib
0x00000001b86c3000 	/usr/lib/liboah.dylib
0x00000001adbe2000 	/usr/lib/libc++.1.dylib
0x00000001c42f4000 	/System/Library/Frameworks/Cocoa.framework/Versions/A/Cocoa
0x00000001b087b000 	/System/Library/Frameworks/AppKit.framework/Versions/C/AppKit
0x00000001b3dab000 	/System/Library/Frameworks/CoreData.framework/Versions/A/CoreData
0x00000001aebd8000 	/System/Library/Frameworks/Foundation.framework/Versions/C/Foundation
0x00000001b172f000 	/System/Library/PrivateFrameworks/UIFoundation.framework/Versions/A/UIFoundation
0x00000001be5f3000 	/System/Library/PrivateFrameworks/RemoteViewServices.framework/Versions/A/RemoteViewServices
0x00000001b6c0e000 	/System/Library/PrivateFrameworks/XCTTargetBootstrap.framework/Versions/A/XCTTargetBootstrap
0x00000001ba3f4000 	/System/Library/PrivateFrameworks/InternationalSupport.framework/Versions/A/InternationalSupport
0x00000001ba47d000 	/System/Library/PrivateFrameworks/UserActivity.framework/Versions/A/UserActivity
0x00000001b9922000 	/usr/lib/libspindump.dylib
0x00000001b199f000 	/System/Library/Frameworks/UniformTypeIdentifiers.framework/Versions/A/UniformTypeIdentifiers
0x00000001b519b000 	/usr/lib/libapp_launch_measurement.dylib
0x00000001b4713000 	/System/Library/PrivateFrameworks/CoreAnalytics.framework/Versions/A/CoreAnalytics
0x00000001b519e000 	/System/Library/PrivateFrameworks/CoreAutoLayout.framework/Versions/A/CoreAutoLayout
0x00000001b6511000 	/System/Library/Frameworks/Metal.framework/Versions/A/Metal
0x00000001b7260000 	/usr/lib/liblangid.dylib
0x00000001b6c12000 	/System/Library/PrivateFrameworks/CoreSVG.framework/Versions/A/CoreSVG
0x00000001b2e66000 	/System/Library/PrivateFrameworks/SkyLight.framework/Versions/A/SkyLight
0x00000001b3230000 	/System/Library/Frameworks/CoreGraphics.framework/Versions/A/CoreGraphics
0x00000001bec70000 	/System/Library/Frameworks/Accelerate.framework/Versions/A/Accelerate
0x00000001b9396000 	/System/Library/PrivateFrameworks/IconServices.framework/Versions/A/IconServices
0x00000001b64f3000 	/System/Library/Frameworks/IOSurface.framework/Versions/A/IOSurface
0x00000001b4743000 	/usr/lib/libDiagnosticMessagesClient.dylib
0x00000001c20b7000 	/System/Library/Frameworks/ApplicationServices.framework/Versions/A/ApplicationServices
0x00000001b6bf6000 	/System/Library/PrivateFrameworks/DFRFoundation.framework/Versions/A/DFRFoundation
0x00000001b011c000 	/usr/lib/libicucore.A.dylib
0x00000001bb1f5000 	/System/Library/Frameworks/AudioToolbox.framework/Versions/A/AudioToolbox
0x00000001ba400000 	/System/Library/PrivateFrameworks/DataDetectorsCore.framework/Versions/A/DataDetectorsCore
0x00000001d0532000 	/System/Library/PrivateFrameworks/TextInput.framework/Versions/A/TextInput
0x00000001b2ddd000 	/usr/lib/libMobileGestalt.dylib
0x00000001b68c6000 	/System/Library/Frameworks/Carbon.framework/Versions/A/Frameworks/HIToolbox.framework/Versions/A/HIToolbox
0x00000001b4ba4000 	/System/Library/Frameworks/QuartzCore.framework/Versions/A/QuartzCore
0x00000001afd99000 	/System/Library/Frameworks/Security.framework/Versions/A/Security
0x00000001be633000 	/System/Library/Frameworks/Carbon.framework/Versions/A/Frameworks/SpeechRecognition.framework/Versions/A/SpeechRecognition
0x00000001b4ef2000 	/System/Library/PrivateFrameworks/CoreUI.framework/Versions/A/CoreUI
0x00000001af66a000 	/System/Library/Frameworks/CoreAudio.framework/Versions/A/CoreAudio
0x00000001b4837000 	/System/Library/Frameworks/DiskArbitration.framework/Versions/A/DiskArbitration
0x00000001b9d07000 	/System/Library/PrivateFrameworks/MultitouchSupport.framework/Versions/A/MultitouchSupport
0x00000001b2ddb000 	/usr/lib/libenergytrace.dylib
0x00000001b0745000 	/System/Library/Frameworks/IOKit.framework/Versions/A/IOKit
0x00000001bea1c000 	/System/Library/Frameworks/CoreServices.framework/Versions/A/CoreServices
0x00000001b512b000 	/System/Library/PrivateFrameworks/PerformanceAnalysis.framework/Versions/A/PerformanceAnalysis
0x000000020f0a5000 	/System/Library/Frameworks/OpenGL.framework/Versions/A/OpenGL
0x00000001b7cb1000 	/System/Library/PrivateFrameworks/MobileKeyBag.framework/Versions/A/MobileKeyBag
0x00000001b3840000 	/System/Library/Frameworks/ColorSync.framework/Versions/A/ColorSync
0x00000001adce4000 	/System/Library/Frameworks/CoreFoundation.framework/Versions/A/CoreFoundation
0x00000001b6e93000 	/System/Library/Frameworks/CoreImage.framework/Versions/A/CoreImage
0x00000001af48d000 	/System/Library/Frameworks/CoreText.framework/Versions/A/CoreText
0x00000001b6c42000 	/System/Library/Frameworks/ImageIO.framework/Versions/A/ImageIO
0x00000001b86f9000 	/System/Library/PrivateFrameworks/SoftLinking.framework/Versions/A/SoftLinking
0x00000001b51e8000 	/usr/lib/libxml2.2.dylib
0x00000001b8992000 	/usr/lib/libcompression.dylib
0x00000001ba34d000 	/System/Library/PrivateFrameworks/TextureIO.framework/Versions/A/TextureIO
0x00000001b90b0000 	/usr/lib/libate.dylib
0x00000001b8f78000 	/usr/lib/liblzma.5.dylib
0x00000001ae8cc000 	/System/Library/Frameworks/SystemConfiguration.framework/Versions/A/SystemConfiguration
0x00000001b86f5000 	/usr/lib/libfakelink.dylib
0x00000001b290a000 	/System/Library/Frameworks/CFNetwork.framework/Versions/A/CFNetwork
0x00000001b883c000 	/usr/lib/libarchive.2.dylib
0x00000001b725c000 	/System/Library/PrivateFrameworks/AppleSystemInfo.framework/Versions/A/AppleSystemInfo
0x00000001b7dbc000 	/usr/lib/libbsm.0.dylib
0x00000001b1e42000 	/usr/lib/libnetwork.dylib
0x00000001b8693000 	/usr/lib/system/libkxld.dylib
0x00000001b79d3000 	/System/Library/PrivateFrameworks/IOMobileFramebuffer.framework/Versions/A/IOMobileFramebuffer
0x000000022ae0a000 	/usr/lib/libCoreEntitlements.dylib
0x00000001b83d6000 	/System/Library/PrivateFrameworks/AppleFSCompression.framework/Versions/A/AppleFSCompression
0x00000001b7da4000 	/usr/lib/libcoretls.dylib
0x00000001b8f91000 	/usr/lib/libcoretls_cfhelpers.dylib
0x00000001b898d000 	/usr/lib/libpam.2.dylib
0x00000001b4194000 	/usr/lib/libsqlite3.dylib
0x00000001b8ff9000 	/usr/lib/libxar.1.dylib
0x00000001b83e7000 	/usr/lib/libbz2.1.0.dylib
0x00000001b86fa000 	/usr/lib/libpcap.A.dylib
0x00000001b4563000 	/usr/lib/libdns_services.dylib
0x00000001b8960000 	/usr/lib/libapple_nghttp2.dylib
0x00000001b8737000 	/usr/lib/libiconv.2.dylib
0x00000001b868c000 	/usr/lib/libcharset.1.dylib
0x00000001b5167000 	/System/Library/Frameworks/CoreServices.framework/Versions/A/Frameworks/FSEvents.framework/Versions/A/FSEvents
0x00000001b03d2000 	/System/Library/Frameworks/CoreServices.framework/Versions/A/Frameworks/CarbonCore.framework/Versions/A/CarbonCore
0x00000001b479a000 	/System/Library/Frameworks/CoreServices.framework/Versions/A/Frameworks/Metadata.framework/Versions/A/Metadata
0x00000001b83fa000 	/System/Library/Frameworks/CoreServices.framework/Versions/A/Frameworks/OSServices.framework/Versions/A/OSServices
0x00000001b88c2000 	/System/Library/Frameworks/CoreServices.framework/Versions/A/Frameworks/SearchKit.framework/Versions/A/SearchKit
0x00000001b44f1000 	/System/Library/Frameworks/CoreServices.framework/Versions/A/Frameworks/AE.framework/Versions/A/AE
0x00000001ae228000 	/System/Library/Frameworks/CoreServices.framework/Versions/A/Frameworks/LaunchServices.framework/Versions/A/LaunchServices
0x00000001b8f21000 	/System/Library/Frameworks/CoreServices.framework/Versions/A/Frameworks/DictionaryServices.framework/Versions/A/DictionaryServices
0x00000001b5174000 	/System/Library/Frameworks/CoreServices.framework/Versions/A/Frameworks/SharedFileList.framework/Versions/A/SharedFileList
0x00000001b7d94000 	/usr/lib/libCheckFix.dylib
0x00000001b2e4a000 	/System/Library/PrivateFrameworks/TCC.framework/Versions/A/TCC
0x00000001b7262000 	/System/Library/PrivateFrameworks/CoreNLP.framework/Versions/A/CoreNLP
0x00000001b4746000 	/System/Library/PrivateFrameworks/MetadataUtilities.framework/Versions/A/MetadataUtilities
0x00000001ae985000 	/usr/lib/libmecabra.dylib
0x00000001b7dcd000 	/usr/lib/libmecab.dylib
0x00000001ae951000 	/usr/lib/libCRFSuite.dylib
0x00000001b7e2b000 	/usr/lib/libgermantok.dylib
0x00000001b8939000 	/usr/lib/libThaiTokenizer.dylib
0x00000001b483f000 	/System/Library/Frameworks/Accelerate.framework/Versions/A/Frameworks/vImage.framework/Versions/A/vImage
0x00000001be9f3000 	/System/Library/Frameworks/Accelerate.framework/Versions/A/Frameworks/vecLib.framework/Versions/A/vecLib
0x00000001b903d000 	/System/Library/Frameworks/Accelerate.framework/Versions/A/Frameworks/vecLib.framework/Versions/A/libvMisc.dylib
0x00000001b78dd000 	/System/Library/Frameworks/Accelerate.framework/Versions/A/Frameworks/vecLib.framework/Versions/A/libvDSP.dylib
0x00000001ae5ab000 	/System/Library/Frameworks/Accelerate.framework/Versions/A/Frameworks/vecLib.framework/Versions/A/libBLAS.dylib
0x00000001b8a61000 	/System/Library/Frameworks/Accelerate.framework/Versions/A/Frameworks/vecLib.framework/Versions/A/libLAPACK.dylib
0x00000001b7e2e000 	/System/Library/Frameworks/Accelerate.framework/Versions/A/Frameworks/vecLib.framework/Versions/A/libLinearAlgebra.dylib
0x00000001b8978000 	/System/Library/Frameworks/Accelerate.framework/Versions/A/Frameworks/vecLib.framework/Versions/A/libSparseBLAS.dylib
0x00000001b8a5c000 	/System/Library/Frameworks/Accelerate.framework/Versions/A/Frameworks/vecLib.framework/Versions/A/libQuadrature.dylib
0x00000001b7359000 	/System/Library/Frameworks/Accelerate.framework/Versions/A/Frameworks/vecLib.framework/Versions/A/libBNNS.dylib
0x00000001ae869000 	/System/Library/Frameworks/Accelerate.framework/Versions/A/Frameworks/vecLib.framework/Versions/A/libSparse.dylib
0x00000001b7351000 	/System/Library/PrivateFrameworks/LinguisticData.framework/Versions/A/LinguisticData
0x00000001ae81f000 	/System/Library/PrivateFrameworks/Lexicon.framework/Versions/A/Lexicon
0x00000001b9035000 	/usr/lib/libChineseTokenizer.dylib
0x00000001aefc6000 	/System/Library/PrivateFrameworks/LanguageModeling.framework/Versions/A/LanguageModeling
0x00000001b893b000 	/System/Library/PrivateFrameworks/AppleSauce.framework/Versions/A/AppleSauce
0x00000001b79c0000 	/System/Library/PrivateFrameworks/CoreEmoji.framework/Versions/A/CoreEmoji
0x00000001b882a000 	/usr/lib/libcmph.dylib
0x00000001b5147000 	/System/Library/Frameworks/OpenDirectory.framework/Versions/A/Frameworks/CFOpenDirectory.framework/Versions/A/CFOpenDirectory
0x00000001b5137000 	/System/Library/Frameworks/OpenDirectory.framework/Versions/A/OpenDirectory
0x00000001b8f93000 	/System/Library/PrivateFrameworks/APFS.framework/Versions/A/APFS
0x00000001b7cec000 	/System/Library/Frameworks/SecurityFoundation.framework/Versions/A/SecurityFoundation
0x00000001b9007000 	/usr/lib/libutil.dylib
0x00000001b0707000 	/System/Library/PrivateFrameworks/CoreServicesStore.framework/Versions/A/CoreServicesStore
0x00000001b900b000 	/usr/lib/libxslt.1.dylib
0x00000001b7d80000 	/System/Library/PrivateFrameworks/BackgroundTaskManagement.framework/Versions/A/BackgroundTaskManagement
0x00000001ba26e000 	/System/Library/Frameworks/ImageIO.framework/Versions/A/Resources/libRadiance.dylib
0x00000001ba277000 	/System/Library/Frameworks/ImageIO.framework/Versions/A/Resources/libJPEG.dylib
0x00000001ba1c9000 	/System/Library/Frameworks/ImageIO.framework/Versions/A/Resources/libPng.dylib
0x00000001ba1eb000 	/System/Library/Frameworks/ImageIO.framework/Versions/A/Resources/libTIFF.dylib
0x00000001ba2d2000 	/System/Library/Frameworks/ImageIO.framework/Versions/A/Resources/libGIF.dylib
0x00000001b9c17000 	/System/Library/Frameworks/ImageIO.framework/Versions/A/Resources/libJP2.dylib
0x00000001b935c000 	/usr/lib/libexpat.1.dylib
0x00000001b9bd2000 	/System/Library/PrivateFrameworks/AppleJPEG.framework/Versions/A/AppleJPEG
0x00000001b6785000 	/System/Library/PrivateFrameworks/FontServices.framework/libFontParser.dylib
0x00000001b4496000 	/System/Library/PrivateFrameworks/RunningBoardServices.framework/Versions/A/RunningBoardServices
0x00000001c4967000 	/System/Library/PrivateFrameworks/IOSurfaceAccelerator.framework/Versions/A/IOSurfaceAccelerator
0x00000001b9d03000 	/System/Library/PrivateFrameworks/WatchdogClient.framework/Versions/A/WatchdogClient
0x00000001af0ca000 	/System/Library/Frameworks/CoreDisplay.framework/Versions/A/CoreDisplay
0x00000001b6673000 	/System/Library/Frameworks/CoreMedia.framework/Versions/A/CoreMedia
0x00000001b6507000 	/System/Library/PrivateFrameworks/IOAccelerator.framework/Versions/A/IOAccelerator
0x00000001b52d5000 	/System/Library/Frameworks/CoreVideo.framework/Versions/A/CoreVideo
0x00000001b898b000 	/System/Library/Frameworks/MetalPerformanceShaders.framework/Versions/A/MetalPerformanceShaders
0x00000001b9d40000 	/System/Library/Frameworks/VideoToolbox.framework/Versions/A/VideoToolbox
0x00000001b43da000 	/System/Library/PrivateFrameworks/BaseBoard.framework/Versions/A/BaseBoard
0x00000001b4179000 	/System/Library/PrivateFrameworks/ProtocolBuffer.framework/Versions/A/ProtocolBuffer
0x00000001ba269000 	/System/Library/PrivateFrameworks/GPUWrangler.framework/Versions/A/GPUWrangler
0x00000001ba248000 	/System/Library/PrivateFrameworks/IOPresentment.framework/Versions/A/IOPresentment
0x00000001ba271000 	/System/Library/PrivateFrameworks/DSExternalDisplay.framework/Versions/A/DSExternalDisplay
0x000000020f098000 	/System/Library/Frameworks/OpenGL.framework/Versions/A/Libraries/libCoreFSCache.dylib
0x0000000218859000 	/System/Library/PrivateFrameworks/GPUCompiler.framework/Versions/31001/Libraries/libGPUCompilerUtils.dylib
0x00000001ba2d7000 	/System/Library/PrivateFrameworks/CMCaptureCore.framework/Versions/A/CMCaptureCore
0x00000001b9910000 	/System/Library/PrivateFrameworks/AppServerSupport.framework/Versions/A/AppServerSupport
0x00000001bbab0000 	/System/Library/PrivateFrameworks/perfdata.framework/Versions/A/perfdata
0x00000001af1ea000 	/System/Library/PrivateFrameworks/AudioToolboxCore.framework/Versions/A/AudioToolboxCore
0x00000001b664b000 	/System/Library/PrivateFrameworks/caulk.framework/Versions/A/caulk
0x00000001bb3a5000 	/usr/lib/libAudioStatistics.dylib
0x00000001cccab000 	/System/Library/PrivateFrameworks/SystemPolicy.framework/Versions/A/SystemPolicy
0x00000001bb605000 	/usr/lib/libSMC.dylib
0x00000001c41d6000 	/System/Library/Frameworks/CoreMIDI.framework/Versions/A/CoreMIDI
0x00000001ba197000 	/usr/lib/libAudioToolboxUtility.dylib
0x00000001c90e4000 	/System/Library/PrivateFrameworks/OSAServicesClient.framework/Versions/A/OSAServicesClient
0x00000001bbabd000 	/usr/lib/libperfcheck.dylib
0x00000001cd7ae000 	/usr/lib/libmis.dylib
0x000000020f0f9000 	/System/Library/Frameworks/OpenGL.framework/Versions/A/Libraries/libGLU.dylib
0x000000020f0b8000 	/System/Library/Frameworks/OpenGL.framework/Versions/A/Libraries/libGFXShared.dylib
0x000000020f2a2000 	/System/Library/Frameworks/OpenGL.framework/Versions/A/Libraries/libGL.dylib
0x000000020f0c1000 	/System/Library/Frameworks/OpenGL.framework/Versions/A/Libraries/libGLImage.dylib
0x000000020f0b5000 	/System/Library/Frameworks/OpenGL.framework/Versions/A/Libraries/libCVMSPluginSupport.dylib
0x000000020f09f000 	/System/Library/Frameworks/OpenGL.framework/Versions/A/Libraries/libCoreVMClient.dylib
0x00000001b71dd000 	/System/Library/Frameworks/MetalPerformanceShaders.framework/Versions/A/Frameworks/MPSCore.framework/Versions/A/MPSCore
0x00000001b8349000 	/System/Library/Frameworks/MetalPerformanceShaders.framework/Versions/A/Frameworks/MPSImage.framework/Versions/A/MPSImage
0x00000001b7e43000 	/System/Library/Frameworks/MetalPerformanceShaders.framework/Versions/A/Frameworks/MPSNeuralNetwork.framework/Versions/A/MPSNeuralNetwork
0x00000001b8280000 	/System/Library/Frameworks/MetalPerformanceShaders.framework/Versions/A/Frameworks/MPSMatrix.framework/Versions/A/MPSMatrix
0x00000001b805b000 	/System/Library/Frameworks/MetalPerformanceShaders.framework/Versions/A/Frameworks/MPSRayIntersector.framework/Versions/A/MPSRayIntersector
0x00000001b82b1000 	/System/Library/Frameworks/MetalPerformanceShaders.framework/Versions/A/Frameworks/MPSNDArray.framework/Versions/A/MPSNDArray
0x0000000210dcf000 	/System/Library/Frameworks/MetalPerformanceShaders.framework/Versions/A/Frameworks/MPSFunctions.framework/Versions/A/MPSFunctions
0x00000001ae489000 	/System/Library/PrivateFrameworks/MetalTools.framework/Versions/A/MetalTools
0x00000001b725a000 	/System/Library/PrivateFrameworks/AggregateDictionary.framework/Versions/A/AggregateDictionary
0x00000001b9142000 	/usr/lib/libIOReport.dylib
0x00000001c31bd000 	/System/Library/PrivateFrameworks/ASEProcessing.framework/Versions/A/ASEProcessing
0x00000001b94b5000 	/System/Library/PrivateFrameworks/FaceCore.framework/Versions/A/FaceCore
0x00000001b94a7000 	/System/Library/PrivateFrameworks/GraphVisualizer.framework/Versions/A/GraphVisualizer
0x0000000218770000 	/System/Library/PrivateFrameworks/FontServices.framework/Versions/A/FontServices
0x00000001b98ca000 	/System/Library/PrivateFrameworks/OTSVG.framework/Versions/A/OTSVG
0x00000001b4ea3000 	/System/Library/Frameworks/ApplicationServices.framework/Versions/A/Frameworks/ATS.framework/Versions/A/Resources/libFontRegistry.dylib
0x00000001b9919000 	/System/Library/PrivateFrameworks/FontServices.framework/libhvf.dylib
0x0000000218771000 	/System/Library/PrivateFrameworks/FontServices.framework/libXTFontStaticRegistryData.dylib
0x000000020f444000 	/System/Library/Frameworks/OpenCL.framework/Versions/A/OpenCL
0x00000001b9310000 	/System/Library/PrivateFrameworks/AppleVA.framework/Versions/A/AppleVA
0x00000001bb3cd000 	/System/Library/Frameworks/ApplicationServices.framework/Versions/A/Frameworks/ATS.framework/Versions/A/ATS
0x00000001b393d000 	/System/Library/Frameworks/ApplicationServices.framework/Versions/A/Frameworks/HIServices.framework/Versions/A/HIServices
0x00000001ba2e1000 	/System/Library/Frameworks/ApplicationServices.framework/Versions/A/Frameworks/PrintCore.framework/Versions/A/PrintCore
0x00000001bb758000 	/System/Library/Frameworks/ApplicationServices.framework/Versions/A/Frameworks/QD.framework/Versions/A/QD
0x00000001bb750000 	/System/Library/Frameworks/ApplicationServices.framework/Versions/A/Frameworks/ColorSyncLegacy.framework/Versions/A/ColorSyncLegacy
0x00000001bb3b9000 	/System/Library/Frameworks/ApplicationServices.framework/Versions/A/Frameworks/SpeechSynthesis.framework/Versions/A/SpeechSynthesis
0x00000001ba2a2000 	/System/Library/Frameworks/ApplicationServices.framework/Versions/A/Frameworks/ATSUI.framework/Versions/A/ATSUI
0x00000001bb6e5000 	/usr/lib/libcups.2.dylib
0x00000001bbacb000 	/System/Library/Frameworks/Kerberos.framework/Versions/A/Kerberos
0x00000001bbadc000 	/System/Library/Frameworks/GSS.framework/Versions/A/GSS
0x00000001bb43c000 	/usr/lib/libresolv.9.dylib
0x00000001b9927000 	/System/Library/PrivateFrameworks/Heimdal.framework/Versions/A/Heimdal
0x00000001c242d000 	/System/Library/Frameworks/Kerberos.framework/Versions/A/Libraries/libHeimdalProxy.dylib
0x00000001b4575000 	/System/Library/Frameworks/Network.framework/Versions/A/Network
0x00000001b9377000 	/usr/lib/libheimdal-asn1.dylib
0x00000001bbb22000 	/System/Library/PrivateFrameworks/CommonAuth.framework/Versions/A/CommonAuth
0x00000001bb333000 	/System/Library/PrivateFrameworks/AudioSession.framework/Versions/A/AudioSession
0x00000001b9408000 	/System/Library/PrivateFrameworks/MediaExperience.framework/Versions/A/MediaExperience
0x00000001bb1bb000 	/System/Library/PrivateFrameworks/AudioSession.framework/libSessionUtility.dylib
0x00000001bb764000 	/System/Library/PrivateFrameworks/AudioResourceArbitration.framework/Versions/A/AudioResourceArbitration
0x00000001bf86f000 	/System/Library/PrivateFrameworks/PowerLog.framework/Versions/A/PowerLog
0x00000001b9380000 	/System/Library/PrivateFrameworks/IconFoundation.framework/Versions/A/IconFoundation
0x00000001be61f000 	/System/Library/PrivateFrameworks/SpeechRecognitionCore.framework/Versions/A/SpeechRecognitionCore
0x00000001018cc000 	/Library/Java/JavaVirtualMachines/jdk-17.jdk/Contents/Home/lib/server/libjvm.dylib
0x00000001007a0000 	/Library/Java/JavaVirtualMachines/jdk-17.jdk/Contents/Home/lib/libjimage.dylib
0x00000001007cc000 	/Library/Java/JavaVirtualMachines/jdk-17.jdk/Contents/Home/lib/libinstrument.dylib
0x0000000100818000 	/Library/Java/JavaVirtualMachines/jdk-17.jdk/Contents/Home/lib/libjava.dylib
0x00000001008f4000 	/Library/Java/JavaVirtualMachines/jdk-17.jdk/Contents/Home/lib/libnio.dylib
0x00000001017b8000 	/Library/Java/JavaVirtualMachines/jdk-17.jdk/Contents/Home/lib/libnet.dylib
0x0000000100800000 	/Library/Java/JavaVirtualMachines/jdk-17.jdk/Contents/Home/lib/libzip.dylib
0x0000000100914000 	/Library/Java/JavaVirtualMachines/jdk-17.jdk/Contents/Home/lib/libextnet.dylib
0x00000001017dc000 	/Users/mohammedjammeh/Documents/javafx-sdk-17.0.0.1/lib/libprism_es2.dylib
0x00000001b06ca000 	/System/Library/PrivateFrameworks/CoreServicesInternal.framework/Versions/A/CoreServicesInternal
0x000000020f2ac000 	/System/Library/Frameworks/OpenGL.framework/Versions/A/Resources/GLEngine.bundle/GLEngine
0x000000020f133000 	/System/Library/Frameworks/OpenGL.framework/Versions/A/Libraries/libGLProgrammability.dylib
0x000000011ef2c000 	/System/Library/Extensions/AppleMetalOpenGLRenderer.bundle/Contents/MacOS/AppleMetalOpenGLRenderer
0x000000020f41b000 	/System/Library/Frameworks/OpenGL.framework/Versions/A/Resources/GLRendererFloat.bundle/GLRendererFloat
0x000000020f4bc000 	/System/Library/Extensions/AGXMetal13_3.bundle/Contents/MacOS/AGXMetal13_3
0x00000001cd7ca000 	/System/Library/PrivateFrameworks/GPURawCounter.framework/Versions/A/GPURawCounter
0x00000001c826b000 	/System/Library/PrivateFrameworks/IOGPU.framework/Versions/A/IOGPU
0x0000000121528000 	/Users/mohammedjammeh/Documents/javafx-sdk-17.0.0.1/lib/libglass.dylib
0x00000001bfac3000 	/System/Library/Frameworks/FileProvider.framework/Versions/A/FileProvider
0x00000001b4342000 	/System/Library/Frameworks/Accounts.framework/Versions/A/Accounts
0x00000001bfc43000 	/System/Library/PrivateFrameworks/GenerationalStorage.framework/Versions/A/GenerationalStorage
0x00000001c07f9000 	/System/Library/PrivateFrameworks/CoreSymbolication.framework/Versions/A/CoreSymbolication
0x00000001bf863000 	/System/Library/PrivateFrameworks/SymptomDiagnosticReporter.framework/Versions/A/SymptomDiagnosticReporter
0x00000001b19b3000 	/System/Library/PrivateFrameworks/DesktopServicesPriv.framework/Versions/A/DesktopServicesPriv
0x00000001b082a000 	/usr/lib/libsandbox.1.dylib
0x00000001b5362000 	/System/Library/PrivateFrameworks/UserManagement.framework/Versions/A/UserManagement
0x00000001c07ba000 	/System/Library/PrivateFrameworks/DebugSymbols.framework/Versions/A/DebugSymbols
0x00000001bb743000 	/System/Library/PrivateFrameworks/NetAuth.framework/Versions/A/NetAuth
0x00000001bc648000 	/System/Library/PrivateFrameworks/Sharing.framework/Versions/A/Sharing
0x00000001b5332000 	/System/Library/PrivateFrameworks/login.framework/Versions/A/Frameworks/loginsupport.framework/Versions/A/loginsupport
0x00000001c1971000 	/System/Library/PrivateFrameworks/Apple80211.framework/Versions/A/Apple80211
0x00000001b842d000 	/System/Library/PrivateFrameworks/AuthKit.framework/Versions/A/AuthKit
0x00000001b7abf000 	/System/Library/PrivateFrameworks/CoreUtils.framework/Versions/A/CoreUtils
0x00000001b79df000 	/System/Library/Frameworks/CoreWLAN.framework/Versions/A/CoreWLAN
0x00000001bc7b2000 	/System/Library/Frameworks/IOBluetooth.framework/Versions/A/IOBluetooth
0x00000001c19d1000 	/System/Library/PrivateFrameworks/CoreWiFi.framework/Versions/A/CoreWiFi
0x00000001c03a1000 	/System/Library/PrivateFrameworks/FrontBoardServices.framework/Versions/A/FrontBoardServices
0x00000001c0439000 	/System/Library/PrivateFrameworks/BoardServices.framework/Versions/A/BoardServices
0x00000001b7cda000 	/System/Library/PrivateFrameworks/AssertionServices.framework/Versions/A/AssertionServices
0x00000001c1b3f000 	/System/Library/PrivateFrameworks/BackBoardServices.framework/Versions/A/BackBoardServices
0x00000001bbbb5000 	/System/Library/PrivateFrameworks/CorePhoneNumbers.framework/Versions/A/CorePhoneNumbers
0x00000001bf993000 	/System/Library/PrivateFrameworks/DiskManagement.framework/Versions/A/DiskManagement
0x00000001bf896000 	/System/Library/PrivateFrameworks/AppleIDAuthSupport.framework/Versions/A/AppleIDAuthSupport
0x0000000213098000 	/System/Library/PrivateFrameworks/AAAFoundation.framework/Versions/A/AAAFoundation
0x00000001bbb94000 	/System/Library/PrivateFrameworks/KeychainCircle.framework/Versions/A/KeychainCircle
0x00000001bf95f000 	/System/Library/PrivateFrameworks/MediaKit.framework/Versions/A/MediaKit
0x00000001bf8a3000 	/System/Library/Frameworks/DiscRecording.framework/Versions/A/DiscRecording
0x00000001b928c000 	/usr/lib/libCoreStorage.dylib
0x00000001c1e3b000 	/usr/lib/libcsfde.dylib
0x00000001bc887000 	/System/Library/PrivateFrameworks/ProtectedCloudStorage.framework/Versions/A/ProtectedCloudStorage
0x00000001c1e33000 	/System/Library/PrivateFrameworks/EFILogin.framework/Versions/A/EFILogin
0x00000001bfc6a000 	/System/Library/PrivateFrameworks/OctagonTrust.framework/Versions/A/OctagonTrust
0x00000002179bc000 	/System/Library/PrivateFrameworks/CoreUtilsExtras.framework/Versions/A/CoreUtilsExtras
0x00000001bf7d9000 	/System/Library/Frameworks/CoreBluetooth.framework/Versions/A/CoreBluetooth
0x00000001c24b2000 	/System/Library/Frameworks/AudioUnit.framework/Versions/A/AudioUnit
0x00000001b9284000 	/usr/lib/libMatch.1.dylib
0x00000001d1aad000 	/System/Library/Frameworks/Accelerate.framework/Versions/A/Frameworks/vImage.framework/Versions/A/Libraries/libCGInterfaces.dylib
0x00000001217dc000 	/usr/lib/libobjc-trampolines.dylib
0x000000022af84000 	/usr/lib/libRosetta.dylib
0x00000001b502f000 	/System/Library/PrivateFrameworks/ViewBridge.framework/Versions/A/ViewBridge
0x00000001b99d5000 	/System/Library/PrivateFrameworks/login.framework/Versions/A/login
0x00000001b914b000 	/System/Library/PrivateFrameworks/CrashReporterSupport.framework/Versions/A/CrashReporterSupport
0x00000001d946d000 	/System/Library/PrivateFrameworks/OSAnalytics.framework/Versions/A/OSAnalytics
0x00000001e44b1000 	/System/Library/PrivateFrameworks/Symbolication.framework/Versions/A/Symbolication
0x00000001cd78b000 	/System/Library/PrivateFrameworks/MallocStackLogging.framework/Versions/A/MallocStackLogging
0x0000000125f70000 	/Users/mohammedjammeh/Documents/javafx-sdk-17.0.0.1/lib/libjavafx_font.dylib


VM Arguments:
jvm_args: --module-path=/Users/mohammedjammeh/Documents/javafx-sdk-17.0.0.1/lib --add-modules=javafx.controls,javafx.fxml -Djava.library.path=/Users/mohammedjammeh/Documents/javafx-sdk-17.0.0.1/lib -javaagent:/Applications/IntelliJ IDEA.app/Contents/lib/idea_rt.jar=49765:/Applications/IntelliJ IDEA.app/Contents/bin -Dfile.encoding=UTF-8 
java_command: com.projects.gamcare.Main
java_class_path (initial): /Users/mohammedjammeh/IdeaProjects/GamCare/target/classes:/Users/mohammedjammeh/Documents/javafx-sdk-17.0.0.1/lib/javafx-swt.jar:/Users/mohammedjammeh/Documents/javafx-sdk-17.0.0.1/lib/javafx.web.jar:/Users/mohammedjammeh/Documents/javafx-sdk-17.0.0.1/lib/javafx.base.jar:/Users/mohammedjammeh/Documents/javafx-sdk-17.0.0.1/lib/javafx.fxml.jar:/Users/mohammedjammeh/Documents/javafx-sdk-17.0.0.1/lib/javafx.media.jar:/Users/mohammedjammeh/Documents/javafx-sdk-17.0.0.1/lib/javafx.swing.jar:/Users/mohammedjammeh/Documents/javafx-sdk-17.0.0.1/lib/javafx.controls.jar:/Users/mohammedjammeh/Documents/javafx-sdk-17.0.0.1/lib/javafx.graphics.jar:/Users/mohammedjammeh/IdeaProjects/GamCare/lib/mysql-connector-java-8.0.27.jar:/Users/mohammedjammeh/.m2/repository/org/openjfx/javafx-controls/11.0.2/javafx-controls-11.0.2.jar:/Users/mohammedjammeh/.m2/repository/org/openjfx/javafx-controls/11.0.2/javafx-controls-11.0.2-mac.jar:/Users/mohammedjammeh/.m2/repository/org/openjfx/javafx-graphics/11.0.2/javafx-graphics-11.0.2.jar:/Users/mohammedjammeh/.m2/repository/org/openjfx/javafx-graphics/11.0.2/javafx-graphics-11.0.2-mac.jar:/Users/mohammedjammeh/.m2/repository/org/openjfx/javafx-base/11.0.2/javafx-base-11.0.2.jar:/Users/mohammedjammeh/.m2/repository/org/openjfx/javafx-base/11.0.2/javafx-base-11.0.2-mac.jar:/Users/mohammedjammeh/.m2/repository/org/openjfx/javafx-fxml/11.0.2/javafx-fxml-11.0.2.jar:/Users/mohammedjammeh/.m2/repository/org/openjfx/javafx-fxml/11.0.2/javafx-fxml-11.0.2-mac.jar
Launcher Type: SUN_STANDARD

[Global flags]
     intx CICompilerCount                          = 4                                         {product} {ergonomic}
     uint ConcGCThreads                            = 2                                         {product} {ergonomic}
     uint G1ConcRefinementThreads                  = 8                                         {product} {ergonomic}
   size_t G1HeapRegionSize                         = 1048576                                   {product} {ergonomic}
    uintx GCDrainStackTargetSize                   = 64                                        {product} {ergonomic}
   size_t InitialHeapSize                          = 134217728                                 {product} {ergonomic}
   size_t MarkStackSize                            = 4194304                                   {product} {ergonomic}
   size_t MaxHeapSize                              = 2147483648                                {product} {ergonomic}
   size_t MaxNewSize                               = 1287651328                                {product} {ergonomic}
   size_t MinHeapDeltaBytes                        = 1048576                                   {product} {ergonomic}
   size_t MinHeapSize                              = 8388608                                   {product} {ergonomic}
    uintx NonNMethodCodeHeapSize                   = 5839564                                {pd product} {ergonomic}
    uintx NonProfiledCodeHeapSize                  = 122909338                              {pd product} {ergonomic}
    uintx ProfiledCodeHeapSize                     = 122909338                              {pd product} {ergonomic}
    uintx ReservedCodeCacheSize                    = 251658240                              {pd product} {ergonomic}
     bool SegmentedCodeCache                       = true                                      {product} {ergonomic}
   size_t SoftMaxHeapSize                          = 2147483648                             {manageable} {ergonomic}
     bool UseCompressedClassPointers               = true                           {product lp64_product} {ergonomic}
     bool UseCompressedOops                        = true                           {product lp64_product} {ergonomic}
     bool UseG1GC                                  = true                                      {product} {ergonomic}
     bool UseNUMA                                  = false                                     {product} {ergonomic}
     bool UseNUMAInterleaving                      = false                                     {product} {ergonomic}

Logging:
Log output configuration:
 #0: stdout all=warning uptime,level,tags
 #1: stderr all=off uptime,level,tags

Environment Variables:
PATH=/opt/homebrew/opt/openjdk/bin:/opt/homebrew/bin:/usr/local/bin:/usr/bin:/bin:/usr/sbin:/sbin
SHELL=/bin/zsh
LC_CTYPE=en_GB.UTF-8

Signal Handlers:
   SIGSEGV: _ZL13crash_handleriP9__siginfoPv in libjvm.dylib, mask=11100110000111110111111111111111, flags=SA_RESTART|SA_SIGINFO
    SIGBUS: _ZL13crash_handleriP9__siginfoPv in libjvm.dylib, mask=11100110000111110111111111111111, flags=SA_RESTART|SA_SIGINFO
    SIGFPE: _ZL13crash_handleriP9__siginfoPv in libjvm.dylib, mask=11100110000111110111111111111111, flags=SA_RESTART|SA_SIGINFO
   SIGPIPE: _ZL17javaSignalHandleriP9__siginfoPv in libjvm.dylib, mask=11100110000111110111111111111111, flags=SA_RESTART|SA_SIGINFO
   SIGXFSZ: _ZL17javaSignalHandleriP9__siginfoPv in libjvm.dylib, mask=11100110000111110111111111111111, flags=SA_RESTART|SA_SIGINFO
    SIGILL: _ZL13crash_handleriP9__siginfoPv in libjvm.dylib, mask=11100110000111110111111111111111, flags=SA_RESTART|SA_SIGINFO
   SIGUSR2: _ZL10SR_handleriP9__siginfoP17__darwin_ucontext in libjvm.dylib, mask=00100000000000000000000000000000, flags=SA_RESTART|SA_SIGINFO
    SIGHUP: _ZL11UserHandleriPvS_ in libjvm.dylib, mask=11100110000111110111111111111111, flags=SA_RESTART|SA_SIGINFO
    SIGINT: _ZL11UserHandleriPvS_ in libjvm.dylib, mask=11100110000111110111111111111111, flags=SA_RESTART|SA_SIGINFO
   SIGTERM: _ZL11UserHandleriPvS_ in libjvm.dylib, mask=11100110000111110111111111111111, flags=SA_RESTART|SA_SIGINFO
   SIGQUIT: _ZL11UserHandleriPvS_ in libjvm.dylib, mask=11100110000111110111111111111111, flags=SA_RESTART|SA_SIGINFO
   SIGTRAP: _ZL13crash_handleriP9__siginfoPv in libjvm.dylib, mask=11100110000111110111111111111111, flags=SA_RESTART|SA_SIGINFO


---------------  S Y S T E M  ---------------

OS:
uname: Darwin 21.2.0 Darwin Kernel Version 21.2.0: Sun Nov 28 20:29:10 PST 2021; root:xnu-8019.61.5~1/RELEASE_ARM64_T8101 arm64
OS uptime: 0 days 2:27 hours
rlimit (soft/hard): STACK 8176k/65520k , CORE 0k/infinity , NPROC 1333/2000 , NOFILE 10240/infinity , AS infinity/infinity , CPU infinity/infinity , DATA infinity/infinity , FSIZE infinity/infinity , MEMLOCK infinity/infinity , RSS infinity/infinity
load average: 1.70 1.60 1.45

CPU: total 8 (initial active 8) 0x61:0x0:0x1b588bb3:0, fp, simd, crc, lse

Memory: 16k page, physical 8388608k(97536k free), swap 0k(0k free)

vm_info: Java HotSpot(TM) 64-Bit Server VM (17+35-LTS-2724) for bsd-aarch64 JRE (17+35-LTS-2724), built on Aug  5 2021 22:28:56 by "mach5one" with clang Apple LLVM 12.0.0 (clang-1200.0.32.29)

END.
