#
# A fatal error has been detected by the Java Runtime Environment:
#
#  SIGBUS (0xa) at pc=0x000000010c3e54f0, pid=2485, tid=34831
#
# JRE version: Java(TM) SE Runtime Environment (17.0+35) (build 17+35-LTS-2724)
# Java VM: Java HotSpot(TM) 64-Bit Server VM (17+35-LTS-2724, mixed mode, sharing, tiered, compressed oops, compressed class ptrs, g1 gc, bsd-aarch64)
# Problematic frame:
# v  ~StubRoutines::SafeFetchN
#
# No core dump will be written. Core dumps have been disabled. To enable core dumping, try "ulimit -c unlimited" before starting Java again
#
# If you would like to submit a bug report, please visit:
#   https://bugreport.java.com/bugreport/crash.jsp
# The crash happened outside the Java Virtual Machine in native code.
# See problematic frame for where to report the bug.
#

---------------  S U M M A R Y ------------

Command Line: --module-path=/Users/mohammedjammeh/Documents/javafx-sdk-17.0.0.1/lib --add-modules=javafx.controls,javafx.fxml -Djava.library.path=/Users/mohammedjammeh/Documents/javafx-sdk-17.0.0.1/lib -javaagent:/Applications/IntelliJ IDEA.app/Contents/lib/idea_rt.jar=49491:/Applications/IntelliJ IDEA.app/Contents/bin -Dfile.encoding=UTF-8 com.projects.gamcare.Main

Host: "MacBookPro17,1" arm64 1 MHz, 8 cores, 8G, Darwin 21.2.0, macOS 12.1 (21C52)
Time: Tue Jan  4 00:35:05 2022 GMT elapsed time: 0.254644 seconds (0d 0h 0m 0s)

---------------  T H R E A D  ---------------

Current thread (0x0000000153833800):  JavaThread "InvokeLaterDispatcher" daemon [_thread_in_native, id=34831, stack(0x000000016fcbc000,0x000000016febf000)]

Stack: [0x000000016fcbc000,0x000000016febf000],  sp=0x000000016febe7b0,  free space=2057k
Native frames: (J=compiled Java code, j=interpreted, Vv=VM code, C=native code)
v  ~StubRoutines::SafeFetchN
V  [libjvm.dylib+0x79e870]  _ZN10OopStorage7releaseEPKP7oopDesc+0x20
V  [libjvm.dylib+0x4b94ac]  jni_DeleteGlobalRef+0xc4
C  [libglass.dylib+0xab08]  -[GlassRunnable dealloc]+0x34
C  [Foundation+0x84c7c]  -[_NSThreadPerformInfo dealloc]+0x30
C  [Foundation+0x51578]  -[NSObject(NSThreadPerformAdditions) performSelectorOnMainThread:withObject:waitUntilDone:]+0x88
C  0x922500010c3ed8ac
j  com.sun.glass.ui.mac.MacApplication.submitForLaterInvocation(Ljava/lang/Runnable;)V+2 javafx.graphics
j  com.sun.glass.ui.InvokeLaterDispatcher.run()V+82 javafx.graphics
v  ~StubRoutines::call_stub
V  [libjvm.dylib+0x460b04]  _ZN9JavaCalls11call_helperEP9JavaValueRK12methodHandleP17JavaCallArgumentsP10JavaThread+0x38c
V  [libjvm.dylib+0x45fb20]  _ZN9JavaCalls12call_virtualEP9JavaValueP5KlassP6SymbolS5_P17JavaCallArgumentsP10JavaThread+0x11c
V  [libjvm.dylib+0x45fbec]  _ZN9JavaCalls12call_virtualEP9JavaValue6HandleP5KlassP6SymbolS6_P10JavaThread+0x64
V  [libjvm.dylib+0x51346c]  _ZL12thread_entryP10JavaThreadS0_+0xc4
V  [libjvm.dylib+0x8fcb74]  _ZN10JavaThread17thread_main_innerEv+0x134
V  [libjvm.dylib+0x8fb49c]  _ZN6Thread8call_runEv+0x128
V  [libjvm.dylib+0x7a5458]  _ZL19thread_native_entryP6Thread+0x158
C  [libsystem_pthread.dylib+0x7240]  _pthread_start+0x94

Java frames: (J=compiled Java code, j=interpreted, Vv=VM code)
j  com.sun.glass.ui.mac.MacApplication._submitForLaterInvocation(Ljava/lang/Runnable;)V+0 javafx.graphics
j  com.sun.glass.ui.mac.MacApplication.submitForLaterInvocation(Ljava/lang/Runnable;)V+2 javafx.graphics
j  com.sun.glass.ui.InvokeLaterDispatcher.run()V+82 javafx.graphics
v  ~StubRoutines::call_stub

siginfo: si_signo: 10 (SIGBUS), si_code: 1 (BUS_ADRALN), si_addr: 0x000000010c3e54f0

Register to memory mapping:

 x0=0x000000015270a7c8 points into unknown readable memory: 0x0000000000000000 | 00 00 00 00 00 00 00 00
 x1=0x0 is NULL
 x2=0x00000007873f2bc8 is an oop: com.sun.glass.ui.InvokeLaterDispatcher$Future 
{0x00000007873f2bc8} - klass: 'com/sun/glass/ui/InvokeLaterDispatcher$Future'
 - ---- fields (total size 3 words):
 - private 'done' 'Z' @12  true
 - private final 'runnable' 'Ljava/lang/Runnable;' @16  a 'com/sun/javafx/application/PlatformImpl$$Lambda$101+0x0000000800c85920'{0x00000007870dd330} (f0e1ba66)
 - final synthetic 'this$0' 'Lcom/sun/glass/ui/InvokeLaterDispatcher;' @20  a 'com/sun/glass/ui/InvokeLaterDispatcher'{0x00000007873b7f10} (f0e76fe2)
 x3=0x0 is NULL
 x4=0x00000000000130a8 is an unknown value
 x5=0x0 is NULL
 x6=0x0 is NULL
 x7=0x0 is NULL
 x8=0x000000010c3e54ec is at begin+0 in a stub
StubRoutines::SafeFetchN [0x000000010c3e54ec, 0x000000010c3e54f8] (12 bytes)
 x9=0x0 is NULL
x10=0x2010000030300000 is an unknown value
x11=0x0000000000000007 is an unknown value
x12=0x0 is NULL
x13=0x0000600003db0170 points into unknown readable memory: 0x00006000013b5f00 | 00 5f 3b 01 00 60 00 00
x14=0x0000000000000001 is an unknown value
x15=0x00000001217ddf98: OBJC_CLASS_$_GlassRunnable+0 in /Users/mohammedjammeh/Documents/javafx-sdk-17.0.0.1/lib/libglass.dylib at 0x0000000121798000
x16=0x00000001b4868094: pthread_getspecific+0 in /usr/lib/system/libsystem_pthread.dylib at 0x00000001b4866000
x17=0x00006000037a5ce0 points into unknown readable memory: 0xfffffffffffffffe | fe ff ff ff ff ff ff ff
x18=0x0 is NULL
x19=0x00006000038a8460 points into unknown readable memory: 0x00006000011a46b0 | b0 46 1a 01 00 60 00 00
x20=0x000000015270a5c0 points into unknown readable memory: 0x000000020e639b88 | 88 9b 63 0e 02 00 00 00
x21=0x000000015270a7c8 points into unknown readable memory: 0x0000000000000000 | 00 00 00 00 00 00 00 00
x22=0x0000000153833800 is a thread
x23=0x0000000000000001 is an unknown value
x24=0x000000015270a780 is a global jni handle
x25=0x00000001049155d8: _ZN12StubRoutines17_safefetchN_entryE+0 in /Library/Java/JavaVirtualMachines/jdk-17.jdk/Contents/Home/lib/server/libjvm.dylib at 0x0000000103d84000
x26=0x0000000121d16ee8 is pointing into metadata
x27=0x0 is NULL
x28=0x0000000153833800 is a thread


Registers:
 x0=0x000000015270a7c8  x1=0x0000000000000000  x2=0x00000007873f2bc8  x3=0x0000000000000000
 x4=0x00000000000130a8  x5=0x0000000000000000  x6=0x0000000000000000  x7=0x0000000000000000
 x8=0x000000010c3e54ec  x9=0x0000000000000000 x10=0x2010000030300000 x11=0x0000000000000007
x12=0x0000000000000000 x13=0x0000600003db0170 x14=0x0000000000000001 x15=0x00000001217ddf98
x16=0x00000001b4868094 x17=0x00006000037a5ce0 x18=0x0000000000000000 x19=0x00006000038a8460
x20=0x000000015270a5c0 x21=0x000000015270a7c8 x22=0x0000000153833800 x23=0x0000000000000001
x24=0x000000015270a780 x25=0x00000001049155d8 x26=0x0000000121d16ee8 x27=0x0000000000000000
x28=0x0000000153833800  fp=0x000000016febe7f0  lr=0x0000000104521640  sp=0x000000016febe7b0
pc=0x000000010c3e54f0 cpsr=0x0000000060001000
Top of Stack: (sp=0x000000016febe7b0)
0x000000016febe7b0:   0000000121d16ee8 0000000000000001
0x000000016febe7c0:   000000016febe9a8 00006000011e4740
0x000000016febe7d0:   0000000000000000 000000015270a7b0
0x000000016febe7e0:   000000015270a7b0 00006000038a8460
0x000000016febe7f0:   000000016febe830 0000000104522870
0x000000016febe800:   0000000000000001 000000015270a7b0
0x000000016febe810:   0000000000000000 000000015270a7b0
0x000000016febe820:   0000000000000001 0000000153837000
0x000000016febe830:   000000016febe860 000000010423d4ac
0x000000016febe840:   00006000011b0a10 00000001fed98474
0x000000016febe850:   0000000000000000 00006000011b0a10
0x000000016febe860:   000000016febe890 00000001217a2b08
0x000000016febe870:   2d55c13f3744007c 0000000000000000
0x000000016febe880:   0000000000000000 00006000006ffac0
0x000000016febe890:   000000016febe8d0 00000001b582cc7c
0x000000016febe8a0:   000000016febe9a8 00006000011e4740
0x000000016febe8b0:   00006000011b0a10 2d55c13f3744007c
0x000000016febe8c0:   0000000000000000 0000000000000000
0x000000016febe8d0:   000000016febe910 206b0001b57f9578
0x000000016febe8e0:   000000016febe9a8 000000010c3ec7c0
0x000000016febe8f0:   0000000000000000 000000010491cf90
0x000000016febe900:   000000016febe920 000000010c3eb730
0x000000016febe910:   000000016febe980 922500010c3ed8ac
0x000000016febe920:   000000016febe920 0000000800981595
0x000000016febe930:   000000016febe930 0000000000000000
0x000000016febe940:   000000016febe9a8 0000000121d16ee8
0x000000016febe950:   000000078733c9c0 0000000000000000
0x000000016febe960:   0000000000000000 0000000121cf3288
0x000000016febe970:   0000000000000000 000000016febe980
0x000000016febe980:   000000016febea00 000000010c3e9fc8
0x000000016febe990:   0000000000000000 0000000000000000
0x000000016febe9a0:   00000007873f2bc8 00000007873b1b50 

Instructions: (pc=0x000000010c3e54f0)
0x000000010c3e53f0:   f2a091c9 f2c00029 6d425935 1e640886
0x000000010c3e5400:   0c402d31 1e6408c7 1f5654d0 1e6c1017
0x000000010c3e5410:   1f5050d0 1f504cd0 1f5048d0 1e650af6
0x000000010c3e5420:   1f50d8f6 1f5694d6 1f5158f6 1e762880
0x000000010c3e5430:   36000501 1e614000 14000026 2e251ca5
0x000000010c3e5440:   d2843009 f2a091c9 f2c00029 6d425d36
0x000000010c3e5450:   1e600806 0c402d32 1f5758c7 1e6c101a
0x000000010c3e5460:   1f4754c7 1e650805 1f4750c7 d2866668
0x000000010c3e5470:   f2a7fa68 1f474cc7 1e6608c0 1f4748c7
0x000000010c3e5480:   1e6e1019 eb08007f 540000ac 1f479400
0x000000010c3e5490:   1f460340 1e603b20 1400000e d2a7fd29
0x000000010c3e54a0:   eb09007f 540000ac 51480069 d3607d29
0x000000010c3e54b0:   9e670121 14000002 1e6a5001 1f679417
0x000000010c3e54c0:   1f668742 1e613b23 1e773857 1e773860
0x000000010c3e54d0:   a8c17ff3 910003bf a8c17bfd d65f03c0
0x000000010c3e54e0:   b9400001 aa0103e0 d65f03c0 f9400001
0x000000010c3e54f0:   aa0103e0 d65f03c0 00000000 00000000
0x000000010c3e5500:   00000000 00000000 00000000 00000000
0x000000010c3e5510:   00000000 00000000 00000000 00000000
0x000000010c3e5520:   00000000 00000000 00000000 00000000
0x000000010c3e5530:   00000000 00000000 00000000 00000000
0x000000010c3e5540:   00000000 00000000 00000000 00000000
0x000000010c3e5550:   00000000 00000000 00000000 00000000
0x000000010c3e5560:   00000000 00000000 00000000 00000000
0x000000010c3e5570:   00000000 00000000 00000000 00000000
0x000000010c3e5580:   00000000 00000000 00000000 00000000
0x000000010c3e5590:   00000000 00000000 00000000 00000000
0x000000010c3e55a0:   00000000 00000000 00000000 00000000
0x000000010c3e55b0:   00000000 00000000 00000000 00000000
0x000000010c3e55c0:   00000000 00000000 00000000 00000000
0x000000010c3e55d0:   00000000 00000000 00000000 00000000
0x000000010c3e55e0:   00000000 00000000 00000000 00000000 


Stack slot to memory mapping:
stack at sp + 0 slots: 0x0000000121d16ee8 is pointing into metadata
stack at sp + 1 slots: 0x0000000000000001 is an unknown value
stack at sp + 2 slots: 0x000000016febe9a8 is pointing into the stack for thread: 0x0000000153833800
stack at sp + 3 slots: 0x00006000011e4740 points into unknown readable memory: 0x010000020d91e081 | 81 e0 91 0d 02 00 00 01
stack at sp + 4 slots: 0x0 is NULL
stack at sp + 5 slots: 0x000000015270a7b0 is a global jni handle
stack at sp + 6 slots: 0x000000015270a7b0 is a global jni handle
stack at sp + 7 slots: 0x00006000038a8460 points into unknown readable memory: 0x00006000011a46b0 | b0 46 1a 01 00 60 00 00

StubRoutines::SafeFetchN [0x000000010c3e54ec, 0x000000010c3e54f8] (12 bytes)
[MachCode]
  0x000000010c3e54ec: 0100 40f9 | e003 01aa | c003 5fd6 
[/MachCode]

---------------  P R O C E S S  ---------------

Threads class SMR info:
_java_thread_list=0x00006000013c0dc0, length=17, elements={
0x0000000153808600, 0x0000000153031800, 0x0000000153034000, 0x0000000153037e00,
0x0000000153037200, 0x0000000153037800, 0x0000000153038600, 0x0000000153038c00,
0x0000000153041200, 0x0000000153839600, 0x000000013392ee00, 0x000000013392e600,
0x0000000133931e00, 0x0000000153833800, 0x0000000153837000, 0x00000001529b4800,
0x00000001538f5e00
}

Java Threads: ( => current thread )
  0x0000000153808600 JavaThread "main" [_thread_blocked, id=5891, stack(0x000000016d228000,0x000000016d42b000)]
  0x0000000153031800 JavaThread "Reference Handler" daemon [_thread_blocked, id=14595, stack(0x000000016e07c000,0x000000016e27f000)]
  0x0000000153034000 JavaThread "Finalizer" daemon [_thread_blocked, id=15107, stack(0x000000016e288000,0x000000016e48b000)]
  0x0000000153037e00 JavaThread "Signal Dispatcher" daemon [_thread_blocked, id=23043, stack(0x000000016e638000,0x000000016e83b000)]
  0x0000000153037200 JavaThread "Service Thread" daemon [_thread_blocked, id=23299, stack(0x000000016e844000,0x000000016ea47000)]
  0x0000000153037800 JavaThread "Monitor Deflation Thread" daemon [_thread_blocked, id=41731, stack(0x000000016ea50000,0x000000016ec53000)]
  0x0000000153038600 JavaThread "C2 CompilerThread0" daemon [_thread_blocked, id=41219, stack(0x000000016ec5c000,0x000000016ee5f000)]
  0x0000000153038c00 JavaThread "C1 CompilerThread0" daemon [_thread_blocked, id=23811, stack(0x000000016ee68000,0x000000016f06b000)]
  0x0000000153041200 JavaThread "Sweeper thread" daemon [_thread_blocked, id=40963, stack(0x000000016f074000,0x000000016f277000)]
  0x0000000153839600 JavaThread "Common-Cleaner" daemon [_thread_blocked, id=40707, stack(0x000000016f280000,0x000000016f483000)]
  0x000000013392ee00 JavaThread "Monitor Ctrl-Break" daemon [_thread_in_native, id=24579, stack(0x000000016f48c000,0x000000016f68f000)]
  0x000000013392e600 JavaThread "Notification Thread" daemon [_thread_blocked, id=25091, stack(0x000000016f698000,0x000000016f89b000)]
  0x0000000133931e00 JavaThread "QuantumRenderer-0" daemon [_thread_blocked, id=25603, stack(0x000000016fab0000,0x000000016fcb3000)]
=>0x0000000153833800 JavaThread "InvokeLaterDispatcher" daemon [_thread_in_native, id=34831, stack(0x000000016fcbc000,0x000000016febf000)]
  0x0000000153837000 JavaThread "JavaFX Application Thread" [_thread_in_vm, id=259, stack(0x000000016c9a0000,0x000000016d19c000)]
  0x00000001529b4800 JavaThread "JavaFX-Launcher" [_thread_blocked, id=54283, stack(0x000000016ffe0000,0x00000001701e3000)]
  0x00000001538f5e00 JavaThread "PulseTimer-CVDisplayLink thread" daemon [_thread_in_native, id=51467, stack(0x000000016fec8000,0x000000016ff4b000)]

Other Threads:
  0x0000000152707e30 VMThread "VM Thread" [stack: 0x000000016de70000,0x000000016e073000] [id=14083]
  0x0000000133021c50 WatcherThread [stack: 0x000000016f8a4000,0x000000016faa7000] [id=39939]
  0x0000000154006730 GCTaskThread "GC Thread#0" [stack: 0x000000016d434000,0x000000016d637000] [id=12035]
  0x0000000152604ef0 ConcurrentGCThread "G1 Main Marker" [stack: 0x000000016d640000,0x000000016d843000] [id=12291]
  0x0000000152605770 ConcurrentGCThread "G1 Conc#0" [stack: 0x000000016d84c000,0x000000016da4f000] [id=18435]
  0x00000001526075e0 ConcurrentGCThread "G1 Refine#0" [stack: 0x000000016da58000,0x000000016dc5b000] [id=12803]
  0x0000000152607e80 ConcurrentGCThread "G1 Service" [stack: 0x000000016dc64000,0x000000016de67000] [id=17667]

Threads with active compile tasks:

VM state: not at safepoint (normal execution)

VM Mutex/Monitor currently owned by a thread: None

Heap address: 0x0000000780000000, size: 2048 MB, Compressed Oops mode: Zero based, Oop shift amount: 3

CDS archive(s) mapped at: [0x0000000800000000-0x0000000800bd0000-0x0000000800bd0000), size 12386304, SharedBaseAddress: 0x0000000800000000, ArchiveRelocationMode: 0.
Compressed class space mapped at: 0x0000000800c00000-0x0000000840c00000, reserved size: 1073741824
Narrow klass base: 0x0000000800000000, Narrow klass shift: 0, Narrow klass range: 0x100000000

GC Precious Log:
 CPUs: 8 total, 8 available
 Memory: 8192M
 Large Page Support: Disabled
 NUMA Support: Disabled
 Compressed Oops: Enabled (Zero based)
 Heap Region Size: 1M
 Heap Min Capacity: 8M
 Heap Initial Capacity: 128M
 Heap Max Capacity: 2G
 Pre-touch: Disabled
 Parallel Workers: 8
 Concurrent Workers: 2
 Concurrent Refinement Workers: 8
 Periodic GC: Disabled

Heap:
 garbage-first heap   total 133120K, used 16352K [0x0000000780000000, 0x0000000800000000)
  region size 1024K, 17 young (17408K), 0 survivors (0K)
 Metaspace       used 3429K, committed 3648K, reserved 1056768K
  class space    used 371K, committed 448K, reserved 1048576K

Heap Regions: E=young(eden), S=young(survivor), O=old, HS=humongous(starts), HC=humongous(continues), CS=collection set, F=free, OA=open archive, CA=closed archive, TAMS=top-at-mark-start (previous, next)
|   0|0x0000000780000000, 0x0000000780000000, 0x0000000780100000|  0%| F|  |TAMS 0x0000000780000000, 0x0000000780000000| Untracked 
|   1|0x0000000780100000, 0x0000000780100000, 0x0000000780200000|  0%| F|  |TAMS 0x0000000780100000, 0x0000000780100000| Untracked 
|   2|0x0000000780200000, 0x0000000780200000, 0x0000000780300000|  0%| F|  |TAMS 0x0000000780200000, 0x0000000780200000| Untracked 
|   3|0x0000000780300000, 0x0000000780300000, 0x0000000780400000|  0%| F|  |TAMS 0x0000000780300000, 0x0000000780300000| Untracked 
|   4|0x0000000780400000, 0x0000000780400000, 0x0000000780500000|  0%| F|  |TAMS 0x0000000780400000, 0x0000000780400000| Untracked 
|   5|0x0000000780500000, 0x0000000780500000, 0x0000000780600000|  0%| F|  |TAMS 0x0000000780500000, 0x0000000780500000| Untracked 
|   6|0x0000000780600000, 0x0000000780600000, 0x0000000780700000|  0%| F|  |TAMS 0x0000000780600000, 0x0000000780600000| Untracked 
|   7|0x0000000780700000, 0x0000000780700000, 0x0000000780800000|  0%| F|  |TAMS 0x0000000780700000, 0x0000000780700000| Untracked 
|   8|0x0000000780800000, 0x0000000780800000, 0x0000000780900000|  0%| F|  |TAMS 0x0000000780800000, 0x0000000780800000| Untracked 
|   9|0x0000000780900000, 0x0000000780900000, 0x0000000780a00000|  0%| F|  |TAMS 0x0000000780900000, 0x0000000780900000| Untracked 
|  10|0x0000000780a00000, 0x0000000780a00000, 0x0000000780b00000|  0%| F|  |TAMS 0x0000000780a00000, 0x0000000780a00000| Untracked 
|  11|0x0000000780b00000, 0x0000000780b00000, 0x0000000780c00000|  0%| F|  |TAMS 0x0000000780b00000, 0x0000000780b00000| Untracked 
|  12|0x0000000780c00000, 0x0000000780c00000, 0x0000000780d00000|  0%| F|  |TAMS 0x0000000780c00000, 0x0000000780c00000| Untracked 
|  13|0x0000000780d00000, 0x0000000780d00000, 0x0000000780e00000|  0%| F|  |TAMS 0x0000000780d00000, 0x0000000780d00000| Untracked 
|  14|0x0000000780e00000, 0x0000000780e00000, 0x0000000780f00000|  0%| F|  |TAMS 0x0000000780e00000, 0x0000000780e00000| Untracked 
|  15|0x0000000780f00000, 0x0000000780f00000, 0x0000000781000000|  0%| F|  |TAMS 0x0000000780f00000, 0x0000000780f00000| Untracked 
|  16|0x0000000781000000, 0x0000000781000000, 0x0000000781100000|  0%| F|  |TAMS 0x0000000781000000, 0x0000000781000000| Untracked 
|  17|0x0000000781100000, 0x0000000781100000, 0x0000000781200000|  0%| F|  |TAMS 0x0000000781100000, 0x0000000781100000| Untracked 
|  18|0x0000000781200000, 0x0000000781200000, 0x0000000781300000|  0%| F|  |TAMS 0x0000000781200000, 0x0000000781200000| Untracked 
|  19|0x0000000781300000, 0x0000000781300000, 0x0000000781400000|  0%| F|  |TAMS 0x0000000781300000, 0x0000000781300000| Untracked 
|  20|0x0000000781400000, 0x0000000781400000, 0x0000000781500000|  0%| F|  |TAMS 0x0000000781400000, 0x0000000781400000| Untracked 
|  21|0x0000000781500000, 0x0000000781500000, 0x0000000781600000|  0%| F|  |TAMS 0x0000000781500000, 0x0000000781500000| Untracked 
|  22|0x0000000781600000, 0x0000000781600000, 0x0000000781700000|  0%| F|  |TAMS 0x0000000781600000, 0x0000000781600000| Untracked 
|  23|0x0000000781700000, 0x0000000781700000, 0x0000000781800000|  0%| F|  |TAMS 0x0000000781700000, 0x0000000781700000| Untracked 
|  24|0x0000000781800000, 0x0000000781800000, 0x0000000781900000|  0%| F|  |TAMS 0x0000000781800000, 0x0000000781800000| Untracked 
|  25|0x0000000781900000, 0x0000000781900000, 0x0000000781a00000|  0%| F|  |TAMS 0x0000000781900000, 0x0000000781900000| Untracked 
|  26|0x0000000781a00000, 0x0000000781a00000, 0x0000000781b00000|  0%| F|  |TAMS 0x0000000781a00000, 0x0000000781a00000| Untracked 
|  27|0x0000000781b00000, 0x0000000781b00000, 0x0000000781c00000|  0%| F|  |TAMS 0x0000000781b00000, 0x0000000781b00000| Untracked 
|  28|0x0000000781c00000, 0x0000000781c00000, 0x0000000781d00000|  0%| F|  |TAMS 0x0000000781c00000, 0x0000000781c00000| Untracked 
|  29|0x0000000781d00000, 0x0000000781d00000, 0x0000000781e00000|  0%| F|  |TAMS 0x0000000781d00000, 0x0000000781d00000| Untracked 
|  30|0x0000000781e00000, 0x0000000781e00000, 0x0000000781f00000|  0%| F|  |TAMS 0x0000000781e00000, 0x0000000781e00000| Untracked 
|  31|0x0000000781f00000, 0x0000000781f00000, 0x0000000782000000|  0%| F|  |TAMS 0x0000000781f00000, 0x0000000781f00000| Untracked 
|  32|0x0000000782000000, 0x0000000782000000, 0x0000000782100000|  0%| F|  |TAMS 0x0000000782000000, 0x0000000782000000| Untracked 
|  33|0x0000000782100000, 0x0000000782100000, 0x0000000782200000|  0%| F|  |TAMS 0x0000000782100000, 0x0000000782100000| Untracked 
|  34|0x0000000782200000, 0x0000000782200000, 0x0000000782300000|  0%| F|  |TAMS 0x0000000782200000, 0x0000000782200000| Untracked 
|  35|0x0000000782300000, 0x0000000782300000, 0x0000000782400000|  0%| F|  |TAMS 0x0000000782300000, 0x0000000782300000| Untracked 
|  36|0x0000000782400000, 0x0000000782400000, 0x0000000782500000|  0%| F|  |TAMS 0x0000000782400000, 0x0000000782400000| Untracked 
|  37|0x0000000782500000, 0x0000000782500000, 0x0000000782600000|  0%| F|  |TAMS 0x0000000782500000, 0x0000000782500000| Untracked 
|  38|0x0000000782600000, 0x0000000782600000, 0x0000000782700000|  0%| F|  |TAMS 0x0000000782600000, 0x0000000782600000| Untracked 
|  39|0x0000000782700000, 0x0000000782700000, 0x0000000782800000|  0%| F|  |TAMS 0x0000000782700000, 0x0000000782700000| Untracked 
|  40|0x0000000782800000, 0x0000000782800000, 0x0000000782900000|  0%| F|  |TAMS 0x0000000782800000, 0x0000000782800000| Untracked 
|  41|0x0000000782900000, 0x0000000782900000, 0x0000000782a00000|  0%| F|  |TAMS 0x0000000782900000, 0x0000000782900000| Untracked 
|  42|0x0000000782a00000, 0x0000000782a00000, 0x0000000782b00000|  0%| F|  |TAMS 0x0000000782a00000, 0x0000000782a00000| Untracked 
|  43|0x0000000782b00000, 0x0000000782b00000, 0x0000000782c00000|  0%| F|  |TAMS 0x0000000782b00000, 0x0000000782b00000| Untracked 
|  44|0x0000000782c00000, 0x0000000782c00000, 0x0000000782d00000|  0%| F|  |TAMS 0x0000000782c00000, 0x0000000782c00000| Untracked 
|  45|0x0000000782d00000, 0x0000000782d00000, 0x0000000782e00000|  0%| F|  |TAMS 0x0000000782d00000, 0x0000000782d00000| Untracked 
|  46|0x0000000782e00000, 0x0000000782e00000, 0x0000000782f00000|  0%| F|  |TAMS 0x0000000782e00000, 0x0000000782e00000| Untracked 
|  47|0x0000000782f00000, 0x0000000782f00000, 0x0000000783000000|  0%| F|  |TAMS 0x0000000782f00000, 0x0000000782f00000| Untracked 
|  48|0x0000000783000000, 0x0000000783000000, 0x0000000783100000|  0%| F|  |TAMS 0x0000000783000000, 0x0000000783000000| Untracked 
|  49|0x0000000783100000, 0x0000000783100000, 0x0000000783200000|  0%| F|  |TAMS 0x0000000783100000, 0x0000000783100000| Untracked 
|  50|0x0000000783200000, 0x0000000783200000, 0x0000000783300000|  0%| F|  |TAMS 0x0000000783200000, 0x0000000783200000| Untracked 
|  51|0x0000000783300000, 0x0000000783300000, 0x0000000783400000|  0%| F|  |TAMS 0x0000000783300000, 0x0000000783300000| Untracked 
|  52|0x0000000783400000, 0x0000000783400000, 0x0000000783500000|  0%| F|  |TAMS 0x0000000783400000, 0x0000000783400000| Untracked 
|  53|0x0000000783500000, 0x0000000783500000, 0x0000000783600000|  0%| F|  |TAMS 0x0000000783500000, 0x0000000783500000| Untracked 
|  54|0x0000000783600000, 0x0000000783600000, 0x0000000783700000|  0%| F|  |TAMS 0x0000000783600000, 0x0000000783600000| Untracked 
|  55|0x0000000783700000, 0x0000000783700000, 0x0000000783800000|  0%| F|  |TAMS 0x0000000783700000, 0x0000000783700000| Untracked 
|  56|0x0000000783800000, 0x0000000783800000, 0x0000000783900000|  0%| F|  |TAMS 0x0000000783800000, 0x0000000783800000| Untracked 
|  57|0x0000000783900000, 0x0000000783900000, 0x0000000783a00000|  0%| F|  |TAMS 0x0000000783900000, 0x0000000783900000| Untracked 
|  58|0x0000000783a00000, 0x0000000783a00000, 0x0000000783b00000|  0%| F|  |TAMS 0x0000000783a00000, 0x0000000783a00000| Untracked 
|  59|0x0000000783b00000, 0x0000000783b00000, 0x0000000783c00000|  0%| F|  |TAMS 0x0000000783b00000, 0x0000000783b00000| Untracked 
|  60|0x0000000783c00000, 0x0000000783c00000, 0x0000000783d00000|  0%| F|  |TAMS 0x0000000783c00000, 0x0000000783c00000| Untracked 
|  61|0x0000000783d00000, 0x0000000783d00000, 0x0000000783e00000|  0%| F|  |TAMS 0x0000000783d00000, 0x0000000783d00000| Untracked 
|  62|0x0000000783e00000, 0x0000000783e00000, 0x0000000783f00000|  0%| F|  |TAMS 0x0000000783e00000, 0x0000000783e00000| Untracked 
|  63|0x0000000783f00000, 0x0000000783f00000, 0x0000000784000000|  0%| F|  |TAMS 0x0000000783f00000, 0x0000000783f00000| Untracked 
|  64|0x0000000784000000, 0x0000000784000000, 0x0000000784100000|  0%| F|  |TAMS 0x0000000784000000, 0x0000000784000000| Untracked 
|  65|0x0000000784100000, 0x0000000784100000, 0x0000000784200000|  0%| F|  |TAMS 0x0000000784100000, 0x0000000784100000| Untracked 
|  66|0x0000000784200000, 0x0000000784200000, 0x0000000784300000|  0%| F|  |TAMS 0x0000000784200000, 0x0000000784200000| Untracked 
|  67|0x0000000784300000, 0x0000000784300000, 0x0000000784400000|  0%| F|  |TAMS 0x0000000784300000, 0x0000000784300000| Untracked 
|  68|0x0000000784400000, 0x0000000784400000, 0x0000000784500000|  0%| F|  |TAMS 0x0000000784400000, 0x0000000784400000| Untracked 
|  69|0x0000000784500000, 0x0000000784500000, 0x0000000784600000|  0%| F|  |TAMS 0x0000000784500000, 0x0000000784500000| Untracked 
|  70|0x0000000784600000, 0x0000000784600000, 0x0000000784700000|  0%| F|  |TAMS 0x0000000784600000, 0x0000000784600000| Untracked 
|  71|0x0000000784700000, 0x0000000784700000, 0x0000000784800000|  0%| F|  |TAMS 0x0000000784700000, 0x0000000784700000| Untracked 
|  72|0x0000000784800000, 0x0000000784800000, 0x0000000784900000|  0%| F|  |TAMS 0x0000000784800000, 0x0000000784800000| Untracked 
|  73|0x0000000784900000, 0x0000000784900000, 0x0000000784a00000|  0%| F|  |TAMS 0x0000000784900000, 0x0000000784900000| Untracked 
|  74|0x0000000784a00000, 0x0000000784a00000, 0x0000000784b00000|  0%| F|  |TAMS 0x0000000784a00000, 0x0000000784a00000| Untracked 
|  75|0x0000000784b00000, 0x0000000784b00000, 0x0000000784c00000|  0%| F|  |TAMS 0x0000000784b00000, 0x0000000784b00000| Untracked 
|  76|0x0000000784c00000, 0x0000000784c00000, 0x0000000784d00000|  0%| F|  |TAMS 0x0000000784c00000, 0x0000000784c00000| Untracked 
|  77|0x0000000784d00000, 0x0000000784d00000, 0x0000000784e00000|  0%| F|  |TAMS 0x0000000784d00000, 0x0000000784d00000| Untracked 
|  78|0x0000000784e00000, 0x0000000784e00000, 0x0000000784f00000|  0%| F|  |TAMS 0x0000000784e00000, 0x0000000784e00000| Untracked 
|  79|0x0000000784f00000, 0x0000000784f00000, 0x0000000785000000|  0%| F|  |TAMS 0x0000000784f00000, 0x0000000784f00000| Untracked 
|  80|0x0000000785000000, 0x0000000785000000, 0x0000000785100000|  0%| F|  |TAMS 0x0000000785000000, 0x0000000785000000| Untracked 
|  81|0x0000000785100000, 0x0000000785100000, 0x0000000785200000|  0%| F|  |TAMS 0x0000000785100000, 0x0000000785100000| Untracked 
|  82|0x0000000785200000, 0x0000000785200000, 0x0000000785300000|  0%| F|  |TAMS 0x0000000785200000, 0x0000000785200000| Untracked 
|  83|0x0000000785300000, 0x0000000785300000, 0x0000000785400000|  0%| F|  |TAMS 0x0000000785300000, 0x0000000785300000| Untracked 
|  84|0x0000000785400000, 0x0000000785400000, 0x0000000785500000|  0%| F|  |TAMS 0x0000000785400000, 0x0000000785400000| Untracked 
|  85|0x0000000785500000, 0x0000000785500000, 0x0000000785600000|  0%| F|  |TAMS 0x0000000785500000, 0x0000000785500000| Untracked 
|  86|0x0000000785600000, 0x0000000785600000, 0x0000000785700000|  0%| F|  |TAMS 0x0000000785600000, 0x0000000785600000| Untracked 
|  87|0x0000000785700000, 0x0000000785700000, 0x0000000785800000|  0%| F|  |TAMS 0x0000000785700000, 0x0000000785700000| Untracked 
|  88|0x0000000785800000, 0x0000000785800000, 0x0000000785900000|  0%| F|  |TAMS 0x0000000785800000, 0x0000000785800000| Untracked 
|  89|0x0000000785900000, 0x0000000785900000, 0x0000000785a00000|  0%| F|  |TAMS 0x0000000785900000, 0x0000000785900000| Untracked 
|  90|0x0000000785a00000, 0x0000000785a00000, 0x0000000785b00000|  0%| F|  |TAMS 0x0000000785a00000, 0x0000000785a00000| Untracked 
|  91|0x0000000785b00000, 0x0000000785b00000, 0x0000000785c00000|  0%| F|  |TAMS 0x0000000785b00000, 0x0000000785b00000| Untracked 
|  92|0x0000000785c00000, 0x0000000785c00000, 0x0000000785d00000|  0%| F|  |TAMS 0x0000000785c00000, 0x0000000785c00000| Untracked 
|  93|0x0000000785d00000, 0x0000000785d00000, 0x0000000785e00000|  0%| F|  |TAMS 0x0000000785d00000, 0x0000000785d00000| Untracked 
|  94|0x0000000785e00000, 0x0000000785e00000, 0x0000000785f00000|  0%| F|  |TAMS 0x0000000785e00000, 0x0000000785e00000| Untracked 
|  95|0x0000000785f00000, 0x0000000785f00000, 0x0000000786000000|  0%| F|  |TAMS 0x0000000785f00000, 0x0000000785f00000| Untracked 
|  96|0x0000000786000000, 0x0000000786000000, 0x0000000786100000|  0%| F|  |TAMS 0x0000000786000000, 0x0000000786000000| Untracked 
|  97|0x0000000786100000, 0x0000000786100000, 0x0000000786200000|  0%| F|  |TAMS 0x0000000786100000, 0x0000000786100000| Untracked 
|  98|0x0000000786200000, 0x0000000786200000, 0x0000000786300000|  0%| F|  |TAMS 0x0000000786200000, 0x0000000786200000| Untracked 
|  99|0x0000000786300000, 0x0000000786300000, 0x0000000786400000|  0%| F|  |TAMS 0x0000000786300000, 0x0000000786300000| Untracked 
| 100|0x0000000786400000, 0x0000000786400000, 0x0000000786500000|  0%| F|  |TAMS 0x0000000786400000, 0x0000000786400000| Untracked 
| 101|0x0000000786500000, 0x0000000786500000, 0x0000000786600000|  0%| F|  |TAMS 0x0000000786500000, 0x0000000786500000| Untracked 
| 102|0x0000000786600000, 0x0000000786600000, 0x0000000786700000|  0%| F|  |TAMS 0x0000000786600000, 0x0000000786600000| Untracked 
| 103|0x0000000786700000, 0x0000000786700000, 0x0000000786800000|  0%| F|  |TAMS 0x0000000786700000, 0x0000000786700000| Untracked 
| 104|0x0000000786800000, 0x0000000786800000, 0x0000000786900000|  0%| F|  |TAMS 0x0000000786800000, 0x0000000786800000| Untracked 
| 105|0x0000000786900000, 0x0000000786900000, 0x0000000786a00000|  0%| F|  |TAMS 0x0000000786900000, 0x0000000786900000| Untracked 
| 106|0x0000000786a00000, 0x0000000786a00000, 0x0000000786b00000|  0%| F|  |TAMS 0x0000000786a00000, 0x0000000786a00000| Untracked 
| 107|0x0000000786b00000, 0x0000000786b00000, 0x0000000786c00000|  0%| F|  |TAMS 0x0000000786b00000, 0x0000000786b00000| Untracked 
| 108|0x0000000786c00000, 0x0000000786c00000, 0x0000000786d00000|  0%| F|  |TAMS 0x0000000786c00000, 0x0000000786c00000| Untracked 
| 109|0x0000000786d00000, 0x0000000786d00000, 0x0000000786e00000|  0%| F|  |TAMS 0x0000000786d00000, 0x0000000786d00000| Untracked 
| 110|0x0000000786e00000, 0x0000000786e00000, 0x0000000786f00000|  0%| F|  |TAMS 0x0000000786e00000, 0x0000000786e00000| Untracked 
| 111|0x0000000786f00000, 0x0000000787000000, 0x0000000787000000|100%| E|  |TAMS 0x0000000786f00000, 0x0000000786f00000| Complete 
| 112|0x0000000787000000, 0x0000000787100000, 0x0000000787100000|100%| E|CS|TAMS 0x0000000787000000, 0x0000000787000000| Complete 
| 113|0x0000000787100000, 0x00000007871ffa80, 0x0000000787200000| 99%| E|  |TAMS 0x0000000787100000, 0x0000000787100000| Complete 
| 114|0x0000000787200000, 0x0000000787300000, 0x0000000787300000|100%| E|CS|TAMS 0x0000000787200000, 0x0000000787200000| Complete 
| 115|0x0000000787300000, 0x0000000787400000, 0x0000000787400000|100%| E|CS|TAMS 0x0000000787300000, 0x0000000787300000| Complete 
| 116|0x0000000787400000, 0x0000000787500000, 0x0000000787500000|100%| E|CS|TAMS 0x0000000787400000, 0x0000000787400000| Complete 
| 117|0x0000000787500000, 0x0000000787600000, 0x0000000787600000|100%| E|CS|TAMS 0x0000000787500000, 0x0000000787500000| Complete 
| 118|0x0000000787600000, 0x0000000787700000, 0x0000000787700000|100%| E|CS|TAMS 0x0000000787600000, 0x0000000787600000| Complete 
| 119|0x0000000787700000, 0x0000000787800000, 0x0000000787800000|100%| E|CS|TAMS 0x0000000787700000, 0x0000000787700000| Complete 
| 120|0x0000000787800000, 0x0000000787900000, 0x0000000787900000|100%| E|CS|TAMS 0x0000000787800000, 0x0000000787800000| Complete 
| 121|0x0000000787900000, 0x0000000787a00000, 0x0000000787a00000|100%| E|CS|TAMS 0x0000000787900000, 0x0000000787900000| Complete 
| 122|0x0000000787a00000, 0x0000000787b00000, 0x0000000787b00000|100%| E|CS|TAMS 0x0000000787a00000, 0x0000000787a00000| Complete 
| 123|0x0000000787b00000, 0x0000000787c00000, 0x0000000787c00000|100%| E|CS|TAMS 0x0000000787b00000, 0x0000000787b00000| Complete 
| 124|0x0000000787c00000, 0x0000000787d00000, 0x0000000787d00000|100%| E|CS|TAMS 0x0000000787c00000, 0x0000000787c00000| Complete 
| 125|0x0000000787d00000, 0x0000000787e00000, 0x0000000787e00000|100%| E|CS|TAMS 0x0000000787d00000, 0x0000000787d00000| Complete 
| 126|0x0000000787e00000, 0x0000000787f00000, 0x0000000787f00000|100%| E|CS|TAMS 0x0000000787e00000, 0x0000000787e00000| Complete 
| 127|0x0000000787f00000, 0x0000000788000000, 0x0000000788000000|100%| E|CS|TAMS 0x0000000787f00000, 0x0000000787f00000| Complete 
|2046|0x00000007ffe00000, 0x00000007ffe78000, 0x00000007fff00000| 46%|OA|  |TAMS 0x00000007ffe00000, 0x00000007ffe00000| Untracked 
|2047|0x00000007fff00000, 0x00000007fff80000, 0x0000000800000000| 50%|CA|  |TAMS 0x00000007fff00000, 0x00000007fff00000| Untracked 

Card table byte_map: [0x0000000103574000,0x0000000103974000] _byte_map_base: 0x00000000ff974000

Marking Bits (Prev, Next): (CMBitMap*) 0x000000015280d010, (CMBitMap*) 0x000000015280d050
 Prev Bits: [0x000000011b3e4000, 0x000000011d3e4000)
 Next Bits: [0x000000011d3e4000, 0x000000011f3e4000)

Polling page: 0x0000000102e9c000

Metaspace:

Usage:
  Non-class:      2.99 MB used.
      Class:    371.41 KB used.
       Both:      3.35 MB used.

Virtual space:
  Non-class space:        8.00 MB reserved,       3.12 MB ( 39%) committed,  1 nodes.
      Class space:        1.00 GB reserved,     448.00 KB ( <1%) committed,  1 nodes.
             Both:        1.01 GB reserved,       3.56 MB ( <1%) committed. 

Chunk freelists:
   Non-Class:  2.31 MB
       Class:  3.48 MB
        Both:  5.79 MB

MaxMetaspaceSize: unlimited
CompressedClassSpaceSize: 1.00 GB
Initial GC threshold: 21.00 MB
Current GC threshold: 21.00 MB
CDS: on
MetaspaceReclaimPolicy: balanced
 - commit_granule_bytes: 65536.
 - commit_granule_words: 8192.
 - virtual_space_node_default_size: 1048576.
 - enlarge_chunks_in_place: 1.
 - new_chunks_are_fully_committed: 0.
 - uncommit_free_chunks: 1.
 - use_allocation_guard: 0.
 - handle_deallocations: 1.


Internal statistics:

num_allocs_failed_limit: 0.
num_arena_births: 80.
num_arena_deaths: 0.
num_vsnodes_births: 2.
num_vsnodes_deaths: 0.
num_space_committed: 57.
num_space_uncommitted: 0.
num_chunks_returned_to_freelist: 0.
num_chunks_taken_from_freelist: 180.
num_chunk_merges: 0.
num_chunk_splits: 120.
num_chunks_enlarged: 87.
num_purges: 0.
num_inconsistent_stats: 0.

CodeHeap 'non-profiled nmethods': size=120032Kb used=230Kb max_used=230Kb free=119801Kb
 bounds [0x0000000113eac000, 0x000000011411c000, 0x000000011b3e4000]
CodeHeap 'profiled nmethods': size=120016Kb used=1030Kb max_used=1030Kb free=118985Kb
 bounds [0x000000010c978000, 0x000000010cbe8000, 0x0000000113eac000]
CodeHeap 'non-nmethods': size=5712Kb used=1167Kb max_used=1181Kb free=4544Kb
 bounds [0x000000010c3e4000, 0x000000010c654000, 0x000000010c978000]
 total_blobs=1203 nmethods=706 adapters=414
 compilation: enabled
              stopped_count=0, restarted_count=0
 full_count=0

Compilation events (20 events):
Event: 0.242 Thread 0x0000000153038c00  717       3       jdk.internal.org.objectweb.asm.ByteVector::putByteArray (49 bytes)
Event: 0.242 Thread 0x0000000153038c00 nmethod 717 0x000000010ca75510 code [0x000000010ca756c0, 0x000000010ca759c8]
Event: 0.242 Thread 0x0000000153038c00  715       3       jdk.internal.org.objectweb.asm.Frame::pop (44 bytes)
Event: 0.242 Thread 0x0000000153038c00 nmethod 715 0x000000010ca75b10 code [0x000000010ca75cc0, 0x000000010ca75ea8]
Event: 0.242 Thread 0x0000000153038c00  716       3       java.util.ArrayList$Itr::hasNext (20 bytes)
Event: 0.242 Thread 0x0000000153038c00 nmethod 716 0x000000010ca75f10 code [0x000000010ca760c0, 0x000000010ca76268]
Event: 0.250 Thread 0x0000000153038c00  720       3       java.util.Collections$UnmodifiableCollection$1::hasNext (10 bytes)
Event: 0.250 Thread 0x0000000153038c00 nmethod 720 0x000000010ca76310 code [0x000000010ca764c0, 0x000000010ca76718]
Event: 0.250 Thread 0x0000000153038c00  721       3       java.util.Collections$UnmodifiableCollection$1::next (10 bytes)
Event: 0.250 Thread 0x0000000153038c00 nmethod 721 0x000000010ca76810 code [0x000000010ca769c0, 0x000000010ca76bd8]
Event: 0.250 Thread 0x0000000153038c00  722       3       java.lang.invoke.MethodHandleNatives::isCallerSensitive (29 bytes)
Event: 0.251 Thread 0x0000000153038c00 nmethod 722 0x000000010ca76c90 code [0x000000010ca76ec0, 0x000000010ca77458]
Event: 0.251 Thread 0x0000000153038c00  723       3       jdk.internal.org.objectweb.asm.SymbolTable::addConstantMemberReference (147 bytes)
Event: 0.252 Thread 0x0000000153038c00 nmethod 723 0x000000010ca77690 code [0x000000010ca77980, 0x000000010ca78378]
Event: 0.252 Thread 0x0000000153038c00  724       3       jdk.internal.org.objectweb.asm.SymbolTable::hash (20 bytes)
Event: 0.252 Thread 0x0000000153038c00 nmethod 724 0x000000010ca78910 code [0x000000010ca78b00, 0x000000010ca78d78]
Event: 0.252 Thread 0x0000000153038c00  725       3       java.lang.invoke.MethodType::toMethodDescriptorString (28 bytes)
Event: 0.253 Thread 0x0000000153038c00 nmethod 725 0x000000010ca78f10 code [0x000000010ca790c0, 0x000000010ca79318]
Event: 0.254 Thread 0x0000000153038c00  730       3       java.util.AbstractList::<init> (10 bytes)
Event: 0.254 Thread 0x0000000153038c00 nmethod 730 0x000000010ca79410 code [0x000000010ca795c0, 0x000000010ca797e8]

GC Heap History (0 events):
No events

Deoptimization events (6 events):
Event: 0.048 Thread 0x0000000153808600 DEOPT PACKING pc=0x000000010c9c829c sp=0x000000016d4292c0
Event: 0.048 Thread 0x0000000153808600 DEOPT UNPACKING pc=0x000000010c422b7c sp=0x000000016d428f30 mode 0
Event: 0.058 Thread 0x0000000153808600 DEOPT PACKING pc=0x000000010c993004 sp=0x000000016d429f30
Event: 0.058 Thread 0x0000000153808600 DEOPT UNPACKING pc=0x000000010c422b7c sp=0x000000016d429b60 mode 0
Event: 0.064 Thread 0x0000000153808600 DEOPT PACKING pc=0x000000010c993004 sp=0x000000016d425ac0
Event: 0.064 Thread 0x0000000153808600 DEOPT UNPACKING pc=0x000000010c422b7c sp=0x000000016d4256f0 mode 0

Classes unloaded (0 events):
No events

Classes redefined (0 events):
No events

Internal exceptions (10 events):
Event: 0.067 Thread 0x000000013392ee00 Exception <a 'java/lang/NoSuchMethodError'{0x00000007879f1010}: 'java.lang.Object java.lang.invoke.DirectMethodHandle$Holder.invokeStaticInit(java.lang.Object)'> (0x00000007879f1010) 
thrown [open/src/hotspot/share/interpreter/linkResolver.cpp, line 766]
Event: 0.068 Thread 0x0000000153808600 Exception <a 'java/lang/NoSuchMethodError'{0x000000078771c7f0}: 'java.lang.Object java.lang.invoke.DirectMethodHandle$Holder.invokeStaticInit(java.lang.Object)'> (0x000000078771c7f0) 
thrown [open/src/hotspot/share/interpreter/linkResolver.cpp, line 766]
Event: 0.069 Thread 0x0000000153808600 Exception <a 'java/lang/NoSuchMethodError'{0x00000007877238d0}: 'void java.lang.invoke.DirectMethodHandle$Holder.invokeStatic(java.lang.Object, java.lang.Object)'> (0x00000007877238d0) 
thrown [open/src/hotspot/share/interpreter/linkResolver.cpp, line 766]
Event: 0.100 Thread 0x0000000153808600 Exception <a 'java/lang/NoSuchMethodError'{0x00000007875a9a50}: 'void java.lang.invoke.DirectMethodHandle$Holder.invokeSpecial(java.lang.Object, java.lang.Object, java.lang.Object)'> (0x00000007875a9a50) 
thrown [open/src/hotspot/share/interpreter/linkResolver.cpp, line 766]
Event: 0.104 Thread 0x0000000153808600 Exception <a 'java/lang/NoSuchMethodError'{0x00000007875e5af8}: 'void java.lang.invoke.DirectMethodHandle$Holder.invokeStatic(java.lang.Object, java.lang.Object, java.lang.Object)'> (0x00000007875e5af8) 
thrown [open/src/hotspot/share/interpreter/linkResolver.cpp, line 766]
Event: 0.152 Thread 0x0000000153808600 Exception <a 'java/lang/NoSuchMethodError'{0x00000007873125f8}: 'int java.lang.invoke.DirectMethodHandle$Holder.invokeStaticInit(java.lang.Object, java.lang.Object, java.lang.Object)'> (0x00000007873125f8) 
thrown [open/src/hotspot/share/interpreter/linkResolver.cpp, line 766]
Event: 0.239 Thread 0x0000000153837000 Exception <a 'java/lang/NoSuchMethodError'{0x00000007870b23d8}: 'void java.lang.invoke.DirectMethodHandle$Holder.invokeStaticInit(java.lang.Object)'> (0x00000007870b23d8) 
thrown [open/src/hotspot/share/interpreter/linkResolver.cpp, line 766]
Event: 0.241 Thread 0x0000000153808600 Exception <a 'java/lang/NoSuchMethodError'{0x00000007873c73b8}: 'java.lang.Object java.lang.invoke.DirectMethodHandle$Holder.newInvokeSpecial(java.lang.Object, java.lang.Object, java.lang.Object, java.lang.Object, java.lang.Object, java.lang.Object)'> (0x00000007873c73b8) 
thrown [open/src/hotspot/share/interpreter/linkResolver.cpp, line 766]
Event: 0.251 Thread 0x0000000153808600 Exception <a 'java/lang/NoSuchMethodError'{0x00000007870feab8}: 'java.lang.Object java.lang.invoke.DirectMethodHandle$Holder.newInvokeSpecial(java.lang.Object, java.lang.Object, java.lang.Object, java.lang.Object, java.lang.Object)'> (0x00000007870feab8) 
thrown [open/src/hotspot/share/interpreter/linkResolver.cpp, line 766]
Event: 0.253 Thread 0x00000001529b4800 Exception <a 'java/lang/NoSuchMethodError'{0x0000000786f7a658}: 'void java.lang.invoke.DirectMethodHandle$Holder.invokeStatic(java.lang.Object, java.lang.Object, java.lang.Object, java.lang.Object)'> (0x0000000786f7a658) 
thrown [open/src/hotspot/share/interpreter/linkResolver.cpp, line 766]

VM Operations (8 events):
Event: 0.031 Executing VM operation: HandshakeAllThreads
Event: 0.031 Executing VM operation: HandshakeAllThreads done
Event: 0.053 Executing VM operation: HandshakeAllThreads
Event: 0.053 Executing VM operation: HandshakeAllThreads done
Event: 0.066 Executing VM operation: HandshakeAllThreads
Event: 0.066 Executing VM operation: HandshakeAllThreads done
Event: 0.078 Executing VM operation: ICBufferFull
Event: 0.078 Executing VM operation: ICBufferFull done

Events (20 events):
Event: 0.223 loading class java/util/concurrent/ExecutionException
Event: 0.223 loading class java/util/concurrent/ExecutionException done
Event: 0.223 loading class java/util/concurrent/FutureTask$WaitNode
Event: 0.223 loading class java/util/concurrent/FutureTask$WaitNode done
Event: 0.223 loading class java/util/concurrent/Executors$RunnableAdapter
Event: 0.223 loading class java/util/concurrent/Executors$RunnableAdapter done
Event: 0.236 loading class java/lang/IndexOutOfBoundsException
Event: 0.236 loading class java/lang/IndexOutOfBoundsException done
Event: 0.237 loading class java/util/NoSuchElementException
Event: 0.237 loading class java/util/NoSuchElementException done
Event: 0.240 loading class java/util/AbstractList$Itr
Event: 0.240 loading class java/util/AbstractList$Itr done
Event: 0.240 loading class java/lang/NumberFormatException
Event: 0.240 loading class java/lang/NumberFormatException done
Event: 0.250 loading class java/lang/StackTraceElement$HashedModules
Event: 0.250 loading class java/lang/StackTraceElement$HashedModules done
Event: 0.252 Thread 0x00000001529b4800 Thread added: 0x00000001529b4800
Event: 0.252 Protecting memory [0x000000016ffe0000,0x000000016ffec000] with protection modes 0
Event: 0.253 Protecting memory [0x000000016fec8000,0x000000016fed4000] with protection modes 0
Event: 0.253 Thread 0x00000001538f5e00 Thread added: 0x00000001538f5e00


Dynamic libraries:
0x0000000102c98000 	/Library/Java/JavaVirtualMachines/jdk-17.jdk/Contents/Home/lib/libjli.dylib
0x00000001bf213000 	/usr/lib/libz.1.dylib
0x00000001bf2c3000 	/usr/lib/libSystem.B.dylib
0x00000001bf2bd000 	/usr/lib/system/libcache.dylib
0x00000001bf27b000 	/usr/lib/system/libcommonCrypto.dylib
0x00000001bf2a4000 	/usr/lib/system/libcompiler_rt.dylib
0x00000001bf29b000 	/usr/lib/system/libcopyfile.dylib
0x00000001b4606000 	/usr/lib/system/libcorecrypto.dylib
0x00000001b46ab000 	/usr/lib/system/libdispatch.dylib
0x00000001b4873000 	/usr/lib/system/libdyld.dylib
0x00000001bf2b3000 	/usr/lib/system/libkeymgr.dylib
0x00000001bf25d000 	/usr/lib/system/libmacho.dylib
0x00000001be961000 	/usr/lib/system/libquarantine.dylib
0x00000001bf2b0000 	/usr/lib/system/libremovefile.dylib
0x00000001b9a02000 	/usr/lib/system/libsystem_asl.dylib
0x00000001b45b0000 	/usr/lib/system/libsystem_blocks.dylib
0x00000001b4731000 	/usr/lib/system/libsystem_c.dylib
0x00000001bf2a8000 	/usr/lib/system/libsystem_collections.dylib
0x00000001bde20000 	/usr/lib/system/libsystem_configuration.dylib
0x00000001bd0a4000 	/usr/lib/system/libsystem_containermanager.dylib
0x00000001befc4000 	/usr/lib/system/libsystem_coreservices.dylib
0x00000001b6f97000 	/usr/lib/system/libsystem_darwin.dylib
0x00000001bf2b4000 	/usr/lib/system/libsystem_dnssd.dylib
0x00000001b472e000 	/usr/lib/system/libsystem_featureflags.dylib
0x00000001b4888000 	/usr/lib/system/libsystem_info.dylib
0x00000001bf225000 	/usr/lib/system/libsystem_m.dylib
0x00000001b4680000 	/usr/lib/system/libsystem_malloc.dylib
0x00000001b9993000 	/usr/lib/system/libsystem_networkextension.dylib
0x00000001b73eb000 	/usr/lib/system/libsystem_notify.dylib
0x00000001c54c9000 	/usr/lib/system/libsystem_product_info_filter.dylib
0x00000001bde25000 	/usr/lib/system/libsystem_sandbox.dylib
0x00000001bf2ad000 	/usr/lib/system/libsystem_secinit.dylib
0x00000001b4830000 	/usr/lib/system/libsystem_kernel.dylib
0x00000001b4880000 	/usr/lib/system/libsystem_platform.dylib
0x00000001b4866000 	/usr/lib/system/libsystem_pthread.dylib
0x00000001bb13c000 	/usr/lib/system/libsystem_symptoms.dylib
0x00000001b45ec000 	/usr/lib/system/libsystem_trace.dylib
0x00000001bf288000 	/usr/lib/system/libunwind.dylib
0x00000001b45b2000 	/usr/lib/system/libxpc.dylib
0x00000001b4816000 	/usr/lib/libc++abi.dylib
0x00000001b46f2000 	/usr/lib/libobjc.A.dylib
0x00000001bf293000 	/usr/lib/liboah.dylib
0x00000001b47b2000 	/usr/lib/libc++.1.dylib
0x00000001caec4000 	/System/Library/Frameworks/Cocoa.framework/Versions/A/Cocoa
0x00000001b744b000 	/System/Library/Frameworks/AppKit.framework/Versions/C/AppKit
0x00000001ba97b000 	/System/Library/Frameworks/CoreData.framework/Versions/A/CoreData
0x00000001b57a8000 	/System/Library/Frameworks/Foundation.framework/Versions/C/Foundation
0x00000001b82ff000 	/System/Library/PrivateFrameworks/UIFoundation.framework/Versions/A/UIFoundation
0x00000001c51c3000 	/System/Library/PrivateFrameworks/RemoteViewServices.framework/Versions/A/RemoteViewServices
0x00000001bd7de000 	/System/Library/PrivateFrameworks/XCTTargetBootstrap.framework/Versions/A/XCTTargetBootstrap
0x00000001c0fc4000 	/System/Library/PrivateFrameworks/InternationalSupport.framework/Versions/A/InternationalSupport
0x00000001c104d000 	/System/Library/PrivateFrameworks/UserActivity.framework/Versions/A/UserActivity
0x00000001c04f2000 	/usr/lib/libspindump.dylib
0x00000001b856f000 	/System/Library/Frameworks/UniformTypeIdentifiers.framework/Versions/A/UniformTypeIdentifiers
0x00000001bbd6b000 	/usr/lib/libapp_launch_measurement.dylib
0x00000001bb2e3000 	/System/Library/PrivateFrameworks/CoreAnalytics.framework/Versions/A/CoreAnalytics
0x00000001bbd6e000 	/System/Library/PrivateFrameworks/CoreAutoLayout.framework/Versions/A/CoreAutoLayout
0x00000001bd0e1000 	/System/Library/Frameworks/Metal.framework/Versions/A/Metal
0x00000001bde30000 	/usr/lib/liblangid.dylib
0x00000001bd7e2000 	/System/Library/PrivateFrameworks/CoreSVG.framework/Versions/A/CoreSVG
0x00000001b9a36000 	/System/Library/PrivateFrameworks/SkyLight.framework/Versions/A/SkyLight
0x00000001b9e00000 	/System/Library/Frameworks/CoreGraphics.framework/Versions/A/CoreGraphics
0x00000001c5840000 	/System/Library/Frameworks/Accelerate.framework/Versions/A/Accelerate
0x00000001bff66000 	/System/Library/PrivateFrameworks/IconServices.framework/Versions/A/IconServices
0x00000001bd0c3000 	/System/Library/Frameworks/IOSurface.framework/Versions/A/IOSurface
0x00000001bb313000 	/usr/lib/libDiagnosticMessagesClient.dylib
0x00000001c8c87000 	/System/Library/Frameworks/ApplicationServices.framework/Versions/A/ApplicationServices
0x00000001bd7c6000 	/System/Library/PrivateFrameworks/DFRFoundation.framework/Versions/A/DFRFoundation
0x00000001b6cec000 	/usr/lib/libicucore.A.dylib
0x00000001c1dc5000 	/System/Library/Frameworks/AudioToolbox.framework/Versions/A/AudioToolbox
0x00000001c0fd0000 	/System/Library/PrivateFrameworks/DataDetectorsCore.framework/Versions/A/DataDetectorsCore
0x00000001d7102000 	/System/Library/PrivateFrameworks/TextInput.framework/Versions/A/TextInput
0x00000001b99ad000 	/usr/lib/libMobileGestalt.dylib
0x00000001bd496000 	/System/Library/Frameworks/Carbon.framework/Versions/A/Frameworks/HIToolbox.framework/Versions/A/HIToolbox
0x00000001bb774000 	/System/Library/Frameworks/QuartzCore.framework/Versions/A/QuartzCore
0x00000001b6969000 	/System/Library/Frameworks/Security.framework/Versions/A/Security
0x00000001c5203000 	/System/Library/Frameworks/Carbon.framework/Versions/A/Frameworks/SpeechRecognition.framework/Versions/A/SpeechRecognition
0x00000001bbac2000 	/System/Library/PrivateFrameworks/CoreUI.framework/Versions/A/CoreUI
0x00000001b623a000 	/System/Library/Frameworks/CoreAudio.framework/Versions/A/CoreAudio
0x00000001bb407000 	/System/Library/Frameworks/DiskArbitration.framework/Versions/A/DiskArbitration
0x00000001c08d7000 	/System/Library/PrivateFrameworks/MultitouchSupport.framework/Versions/A/MultitouchSupport
0x00000001b99ab000 	/usr/lib/libenergytrace.dylib
0x00000001b7315000 	/System/Library/Frameworks/IOKit.framework/Versions/A/IOKit
0x00000001c55ec000 	/System/Library/Frameworks/CoreServices.framework/Versions/A/CoreServices
0x00000001bbcfb000 	/System/Library/PrivateFrameworks/PerformanceAnalysis.framework/Versions/A/PerformanceAnalysis
0x0000000215c75000 	/System/Library/Frameworks/OpenGL.framework/Versions/A/OpenGL
0x00000001be881000 	/System/Library/PrivateFrameworks/MobileKeyBag.framework/Versions/A/MobileKeyBag
0x00000001ba410000 	/System/Library/Frameworks/ColorSync.framework/Versions/A/ColorSync
0x00000001b48b4000 	/System/Library/Frameworks/CoreFoundation.framework/Versions/A/CoreFoundation
0x00000001bda63000 	/System/Library/Frameworks/CoreImage.framework/Versions/A/CoreImage
0x00000001b605d000 	/System/Library/Frameworks/CoreText.framework/Versions/A/CoreText
0x00000001bd812000 	/System/Library/Frameworks/ImageIO.framework/Versions/A/ImageIO
0x00000001bf2c9000 	/System/Library/PrivateFrameworks/SoftLinking.framework/Versions/A/SoftLinking
0x00000001bbdb8000 	/usr/lib/libxml2.2.dylib
0x00000001bf562000 	/usr/lib/libcompression.dylib
0x00000001c0f1d000 	/System/Library/PrivateFrameworks/TextureIO.framework/Versions/A/TextureIO
0x00000001bfc80000 	/usr/lib/libate.dylib
0x00000001bfb48000 	/usr/lib/liblzma.5.dylib
0x00000001b549c000 	/System/Library/Frameworks/SystemConfiguration.framework/Versions/A/SystemConfiguration
0x00000001bf2c5000 	/usr/lib/libfakelink.dylib
0x00000001b94da000 	/System/Library/Frameworks/CFNetwork.framework/Versions/A/CFNetwork
0x00000001bf40c000 	/usr/lib/libarchive.2.dylib
0x00000001bde2c000 	/System/Library/PrivateFrameworks/AppleSystemInfo.framework/Versions/A/AppleSystemInfo
0x00000001be98c000 	/usr/lib/libbsm.0.dylib
0x00000001b8a12000 	/usr/lib/libnetwork.dylib
0x00000001bf263000 	/usr/lib/system/libkxld.dylib
0x00000001be5a3000 	/System/Library/PrivateFrameworks/IOMobileFramebuffer.framework/Versions/A/IOMobileFramebuffer
0x00000002319da000 	/usr/lib/libCoreEntitlements.dylib
0x00000001befa6000 	/System/Library/PrivateFrameworks/AppleFSCompression.framework/Versions/A/AppleFSCompression
0x00000001be974000 	/usr/lib/libcoretls.dylib
0x00000001bfb61000 	/usr/lib/libcoretls_cfhelpers.dylib
0x00000001bf55d000 	/usr/lib/libpam.2.dylib
0x00000001bad64000 	/usr/lib/libsqlite3.dylib
0x00000001bfbc9000 	/usr/lib/libxar.1.dylib
0x00000001befb7000 	/usr/lib/libbz2.1.0.dylib
0x00000001bf2ca000 	/usr/lib/libpcap.A.dylib
0x00000001bb133000 	/usr/lib/libdns_services.dylib
0x00000001bf530000 	/usr/lib/libapple_nghttp2.dylib
0x00000001bf307000 	/usr/lib/libiconv.2.dylib
0x00000001bf25c000 	/usr/lib/libcharset.1.dylib
0x00000001bbd37000 	/System/Library/Frameworks/CoreServices.framework/Versions/A/Frameworks/FSEvents.framework/Versions/A/FSEvents
0x00000001b6fa2000 	/System/Library/Frameworks/CoreServices.framework/Versions/A/Frameworks/CarbonCore.framework/Versions/A/CarbonCore
0x00000001bb36a000 	/System/Library/Frameworks/CoreServices.framework/Versions/A/Frameworks/Metadata.framework/Versions/A/Metadata
0x00000001befca000 	/System/Library/Frameworks/CoreServices.framework/Versions/A/Frameworks/OSServices.framework/Versions/A/OSServices
0x00000001bf492000 	/System/Library/Frameworks/CoreServices.framework/Versions/A/Frameworks/SearchKit.framework/Versions/A/SearchKit
0x00000001bb0c1000 	/System/Library/Frameworks/CoreServices.framework/Versions/A/Frameworks/AE.framework/Versions/A/AE
0x00000001b4df8000 	/System/Library/Frameworks/CoreServices.framework/Versions/A/Frameworks/LaunchServices.framework/Versions/A/LaunchServices
0x00000001bfaf1000 	/System/Library/Frameworks/CoreServices.framework/Versions/A/Frameworks/DictionaryServices.framework/Versions/A/DictionaryServices
0x00000001bbd44000 	/System/Library/Frameworks/CoreServices.framework/Versions/A/Frameworks/SharedFileList.framework/Versions/A/SharedFileList
0x00000001be964000 	/usr/lib/libCheckFix.dylib
0x00000001b9a1a000 	/System/Library/PrivateFrameworks/TCC.framework/Versions/A/TCC
0x00000001bde32000 	/System/Library/PrivateFrameworks/CoreNLP.framework/Versions/A/CoreNLP
0x00000001bb316000 	/System/Library/PrivateFrameworks/MetadataUtilities.framework/Versions/A/MetadataUtilities
0x00000001b5555000 	/usr/lib/libmecabra.dylib
0x00000001be99d000 	/usr/lib/libmecab.dylib
0x00000001b5521000 	/usr/lib/libCRFSuite.dylib
0x00000001be9fb000 	/usr/lib/libgermantok.dylib
0x00000001bf509000 	/usr/lib/libThaiTokenizer.dylib
0x00000001bb40f000 	/System/Library/Frameworks/Accelerate.framework/Versions/A/Frameworks/vImage.framework/Versions/A/vImage
0x00000001c55c3000 	/System/Library/Frameworks/Accelerate.framework/Versions/A/Frameworks/vecLib.framework/Versions/A/vecLib
0x00000001bfc0d000 	/System/Library/Frameworks/Accelerate.framework/Versions/A/Frameworks/vecLib.framework/Versions/A/libvMisc.dylib
0x00000001be4ad000 	/System/Library/Frameworks/Accelerate.framework/Versions/A/Frameworks/vecLib.framework/Versions/A/libvDSP.dylib
0x00000001b517b000 	/System/Library/Frameworks/Accelerate.framework/Versions/A/Frameworks/vecLib.framework/Versions/A/libBLAS.dylib
0x00000001bf631000 	/System/Library/Frameworks/Accelerate.framework/Versions/A/Frameworks/vecLib.framework/Versions/A/libLAPACK.dylib
0x00000001be9fe000 	/System/Library/Frameworks/Accelerate.framework/Versions/A/Frameworks/vecLib.framework/Versions/A/libLinearAlgebra.dylib
0x00000001bf548000 	/System/Library/Frameworks/Accelerate.framework/Versions/A/Frameworks/vecLib.framework/Versions/A/libSparseBLAS.dylib
0x00000001bf62c000 	/System/Library/Frameworks/Accelerate.framework/Versions/A/Frameworks/vecLib.framework/Versions/A/libQuadrature.dylib
0x00000001bdf29000 	/System/Library/Frameworks/Accelerate.framework/Versions/A/Frameworks/vecLib.framework/Versions/A/libBNNS.dylib
0x00000001b5439000 	/System/Library/Frameworks/Accelerate.framework/Versions/A/Frameworks/vecLib.framework/Versions/A/libSparse.dylib
0x00000001bdf21000 	/System/Library/PrivateFrameworks/LinguisticData.framework/Versions/A/LinguisticData
0x00000001b53ef000 	/System/Library/PrivateFrameworks/Lexicon.framework/Versions/A/Lexicon
0x00000001bfc05000 	/usr/lib/libChineseTokenizer.dylib
0x00000001b5b96000 	/System/Library/PrivateFrameworks/LanguageModeling.framework/Versions/A/LanguageModeling
0x00000001bf50b000 	/System/Library/PrivateFrameworks/AppleSauce.framework/Versions/A/AppleSauce
0x00000001be590000 	/System/Library/PrivateFrameworks/CoreEmoji.framework/Versions/A/CoreEmoji
0x00000001bf3fa000 	/usr/lib/libcmph.dylib
0x00000001bbd17000 	/System/Library/Frameworks/OpenDirectory.framework/Versions/A/Frameworks/CFOpenDirectory.framework/Versions/A/CFOpenDirectory
0x00000001bbd07000 	/System/Library/Frameworks/OpenDirectory.framework/Versions/A/OpenDirectory
0x00000001bfb63000 	/System/Library/PrivateFrameworks/APFS.framework/Versions/A/APFS
0x00000001be8bc000 	/System/Library/Frameworks/SecurityFoundation.framework/Versions/A/SecurityFoundation
0x00000001bfbd7000 	/usr/lib/libutil.dylib
0x00000001b72d7000 	/System/Library/PrivateFrameworks/CoreServicesStore.framework/Versions/A/CoreServicesStore
0x00000001bfbdb000 	/usr/lib/libxslt.1.dylib
0x00000001be950000 	/System/Library/PrivateFrameworks/BackgroundTaskManagement.framework/Versions/A/BackgroundTaskManagement
0x00000001c0e3e000 	/System/Library/Frameworks/ImageIO.framework/Versions/A/Resources/libRadiance.dylib
0x00000001c0e47000 	/System/Library/Frameworks/ImageIO.framework/Versions/A/Resources/libJPEG.dylib
0x00000001c0d99000 	/System/Library/Frameworks/ImageIO.framework/Versions/A/Resources/libPng.dylib
0x00000001c0dbb000 	/System/Library/Frameworks/ImageIO.framework/Versions/A/Resources/libTIFF.dylib
0x00000001c0ea2000 	/System/Library/Frameworks/ImageIO.framework/Versions/A/Resources/libGIF.dylib
0x00000001c07e7000 	/System/Library/Frameworks/ImageIO.framework/Versions/A/Resources/libJP2.dylib
0x00000001bff2c000 	/usr/lib/libexpat.1.dylib
0x00000001c07a2000 	/System/Library/PrivateFrameworks/AppleJPEG.framework/Versions/A/AppleJPEG
0x00000001bd355000 	/System/Library/PrivateFrameworks/FontServices.framework/libFontParser.dylib
0x00000001bb066000 	/System/Library/PrivateFrameworks/RunningBoardServices.framework/Versions/A/RunningBoardServices
0x00000001cb537000 	/System/Library/PrivateFrameworks/IOSurfaceAccelerator.framework/Versions/A/IOSurfaceAccelerator
0x00000001c08d3000 	/System/Library/PrivateFrameworks/WatchdogClient.framework/Versions/A/WatchdogClient
0x00000001b5c9a000 	/System/Library/Frameworks/CoreDisplay.framework/Versions/A/CoreDisplay
0x00000001bd243000 	/System/Library/Frameworks/CoreMedia.framework/Versions/A/CoreMedia
0x00000001bd0d7000 	/System/Library/PrivateFrameworks/IOAccelerator.framework/Versions/A/IOAccelerator
0x00000001bbea5000 	/System/Library/Frameworks/CoreVideo.framework/Versions/A/CoreVideo
0x00000001bf55b000 	/System/Library/Frameworks/MetalPerformanceShaders.framework/Versions/A/MetalPerformanceShaders
0x00000001c0910000 	/System/Library/Frameworks/VideoToolbox.framework/Versions/A/VideoToolbox
0x00000001bafaa000 	/System/Library/PrivateFrameworks/BaseBoard.framework/Versions/A/BaseBoard
0x00000001bad49000 	/System/Library/PrivateFrameworks/ProtocolBuffer.framework/Versions/A/ProtocolBuffer
0x00000001c0e39000 	/System/Library/PrivateFrameworks/GPUWrangler.framework/Versions/A/GPUWrangler
0x00000001c0e18000 	/System/Library/PrivateFrameworks/IOPresentment.framework/Versions/A/IOPresentment
0x00000001c0e41000 	/System/Library/PrivateFrameworks/DSExternalDisplay.framework/Versions/A/DSExternalDisplay
0x0000000215c68000 	/System/Library/Frameworks/OpenGL.framework/Versions/A/Libraries/libCoreFSCache.dylib
0x000000021f429000 	/System/Library/PrivateFrameworks/GPUCompiler.framework/Versions/31001/Libraries/libGPUCompilerUtils.dylib
0x00000001c0ea7000 	/System/Library/PrivateFrameworks/CMCaptureCore.framework/Versions/A/CMCaptureCore
0x00000001c04e0000 	/System/Library/PrivateFrameworks/AppServerSupport.framework/Versions/A/AppServerSupport
0x00000001c2680000 	/System/Library/PrivateFrameworks/perfdata.framework/Versions/A/perfdata
0x00000001b5dba000 	/System/Library/PrivateFrameworks/AudioToolboxCore.framework/Versions/A/AudioToolboxCore
0x00000001bd21b000 	/System/Library/PrivateFrameworks/caulk.framework/Versions/A/caulk
0x00000001c1f75000 	/usr/lib/libAudioStatistics.dylib
0x00000001d387b000 	/System/Library/PrivateFrameworks/SystemPolicy.framework/Versions/A/SystemPolicy
0x00000001c21d5000 	/usr/lib/libSMC.dylib
0x00000001cada6000 	/System/Library/Frameworks/CoreMIDI.framework/Versions/A/CoreMIDI
0x00000001c0d67000 	/usr/lib/libAudioToolboxUtility.dylib
0x00000001cfcb4000 	/System/Library/PrivateFrameworks/OSAServicesClient.framework/Versions/A/OSAServicesClient
0x00000001c268d000 	/usr/lib/libperfcheck.dylib
0x00000001d437e000 	/usr/lib/libmis.dylib
0x0000000215cc9000 	/System/Library/Frameworks/OpenGL.framework/Versions/A/Libraries/libGLU.dylib
0x0000000215c88000 	/System/Library/Frameworks/OpenGL.framework/Versions/A/Libraries/libGFXShared.dylib
0x0000000215e72000 	/System/Library/Frameworks/OpenGL.framework/Versions/A/Libraries/libGL.dylib
0x0000000215c91000 	/System/Library/Frameworks/OpenGL.framework/Versions/A/Libraries/libGLImage.dylib
0x0000000215c85000 	/System/Library/Frameworks/OpenGL.framework/Versions/A/Libraries/libCVMSPluginSupport.dylib
0x0000000215c6f000 	/System/Library/Frameworks/OpenGL.framework/Versions/A/Libraries/libCoreVMClient.dylib
0x00000001bddad000 	/System/Library/Frameworks/MetalPerformanceShaders.framework/Versions/A/Frameworks/MPSCore.framework/Versions/A/MPSCore
0x00000001bef19000 	/System/Library/Frameworks/MetalPerformanceShaders.framework/Versions/A/Frameworks/MPSImage.framework/Versions/A/MPSImage
0x00000001bea13000 	/System/Library/Frameworks/MetalPerformanceShaders.framework/Versions/A/Frameworks/MPSNeuralNetwork.framework/Versions/A/MPSNeuralNetwork
0x00000001bee50000 	/System/Library/Frameworks/MetalPerformanceShaders.framework/Versions/A/Frameworks/MPSMatrix.framework/Versions/A/MPSMatrix
0x00000001bec2b000 	/System/Library/Frameworks/MetalPerformanceShaders.framework/Versions/A/Frameworks/MPSRayIntersector.framework/Versions/A/MPSRayIntersector
0x00000001bee81000 	/System/Library/Frameworks/MetalPerformanceShaders.framework/Versions/A/Frameworks/MPSNDArray.framework/Versions/A/MPSNDArray
0x000000021799f000 	/System/Library/Frameworks/MetalPerformanceShaders.framework/Versions/A/Frameworks/MPSFunctions.framework/Versions/A/MPSFunctions
0x00000001b5059000 	/System/Library/PrivateFrameworks/MetalTools.framework/Versions/A/MetalTools
0x00000001bde2a000 	/System/Library/PrivateFrameworks/AggregateDictionary.framework/Versions/A/AggregateDictionary
0x00000001bfd12000 	/usr/lib/libIOReport.dylib
0x00000001c9d8d000 	/System/Library/PrivateFrameworks/ASEProcessing.framework/Versions/A/ASEProcessing
0x00000001c0085000 	/System/Library/PrivateFrameworks/FaceCore.framework/Versions/A/FaceCore
0x00000001c0077000 	/System/Library/PrivateFrameworks/GraphVisualizer.framework/Versions/A/GraphVisualizer
0x000000021f340000 	/System/Library/PrivateFrameworks/FontServices.framework/Versions/A/FontServices
0x00000001c049a000 	/System/Library/PrivateFrameworks/OTSVG.framework/Versions/A/OTSVG
0x00000001bba73000 	/System/Library/Frameworks/ApplicationServices.framework/Versions/A/Frameworks/ATS.framework/Versions/A/Resources/libFontRegistry.dylib
0x00000001c04e9000 	/System/Library/PrivateFrameworks/FontServices.framework/libhvf.dylib
0x000000021f341000 	/System/Library/PrivateFrameworks/FontServices.framework/libXTFontStaticRegistryData.dylib
0x0000000216014000 	/System/Library/Frameworks/OpenCL.framework/Versions/A/OpenCL
0x00000001bfee0000 	/System/Library/PrivateFrameworks/AppleVA.framework/Versions/A/AppleVA
0x00000001c1f9d000 	/System/Library/Frameworks/ApplicationServices.framework/Versions/A/Frameworks/ATS.framework/Versions/A/ATS
0x00000001ba50d000 	/System/Library/Frameworks/ApplicationServices.framework/Versions/A/Frameworks/HIServices.framework/Versions/A/HIServices
0x00000001c0eb1000 	/System/Library/Frameworks/ApplicationServices.framework/Versions/A/Frameworks/PrintCore.framework/Versions/A/PrintCore
0x00000001c2328000 	/System/Library/Frameworks/ApplicationServices.framework/Versions/A/Frameworks/QD.framework/Versions/A/QD
0x00000001c2320000 	/System/Library/Frameworks/ApplicationServices.framework/Versions/A/Frameworks/ColorSyncLegacy.framework/Versions/A/ColorSyncLegacy
0x00000001c1f89000 	/System/Library/Frameworks/ApplicationServices.framework/Versions/A/Frameworks/SpeechSynthesis.framework/Versions/A/SpeechSynthesis
0x00000001c0e72000 	/System/Library/Frameworks/ApplicationServices.framework/Versions/A/Frameworks/ATSUI.framework/Versions/A/ATSUI
0x00000001c22b5000 	/usr/lib/libcups.2.dylib
0x00000001c269b000 	/System/Library/Frameworks/Kerberos.framework/Versions/A/Kerberos
0x00000001c26ac000 	/System/Library/Frameworks/GSS.framework/Versions/A/GSS
0x00000001c200c000 	/usr/lib/libresolv.9.dylib
0x00000001c04f7000 	/System/Library/PrivateFrameworks/Heimdal.framework/Versions/A/Heimdal
0x00000001c8ffd000 	/System/Library/Frameworks/Kerberos.framework/Versions/A/Libraries/libHeimdalProxy.dylib
0x00000001bb145000 	/System/Library/Frameworks/Network.framework/Versions/A/Network
0x00000001bff47000 	/usr/lib/libheimdal-asn1.dylib
0x00000001c26f2000 	/System/Library/PrivateFrameworks/CommonAuth.framework/Versions/A/CommonAuth
0x00000001c1f03000 	/System/Library/PrivateFrameworks/AudioSession.framework/Versions/A/AudioSession
0x00000001bffd8000 	/System/Library/PrivateFrameworks/MediaExperience.framework/Versions/A/MediaExperience
0x00000001c1d8b000 	/System/Library/PrivateFrameworks/AudioSession.framework/libSessionUtility.dylib
0x00000001c2334000 	/System/Library/PrivateFrameworks/AudioResourceArbitration.framework/Versions/A/AudioResourceArbitration
0x00000001c643f000 	/System/Library/PrivateFrameworks/PowerLog.framework/Versions/A/PowerLog
0x00000001bff50000 	/System/Library/PrivateFrameworks/IconFoundation.framework/Versions/A/IconFoundation
0x00000001c51ef000 	/System/Library/PrivateFrameworks/SpeechRecognitionCore.framework/Versions/A/SpeechRecognitionCore
0x0000000103d84000 	/Library/Java/JavaVirtualMachines/jdk-17.jdk/Contents/Home/lib/server/libjvm.dylib
0x0000000102eb0000 	/Library/Java/JavaVirtualMachines/jdk-17.jdk/Contents/Home/lib/libjimage.dylib
0x0000000102edc000 	/Library/Java/JavaVirtualMachines/jdk-17.jdk/Contents/Home/lib/libinstrument.dylib
0x0000000102f28000 	/Library/Java/JavaVirtualMachines/jdk-17.jdk/Contents/Home/lib/libjava.dylib
0x000000012144c000 	/Library/Java/JavaVirtualMachines/jdk-17.jdk/Contents/Home/lib/libnio.dylib
0x000000012146c000 	/Library/Java/JavaVirtualMachines/jdk-17.jdk/Contents/Home/lib/libnet.dylib
0x0000000102f10000 	/Library/Java/JavaVirtualMachines/jdk-17.jdk/Contents/Home/lib/libzip.dylib
0x0000000121490000 	/Library/Java/JavaVirtualMachines/jdk-17.jdk/Contents/Home/lib/libextnet.dylib
0x00000001214a4000 	/Users/mohammedjammeh/Documents/javafx-sdk-17.0.0.1/lib/libprism_es2.dylib
0x00000001b729a000 	/System/Library/PrivateFrameworks/CoreServicesInternal.framework/Versions/A/CoreServicesInternal
0x0000000215e7c000 	/System/Library/Frameworks/OpenGL.framework/Versions/A/Resources/GLEngine.bundle/GLEngine
0x0000000215d03000 	/System/Library/Frameworks/OpenGL.framework/Versions/A/Libraries/libGLProgrammability.dylib
0x000000012169c000 	/System/Library/Extensions/AppleMetalOpenGLRenderer.bundle/Contents/MacOS/AppleMetalOpenGLRenderer
0x0000000215feb000 	/System/Library/Frameworks/OpenGL.framework/Versions/A/Resources/GLRendererFloat.bundle/GLRendererFloat
0x000000021608c000 	/System/Library/Extensions/AGXMetal13_3.bundle/Contents/MacOS/AGXMetal13_3
0x00000001d439a000 	/System/Library/PrivateFrameworks/GPURawCounter.framework/Versions/A/GPURawCounter
0x00000001cee3b000 	/System/Library/PrivateFrameworks/IOGPU.framework/Versions/A/IOGPU
0x0000000121798000 	/Users/mohammedjammeh/Documents/javafx-sdk-17.0.0.1/lib/libglass.dylib
0x00000001c6693000 	/System/Library/Frameworks/FileProvider.framework/Versions/A/FileProvider
0x00000001baf12000 	/System/Library/Frameworks/Accounts.framework/Versions/A/Accounts
0x00000001c6813000 	/System/Library/PrivateFrameworks/GenerationalStorage.framework/Versions/A/GenerationalStorage
0x00000001c73c9000 	/System/Library/PrivateFrameworks/CoreSymbolication.framework/Versions/A/CoreSymbolication
0x00000001c6433000 	/System/Library/PrivateFrameworks/SymptomDiagnosticReporter.framework/Versions/A/SymptomDiagnosticReporter
0x00000001b8583000 	/System/Library/PrivateFrameworks/DesktopServicesPriv.framework/Versions/A/DesktopServicesPriv
0x00000001b73fa000 	/usr/lib/libsandbox.1.dylib
0x00000001bbf32000 	/System/Library/PrivateFrameworks/UserManagement.framework/Versions/A/UserManagement
0x00000001c738a000 	/System/Library/PrivateFrameworks/DebugSymbols.framework/Versions/A/DebugSymbols
0x00000001c2313000 	/System/Library/PrivateFrameworks/NetAuth.framework/Versions/A/NetAuth
0x00000001c3218000 	/System/Library/PrivateFrameworks/Sharing.framework/Versions/A/Sharing
0x00000001bbf02000 	/System/Library/PrivateFrameworks/login.framework/Versions/A/Frameworks/loginsupport.framework/Versions/A/loginsupport
0x00000001c8541000 	/System/Library/PrivateFrameworks/Apple80211.framework/Versions/A/Apple80211
0x00000001beffd000 	/System/Library/PrivateFrameworks/AuthKit.framework/Versions/A/AuthKit
0x00000001be68f000 	/System/Library/PrivateFrameworks/CoreUtils.framework/Versions/A/CoreUtils
0x00000001be5af000 	/System/Library/Frameworks/CoreWLAN.framework/Versions/A/CoreWLAN
0x00000001c3382000 	/System/Library/Frameworks/IOBluetooth.framework/Versions/A/IOBluetooth
0x00000001c85a1000 	/System/Library/PrivateFrameworks/CoreWiFi.framework/Versions/A/CoreWiFi
0x00000001c6f71000 	/System/Library/PrivateFrameworks/FrontBoardServices.framework/Versions/A/FrontBoardServices
0x00000001c7009000 	/System/Library/PrivateFrameworks/BoardServices.framework/Versions/A/BoardServices
0x00000001be8aa000 	/System/Library/PrivateFrameworks/AssertionServices.framework/Versions/A/AssertionServices
0x00000001c870f000 	/System/Library/PrivateFrameworks/BackBoardServices.framework/Versions/A/BackBoardServices
0x00000001c2785000 	/System/Library/PrivateFrameworks/CorePhoneNumbers.framework/Versions/A/CorePhoneNumbers
0x00000001c6563000 	/System/Library/PrivateFrameworks/DiskManagement.framework/Versions/A/DiskManagement
0x00000001c6466000 	/System/Library/PrivateFrameworks/AppleIDAuthSupport.framework/Versions/A/AppleIDAuthSupport
0x0000000219c68000 	/System/Library/PrivateFrameworks/AAAFoundation.framework/Versions/A/AAAFoundation
0x00000001c2764000 	/System/Library/PrivateFrameworks/KeychainCircle.framework/Versions/A/KeychainCircle
0x00000001c652f000 	/System/Library/PrivateFrameworks/MediaKit.framework/Versions/A/MediaKit
0x00000001c6473000 	/System/Library/Frameworks/DiscRecording.framework/Versions/A/DiscRecording
0x00000001bfe5c000 	/usr/lib/libCoreStorage.dylib
0x00000001c8a0b000 	/usr/lib/libcsfde.dylib
0x00000001c3457000 	/System/Library/PrivateFrameworks/ProtectedCloudStorage.framework/Versions/A/ProtectedCloudStorage
0x00000001c8a03000 	/System/Library/PrivateFrameworks/EFILogin.framework/Versions/A/EFILogin
0x00000001c683a000 	/System/Library/PrivateFrameworks/OctagonTrust.framework/Versions/A/OctagonTrust
0x000000021e58c000 	/System/Library/PrivateFrameworks/CoreUtilsExtras.framework/Versions/A/CoreUtilsExtras
0x00000001c63a9000 	/System/Library/Frameworks/CoreBluetooth.framework/Versions/A/CoreBluetooth
0x00000001c9082000 	/System/Library/Frameworks/AudioUnit.framework/Versions/A/AudioUnit
0x00000001bfe54000 	/usr/lib/libMatch.1.dylib
0x00000001d867d000 	/System/Library/Frameworks/Accelerate.framework/Versions/A/Frameworks/vImage.framework/Versions/A/Libraries/libCGInterfaces.dylib
0x0000000125720000 	/usr/lib/libobjc-trampolines.dylib
0x0000000231b54000 	/usr/lib/libRosetta.dylib
0x00000001bbbff000 	/System/Library/PrivateFrameworks/ViewBridge.framework/Versions/A/ViewBridge
0x00000001c05a5000 	/System/Library/PrivateFrameworks/login.framework/Versions/A/login
0x00000001bfd1b000 	/System/Library/PrivateFrameworks/CrashReporterSupport.framework/Versions/A/CrashReporterSupport
0x00000001e003d000 	/System/Library/PrivateFrameworks/OSAnalytics.framework/Versions/A/OSAnalytics
0x00000001eb081000 	/System/Library/PrivateFrameworks/Symbolication.framework/Versions/A/Symbolication
0x00000001d435b000 	/System/Library/PrivateFrameworks/MallocStackLogging.framework/Versions/A/MallocStackLogging


VM Arguments:
jvm_args: --module-path=/Users/mohammedjammeh/Documents/javafx-sdk-17.0.0.1/lib --add-modules=javafx.controls,javafx.fxml -Djava.library.path=/Users/mohammedjammeh/Documents/javafx-sdk-17.0.0.1/lib -javaagent:/Applications/IntelliJ IDEA.app/Contents/lib/idea_rt.jar=49491:/Applications/IntelliJ IDEA.app/Contents/bin -Dfile.encoding=UTF-8 
java_command: com.projects.gamcare.Main
java_class_path (initial): /Users/mohammedjammeh/IdeaProjects/GamCare/target/classes:/Users/mohammedjammeh/Documents/javafx-sdk-17.0.0.1/lib/javafx-swt.jar:/Users/mohammedjammeh/Documents/javafx-sdk-17.0.0.1/lib/javafx.web.jar:/Users/mohammedjammeh/Documents/javafx-sdk-17.0.0.1/lib/javafx.base.jar:/Users/mohammedjammeh/Documents/javafx-sdk-17.0.0.1/lib/javafx.fxml.jar:/Users/mohammedjammeh/Documents/javafx-sdk-17.0.0.1/lib/javafx.media.jar:/Users/mohammedjammeh/Documents/javafx-sdk-17.0.0.1/lib/javafx.swing.jar:/Users/mohammedjammeh/Documents/javafx-sdk-17.0.0.1/lib/javafx.controls.jar:/Users/mohammedjammeh/Documents/javafx-sdk-17.0.0.1/lib/javafx.graphics.jar:/Users/mohammedjammeh/IdeaProjects/GamCare/lib/mysql-connector-java-8.0.27.jar:/Users/mohammedjammeh/.m2/repository/org/openjfx/javafx-controls/11.0.2/javafx-controls-11.0.2.jar:/Users/mohammedjammeh/.m2/repository/org/openjfx/javafx-controls/11.0.2/javafx-controls-11.0.2-mac.jar:/Users/mohammedjammeh/.m2/repository/org/openjfx/javafx-graphics/11.0.2/javafx-graphics-11.0.2.jar:/Users/mohammedjammeh/.m2/repository/org/openjfx/javafx-graphics/11.0.2/javafx-graphics-11.0.2-mac.jar:/Users/mohammedjammeh/.m2/repository/org/openjfx/javafx-base/11.0.2/javafx-base-11.0.2.jar:/Users/mohammedjammeh/.m2/repository/org/openjfx/javafx-base/11.0.2/javafx-base-11.0.2-mac.jar:/Users/mohammedjammeh/.m2/repository/org/openjfx/javafx-fxml/11.0.2/javafx-fxml-11.0.2.jar:/Users/mohammedjammeh/.m2/repository/org/openjfx/javafx-fxml/11.0.2/javafx-fxml-11.0.2-mac.jar
Launcher Type: SUN_STANDARD

[Global flags]
     intx CICompilerCount                          = 4                                         {product} {ergonomic}
     uint ConcGCThreads                            = 2                                         {product} {ergonomic}
     uint G1ConcRefinementThreads                  = 8                                         {product} {ergonomic}
   size_t G1HeapRegionSize                         = 1048576                                   {product} {ergonomic}
    uintx GCDrainStackTargetSize                   = 64                                        {product} {ergonomic}
   size_t InitialHeapSize                          = 134217728                                 {product} {ergonomic}
   size_t MarkStackSize                            = 4194304                                   {product} {ergonomic}
   size_t MaxHeapSize                              = 2147483648                                {product} {ergonomic}
   size_t MaxNewSize                               = 1287651328                                {product} {ergonomic}
   size_t MinHeapDeltaBytes                        = 1048576                                   {product} {ergonomic}
   size_t MinHeapSize                              = 8388608                                   {product} {ergonomic}
    uintx NonNMethodCodeHeapSize                   = 5839564                                {pd product} {ergonomic}
    uintx NonProfiledCodeHeapSize                  = 122909338                              {pd product} {ergonomic}
    uintx ProfiledCodeHeapSize                     = 122909338                              {pd product} {ergonomic}
    uintx ReservedCodeCacheSize                    = 251658240                              {pd product} {ergonomic}
     bool SegmentedCodeCache                       = true                                      {product} {ergonomic}
   size_t SoftMaxHeapSize                          = 2147483648                             {manageable} {ergonomic}
     bool UseCompressedClassPointers               = true                           {product lp64_product} {ergonomic}
     bool UseCompressedOops                        = true                           {product lp64_product} {ergonomic}
     bool UseG1GC                                  = true                                      {product} {ergonomic}
     bool UseNUMA                                  = false                                     {product} {ergonomic}
     bool UseNUMAInterleaving                      = false                                     {product} {ergonomic}

Logging:
Log output configuration:
 #0: stdout all=warning uptime,level,tags
 #1: stderr all=off uptime,level,tags

Environment Variables:
PATH=/opt/homebrew/opt/openjdk/bin:/opt/homebrew/bin:/usr/local/bin:/usr/bin:/bin:/usr/sbin:/sbin
SHELL=/bin/zsh
LC_CTYPE=en_GB.UTF-8

Signal Handlers:
   SIGSEGV: _ZL13crash_handleriP9__siginfoPv in libjvm.dylib, mask=11100110000111110111111111111111, flags=SA_RESTART|SA_SIGINFO
    SIGBUS: _ZL13crash_handleriP9__siginfoPv in libjvm.dylib, mask=11100110000111110111111111111111, flags=SA_RESTART|SA_SIGINFO
    SIGFPE: _ZL13crash_handleriP9__siginfoPv in libjvm.dylib, mask=11100110000111110111111111111111, flags=SA_RESTART|SA_SIGINFO
   SIGPIPE: _ZL17javaSignalHandleriP9__siginfoPv in libjvm.dylib, mask=11100110000111110111111111111111, flags=SA_RESTART|SA_SIGINFO
   SIGXFSZ: _ZL17javaSignalHandleriP9__siginfoPv in libjvm.dylib, mask=11100110000111110111111111111111, flags=SA_RESTART|SA_SIGINFO
    SIGILL: _ZL13crash_handleriP9__siginfoPv in libjvm.dylib, mask=11100110000111110111111111111111, flags=SA_RESTART|SA_SIGINFO
   SIGUSR2: _ZL10SR_handleriP9__siginfoP17__darwin_ucontext in libjvm.dylib, mask=00100000000000000000000000000000, flags=SA_RESTART|SA_SIGINFO
    SIGHUP: _ZL11UserHandleriPvS_ in libjvm.dylib, mask=11100110000111110111111111111111, flags=SA_RESTART|SA_SIGINFO
    SIGINT: _ZL11UserHandleriPvS_ in libjvm.dylib, mask=11100110000111110111111111111111, flags=SA_RESTART|SA_SIGINFO
   SIGTERM: _ZL11UserHandleriPvS_ in libjvm.dylib, mask=11100110000111110111111111111111, flags=SA_RESTART|SA_SIGINFO
   SIGQUIT: _ZL11UserHandleriPvS_ in libjvm.dylib, mask=11100110000111110111111111111111, flags=SA_RESTART|SA_SIGINFO
   SIGTRAP: _ZL13crash_handleriP9__siginfoPv in libjvm.dylib, mask=11100110000111110111111111111111, flags=SA_RESTART|SA_SIGINFO


---------------  S Y S T E M  ---------------

OS:
uname: Darwin 21.2.0 Darwin Kernel Version 21.2.0: Sun Nov 28 20:29:10 PST 2021; root:xnu-8019.61.5~1/RELEASE_ARM64_T8101 arm64
OS uptime: 0 days 0:48 hours
rlimit (soft/hard): STACK 8176k/65520k , CORE 0k/infinity , NPROC 1333/2000 , NOFILE 10240/infinity , AS infinity/infinity , CPU infinity/infinity , DATA infinity/infinity , FSIZE infinity/infinity , MEMLOCK infinity/infinity , RSS infinity/infinity
load average: 1.82 1.67 1.66

CPU: total 8 (initial active 8) 0x61:0x0:0x1b588bb3:0, fp, simd, crc, lse

Memory: 16k page, physical 8388608k(236992k free), swap 0k(0k free)

vm_info: Java HotSpot(TM) 64-Bit Server VM (17+35-LTS-2724) for bsd-aarch64 JRE (17+35-LTS-2724), built on Aug  5 2021 22:28:56 by "mach5one" with clang Apple LLVM 12.0.0 (clang-1200.0.32.29)

END.
