#
# A fatal error has been detected by the Java Runtime Environment:
#
#  SIGBUS (0xa) at pc=0x000000010c4754f0, pid=8637, tid=35343
#
# JRE version: Java(TM) SE Runtime Environment (17.0+35) (build 17+35-LTS-2724)
# Java VM: Java HotSpot(TM) 64-Bit Server VM (17+35-LTS-2724, mixed mode, sharing, tiered, compressed oops, compressed class ptrs, g1 gc, bsd-aarch64)
# Problematic frame:
# v  ~StubRoutines::SafeFetchN
#
# No core dump will be written. Core dumps have been disabled. To enable core dumping, try "ulimit -c unlimited" before starting Java again
#
# If you would like to submit a bug report, please visit:
#   https://bugreport.java.com/bugreport/crash.jsp
# The crash happened outside the Java Virtual Machine in native code.
# See problematic frame for where to report the bug.
#

---------------  S U M M A R Y ------------

Command Line: --module-path=/Users/mohammedjammeh/Documents/javafx-sdk-17.0.0.1/lib --add-modules=javafx.controls,javafx.fxml -Djava.library.path=/Users/mohammedjammeh/Documents/javafx-sdk-17.0.0.1/lib -javaagent:/Applications/IntelliJ IDEA.app/Contents/lib/idea_rt.jar=55089:/Applications/IntelliJ IDEA.app/Contents/bin -Dfile.encoding=UTF-8 com.projects.gamcare.Main

Host: "MacBookPro17,1" arm64 1 MHz, 8 cores, 8G, Darwin 21.2.0, macOS 12.1 (21C52)
Time: Fri Jan  7 03:13:50 2022 GMT elapsed time: 3.761020 seconds (0d 0h 0m 3s)

---------------  T H R E A D  ---------------

Current thread (0x0000000123108000):  JavaThread "InvokeLaterDispatcher" daemon [_thread_in_native, id=35343, stack(0x000000016fd2c000,0x000000016ff2f000)]

Stack: [0x000000016fd2c000,0x000000016ff2f000],  sp=0x000000016ff2e7b0,  free space=2057k
Native frames: (J=compiled Java code, j=interpreted, Vv=VM code, C=native code)
v  ~StubRoutines::SafeFetchN
V  [libjvm.dylib+0x79e870]  _ZN10OopStorage7releaseEPKP7oopDesc+0x20
V  [libjvm.dylib+0x4b94ac]  jni_DeleteGlobalRef+0xc4
C  [libglass.dylib+0xab08]  -[GlassRunnable dealloc]+0x34
C  [Foundation+0x84c7c]  -[_NSThreadPerformInfo dealloc]+0x30
C  [Foundation+0x51578]  -[NSObject(NSThreadPerformAdditions) performSelectorOnMainThread:withObject:waitUntilDone:]+0x88
C  0xc86500010c47d8ac
j  com.sun.glass.ui.mac.MacApplication.submitForLaterInvocation(Ljava/lang/Runnable;)V+2 javafx.graphics
j  com.sun.glass.ui.InvokeLaterDispatcher.run()V+82 javafx.graphics
v  ~StubRoutines::call_stub
V  [libjvm.dylib+0x460b04]  _ZN9JavaCalls11call_helperEP9JavaValueRK12methodHandleP17JavaCallArgumentsP10JavaThread+0x38c
V  [libjvm.dylib+0x45fb20]  _ZN9JavaCalls12call_virtualEP9JavaValueP5KlassP6SymbolS5_P17JavaCallArgumentsP10JavaThread+0x11c
V  [libjvm.dylib+0x45fbec]  _ZN9JavaCalls12call_virtualEP9JavaValue6HandleP5KlassP6SymbolS6_P10JavaThread+0x64
V  [libjvm.dylib+0x51346c]  _ZL12thread_entryP10JavaThreadS0_+0xc4
V  [libjvm.dylib+0x8fcb74]  _ZN10JavaThread17thread_main_innerEv+0x134
V  [libjvm.dylib+0x8fb49c]  _ZN6Thread8call_runEv+0x128
V  [libjvm.dylib+0x7a5458]  _ZL19thread_native_entryP6Thread+0x158
C  [libsystem_pthread.dylib+0x7240]  _pthread_start+0x94

Java frames: (J=compiled Java code, j=interpreted, Vv=VM code)
j  com.sun.glass.ui.mac.MacApplication._submitForLaterInvocation(Ljava/lang/Runnable;)V+0 javafx.graphics
j  com.sun.glass.ui.mac.MacApplication.submitForLaterInvocation(Ljava/lang/Runnable;)V+2 javafx.graphics
j  com.sun.glass.ui.InvokeLaterDispatcher.run()V+82 javafx.graphics
v  ~StubRoutines::call_stub

siginfo: si_signo: 10 (SIGBUS), si_code: 1 (BUS_ADRALN), si_addr: 0x000000010c4754f0

Register to memory mapping:

 x0=0x0000000122e08b88 is a global jni handle
 x1=0x0 is NULL
 x2=0x0000000787f075b0 is an oop: com.sun.glass.ui.InvokeLaterDispatcher$Future 
{0x0000000787f075b0} - klass: 'com/sun/glass/ui/InvokeLaterDispatcher$Future'
 - ---- fields (total size 3 words):
 - private 'done' 'Z' @12  true
 - private final 'runnable' 'Ljava/lang/Runnable;' @16  a 'com/sun/javafx/application/PlatformImpl$$Lambda$101+0x0000000800c85920'{0x0000000787f2e110} (f0fe5c22)
 - final synthetic 'this$0' 'Lcom/sun/glass/ui/InvokeLaterDispatcher;' @20  a 'com/sun/glass/ui/InvokeLaterDispatcher'{0x00000007802cb3c0} (f0059678)
 x3=0x0 is NULL
 x4=0x00000000000130a8 is an unknown value
 x5=0x0 is NULL
 x6=0x0 is NULL
 x7=0x0 is NULL
 x8=0x000000010c4754ec is at begin+0 in a stub
StubRoutines::SafeFetchN [0x000000010c4754ec, 0x000000010c4754f8] (12 bytes)
 x9=0x0 is NULL
x10=0x2010000030300000 is an unknown value
x11=0x0000000000000007 is an unknown value
x12=0x0 is NULL
x13=0x0000600000f892f0 points into unknown readable memory: 0x0000000000000000 | 00 00 00 00 00 00 00 00
x14=0x0000000000000001 is an unknown value
x15=0x00000001228edf98: OBJC_CLASS_$_GlassRunnable+0 in /Users/mohammedjammeh/Documents/javafx-sdk-17.0.0.1/lib/libglass.dylib at 0x00000001228a8000
x16=0x00000001ac274094: pthread_getspecific+0 in /usr/lib/system/libsystem_pthread.dylib at 0x00000001ac272000
x17=0x00006000005b17a0 points into unknown readable memory: 0xfffffffffffffffe | fe ff ff ff ff ff ff ff
x18=0x0 is NULL
x19=0x0000600000ab01c0 points into unknown readable memory: 0x00006000023b4140 | 40 41 3b 02 00 60 00 00
x20=0x0000000122e08980 points into unknown readable memory: 0xb817e39fb181c82b | 2b c8 81 b1 9f e3 17 b8
x21=0x0000000122e08b88 is a global jni handle
x22=0x0000000123108000 is a thread
x23=0x0000000000000001 is an unknown value
x24=0x0000000122e08b40 is a global jni handle
x25=0x00000001049a55d8: _ZN12StubRoutines17_safefetchN_entryE+0 in /Library/Java/JavaVirtualMachines/jdk-17.jdk/Contents/Home/lib/server/libjvm.dylib at 0x0000000103e14000
x26=0x0000000122516f40 is pointing into metadata
x27=0x0 is NULL
x28=0x0000000123108000 is a thread


Registers:
 x0=0x0000000122e08b88  x1=0x0000000000000000  x2=0x0000000787f075b0  x3=0x0000000000000000
 x4=0x00000000000130a8  x5=0x0000000000000000  x6=0x0000000000000000  x7=0x0000000000000000
 x8=0x000000010c4754ec  x9=0x0000000000000000 x10=0x2010000030300000 x11=0x0000000000000007
x12=0x0000000000000000 x13=0x0000600000f892f0 x14=0x0000000000000001 x15=0x00000001228edf98
x16=0x00000001ac274094 x17=0x00006000005b17a0 x18=0x0000000000000000 x19=0x0000600000ab01c0
x20=0x0000000122e08980 x21=0x0000000122e08b88 x22=0x0000000123108000 x23=0x0000000000000001
x24=0x0000000122e08b40 x25=0x00000001049a55d8 x26=0x0000000122516f40 x27=0x0000000000000000
x28=0x0000000123108000  fp=0x000000016ff2e7f0  lr=0x00000001045b1640  sp=0x000000016ff2e7b0
pc=0x000000010c4754f0 cpsr=0x0000000060001000
Top of Stack: (sp=0x000000016ff2e7b0)
0x000000016ff2e7b0:   0000000122516f40 0000000000000001
0x000000016ff2e7c0:   000000016ff2e9a8 00006000023b8900
0x000000016ff2e7d0:   0000000000000000 0000000122e08b78
0x000000016ff2e7e0:   0000000122e08b78 0000600000ab01c0
0x000000016ff2e7f0:   000000016ff2e830 00000001045b2870
0x000000016ff2e800:   0000000000000001 0000000122e08b78
0x000000016ff2e810:   0000000000000000 0000000122e08b78
0x000000016ff2e820:   0000000000000001 0000000123a1e400
0x000000016ff2e830:   000000016ff2e860 00000001042cd4ac
0x000000016ff2e840:   00006000023b8920 00000001f67a4474
0x000000016ff2e850:   0000000000000000 00006000023b8920
0x000000016ff2e860:   000000016ff2e890 00000001228b2b08
0x000000016ff2e870:   ae15f13af64f00fb 0000000000000000
0x000000016ff2e880:   0000000000000000 0000600003482680
0x000000016ff2e890:   000000016ff2e8d0 00000001ad238c7c
0x000000016ff2e8a0:   000000016ff2e9a8 00006000023b8900
0x000000016ff2e8b0:   00006000023b8920 ae15f13af64f00fb
0x000000016ff2e8c0:   0000000000000000 0000000000000000
0x000000016ff2e8d0:   000000016ff2e910 700b8001ad205578
0x000000016ff2e8e0:   000000016ff2e9a8 000000010c47c7c0
0x000000016ff2e8f0:   0000000000000000 00000001049acf90
0x000000016ff2e900:   000000016ff2e920 000000010c47b730
0x000000016ff2e910:   000000016ff2e980 c86500010c47d8ac
0x000000016ff2e920:   000000016ff2e988 000000012213c6a8
0x000000016ff2e930:   000000016ff2e930 0000000000000000
0x000000016ff2e940:   000000016ff2e9a8 0000000122516f40
0x000000016ff2e950:   00000007802b1608 0000000000000000
0x000000016ff2e960:   0000000000000000 00000001224f3368
0x000000016ff2e970:   0000000000000000 000000016ff2e980
0x000000016ff2e980:   000000016ff2ea00 000000010c479fc8
0x000000016ff2e990:   0000000000000000 0000000000000000
0x000000016ff2e9a0:   0000000787f075b0 00000007802b1680 

Instructions: (pc=0x000000010c4754f0)
0x000000010c4753f0:   f2a092e9 f2c00029 6d425935 1e640886
0x000000010c475400:   0c402d31 1e6408c7 1f5654d0 1e6c1017
0x000000010c475410:   1f5050d0 1f504cd0 1f5048d0 1e650af6
0x000000010c475420:   1f50d8f6 1f5694d6 1f5158f6 1e762880
0x000000010c475430:   36000501 1e614000 14000026 2e251ca5
0x000000010c475440:   d2843009 f2a092e9 f2c00029 6d425d36
0x000000010c475450:   1e600806 0c402d32 1f5758c7 1e6c101a
0x000000010c475460:   1f4754c7 1e650805 1f4750c7 d2866668
0x000000010c475470:   f2a7fa68 1f474cc7 1e6608c0 1f4748c7
0x000000010c475480:   1e6e1019 eb08007f 540000ac 1f479400
0x000000010c475490:   1f460340 1e603b20 1400000e d2a7fd29
0x000000010c4754a0:   eb09007f 540000ac 51480069 d3607d29
0x000000010c4754b0:   9e670121 14000002 1e6a5001 1f679417
0x000000010c4754c0:   1f668742 1e613b23 1e773857 1e773860
0x000000010c4754d0:   a8c17ff3 910003bf a8c17bfd d65f03c0
0x000000010c4754e0:   b9400001 aa0103e0 d65f03c0 f9400001
0x000000010c4754f0:   aa0103e0 d65f03c0 00000000 00000000
0x000000010c475500:   00000000 00000000 00000000 00000000
0x000000010c475510:   00000000 00000000 00000000 00000000
0x000000010c475520:   00000000 00000000 00000000 00000000
0x000000010c475530:   00000000 00000000 00000000 00000000
0x000000010c475540:   00000000 00000000 00000000 00000000
0x000000010c475550:   00000000 00000000 00000000 00000000
0x000000010c475560:   00000000 00000000 00000000 00000000
0x000000010c475570:   00000000 00000000 00000000 00000000
0x000000010c475580:   00000000 00000000 00000000 00000000
0x000000010c475590:   00000000 00000000 00000000 00000000
0x000000010c4755a0:   00000000 00000000 00000000 00000000
0x000000010c4755b0:   00000000 00000000 00000000 00000000
0x000000010c4755c0:   00000000 00000000 00000000 00000000
0x000000010c4755d0:   00000000 00000000 00000000 00000000
0x000000010c4755e0:   00000000 00000000 00000000 00000000 


Stack slot to memory mapping:
stack at sp + 0 slots: 0x0000000122516f40 is pointing into metadata
stack at sp + 1 slots: 0x0000000000000001 is an unknown value
stack at sp + 2 slots: 0x000000016ff2e9a8 is pointing into the stack for thread: 0x0000000123108000
stack at sp + 3 slots: 0x00006000023b8900 points into unknown readable memory: 0x010000020532a081 | 81 a0 32 05 02 00 00 01
stack at sp + 4 slots: 0x0 is NULL
stack at sp + 5 slots: 0x0000000122e08b78 is a global jni handle
stack at sp + 6 slots: 0x0000000122e08b78 is a global jni handle
stack at sp + 7 slots: 0x0000600000ab01c0 points into unknown readable memory: 0x00006000023b4140 | 40 41 3b 02 00 60 00 00

StubRoutines::SafeFetchN [0x000000010c4754ec, 0x000000010c4754f8] (12 bytes)
[MachCode]
  0x000000010c4754ec: 0100 40f9 | e003 01aa | c003 5fd6 
[/MachCode]

---------------  P R O C E S S  ---------------

Threads class SMR info:
_java_thread_list=0x00006000021bee20, length=21, elements={
0x000000012301d000, 0x0000000124808200, 0x000000012386fa00, 0x000000012380e400,
0x0000000123870000, 0x000000012380ea00, 0x0000000123873800, 0x0000000123873e00,
0x000000012387c400, 0x0000000123052a00, 0x0000000123873000, 0x000000012182b400,
0x0000000121828600, 0x0000000123108000, 0x0000000123a1e400, 0x00000001218c0e00,
0x0000000123a32600, 0x0000000123b12000, 0x0000000123b53600, 0x000000012192e400,
0x000000012500b000
}

Java Threads: ( => current thread )
  0x000000012301d000 JavaThread "main" [_thread_blocked, id=6403, stack(0x000000016d324000,0x000000016d527000)]
  0x0000000124808200 JavaThread "Reference Handler" daemon [_thread_blocked, id=17155, stack(0x000000016e178000,0x000000016e37b000)]
  0x000000012386fa00 JavaThread "Finalizer" daemon [_thread_blocked, id=16643, stack(0x000000016e384000,0x000000016e587000)]
  0x000000012380e400 JavaThread "Signal Dispatcher" daemon [_thread_blocked, id=42243, stack(0x000000016e6a8000,0x000000016e8ab000)]
  0x0000000123870000 JavaThread "Service Thread" daemon [_thread_blocked, id=23043, stack(0x000000016e8b4000,0x000000016eab7000)]
  0x000000012380ea00 JavaThread "Monitor Deflation Thread" daemon [_thread_blocked, id=23299, stack(0x000000016eac0000,0x000000016ecc3000)]
  0x0000000123873800 JavaThread "C2 CompilerThread0" daemon [_thread_in_native, id=41731, stack(0x000000016eccc000,0x000000016eecf000)]
  0x0000000123873e00 JavaThread "C1 CompilerThread0" daemon [_thread_blocked, id=24067, stack(0x000000016eed8000,0x000000016f0db000)]
  0x000000012387c400 JavaThread "Sweeper thread" daemon [_thread_blocked, id=41475, stack(0x000000016f0e4000,0x000000016f2e7000)]
  0x0000000123052a00 JavaThread "Common-Cleaner" daemon [_thread_blocked, id=41219, stack(0x000000016f2f0000,0x000000016f4f3000)]
  0x0000000123873000 JavaThread "Monitor Ctrl-Break" daemon [_thread_in_native, id=24835, stack(0x000000016f4fc000,0x000000016f6ff000)]
  0x000000012182b400 JavaThread "Notification Thread" daemon [_thread_blocked, id=25347, stack(0x000000016f708000,0x000000016f90b000)]
  0x0000000121828600 JavaThread "QuantumRenderer-0" daemon [_thread_in_native, id=40451, stack(0x000000016fb20000,0x000000016fd23000)]
=>0x0000000123108000 JavaThread "InvokeLaterDispatcher" daemon [_thread_in_native, id=35343, stack(0x000000016fd2c000,0x000000016ff2f000)]
  0x0000000123a1e400 JavaThread "JavaFX Application Thread" [_thread_in_vm, id=259, stack(0x000000016ca9c000,0x000000016d298000)]
  0x00000001218c0e00 JavaThread "JavaFX-Launcher" [_thread_blocked, id=76551, stack(0x00000001701d0000,0x00000001703d3000)]
  0x0000000123a32600 JavaThread "mysql-cj-abandoned-connection-cleanup" daemon [_thread_blocked, id=56835, stack(0x00000001703dc000,0x00000001705df000)]
  0x0000000123b12000 JavaThread "Prism Font Disposer" daemon [_thread_blocked, id=70331, stack(0x0000000175860000,0x0000000175a63000)]
  0x0000000123b53600 JavaThread "Cleaner-0" daemon [_thread_blocked, id=90371, stack(0x0000000176740000,0x0000000176943000)]
  0x000000012192e400 JavaThread "Attach Listener" daemon [_thread_blocked, id=1423, stack(0x0000000282964000,0x0000000282b67000)]
  0x000000012500b000 JavaThread "PulseTimer-CVDisplayLink thread" daemon [_thread_in_native, id=92539, stack(0x000000016ff38000,0x000000016ffbb000)]

Other Threads:
  0x0000000124107e90 VMThread "VM Thread" [stack: 0x000000016df6c000,0x000000016e16f000] [id=15363]
  0x000000012410ad40 WatcherThread [stack: 0x000000016f914000,0x000000016fb17000] [id=40707]
  0x0000000122e07390 GCTaskThread "GC Thread#0" [stack: 0x000000016d530000,0x000000016d733000] [id=19971]
  0x0000000124125cb0 GCTaskThread "GC Thread#1" [stack: 0x00000001705e8000,0x00000001707eb000] [id=72195]
  0x0000000124126130 GCTaskThread "GC Thread#2" [stack: 0x00000001707f4000,0x00000001709f7000] [id=71939]
  0x00000001241265b0 GCTaskThread "GC Thread#3" [stack: 0x0000000170a00000,0x0000000170c03000] [id=71683]
  0x0000000124126e20 GCTaskThread "GC Thread#4" [stack: 0x0000000170c0c000,0x0000000170e0f000] [id=71427]
  0x0000000124127690 GCTaskThread "GC Thread#5" [stack: 0x0000000170e18000,0x000000017101b000] [id=57859]
  0x0000000122f8a8c0 GCTaskThread "GC Thread#6" [stack: 0x0000000175af8000,0x0000000175cfb000] [id=63543]
  0x0000000122f8ad40 GCTaskThread "GC Thread#7" [stack: 0x0000000175d04000,0x0000000175f07000] [id=65035]
  0x0000000122e07a40 ConcurrentGCThread "G1 Main Marker" [stack: 0x000000016d73c000,0x000000016d93f000] [id=12803]
  0x0000000122f04910 ConcurrentGCThread "G1 Conc#0" [stack: 0x000000016d948000,0x000000016db4b000] [id=13571]
  0x00000001240298a0 ConcurrentGCThread "G1 Conc#1" [stack: 0x000000017694c000,0x0000000176b4f000] [id=169987]
  0x0000000122f06780 ConcurrentGCThread "G1 Refine#0" [stack: 0x000000016db54000,0x000000016dd57000] [id=19203]
  0x0000000122e42fa0 ConcurrentGCThread "G1 Refine#1" [stack: 0x0000000175f10000,0x0000000176113000] [id=89603]
  0x0000000103d06a40 ConcurrentGCThread "G1 Refine#2" [stack: 0x000000017611c000,0x000000017631f000] [id=172035]
  0x0000000121506fb0 ConcurrentGCThread "G1 Refine#3" [stack: 0x0000000176328000,0x000000017652b000] [id=171523]
  0x0000000103d06e60 ConcurrentGCThread "G1 Refine#4" [stack: 0x0000000176534000,0x0000000176737000] [id=170755]
  0x0000000124104240 ConcurrentGCThread "G1 Service" [stack: 0x000000016dd60000,0x000000016df63000] [id=18691]

Threads with active compile tasks:
C2 CompilerThread0     3775 4147       4       com.sun.marlin.Renderer::_endRendering (2473 bytes)
C1 CompilerThread0     3775 4163       3       com.sun.prism.paint.Color::<init> (106 bytes)

VM state: not at safepoint (normal execution)

VM Mutex/Monitor currently owned by a thread: None

Heap address: 0x0000000780000000, size: 2048 MB, Compressed Oops mode: Zero based, Oop shift amount: 3

CDS archive(s) mapped at: [0x0000000800000000-0x0000000800bd0000-0x0000000800bd0000), size 12386304, SharedBaseAddress: 0x0000000800000000, ArchiveRelocationMode: 0.
Compressed class space mapped at: 0x0000000800c00000-0x0000000840c00000, reserved size: 1073741824
Narrow klass base: 0x0000000800000000, Narrow klass shift: 0, Narrow klass range: 0x100000000

GC Precious Log:
 CPUs: 8 total, 8 available
 Memory: 8192M
 Large Page Support: Disabled
 NUMA Support: Disabled
 Compressed Oops: Enabled (Zero based)
 Heap Region Size: 1M
 Heap Min Capacity: 8M
 Heap Initial Capacity: 128M
 Heap Max Capacity: 2G
 Pre-touch: Disabled
 Parallel Workers: 8
 Concurrent Workers: 2
 Concurrent Refinement Workers: 8
 Periodic GC: Disabled

Heap:
 garbage-first heap   total 45056K, used 21272K [0x0000000780000000, 0x0000000800000000)
  region size 1024K, 3 young (3072K), 2 survivors (2048K)
 Metaspace       used 24549K, committed 24832K, reserved 1073152K
  class space    used 3255K, committed 3392K, reserved 1048576K

Heap Regions: E=young(eden), S=young(survivor), O=old, HS=humongous(starts), HC=humongous(continues), CS=collection set, F=free, OA=open archive, CA=closed archive, TAMS=top-at-mark-start (previous, next)
|   0|0x0000000780000000, 0x0000000780100000, 0x0000000780100000|100%| O|  |TAMS 0x0000000780100000, 0x0000000780100000| Untracked 
|   1|0x0000000780100000, 0x0000000780200000, 0x0000000780200000|100%| O|  |TAMS 0x0000000780200000, 0x0000000780200000| Untracked 
|   2|0x0000000780200000, 0x0000000780300000, 0x0000000780300000|100%| O|  |TAMS 0x00000007802a4000, 0x0000000780300000| Untracked 
|   3|0x0000000780300000, 0x0000000780400000, 0x0000000780400000|100%| O|  |TAMS 0x0000000780300000, 0x0000000780400000| Untracked 
|   4|0x0000000780400000, 0x0000000780500000, 0x0000000780500000|100%| O|  |TAMS 0x0000000780400000, 0x0000000780500000| Untracked 
|   5|0x0000000780500000, 0x0000000780600000, 0x0000000780600000|100%|HS|  |TAMS 0x0000000780500000, 0x0000000780600000| Complete 
|   6|0x0000000780600000, 0x0000000780700000, 0x0000000780700000|100%|HS|  |TAMS 0x0000000780600000, 0x0000000780700000| Complete 
|   7|0x0000000780700000, 0x0000000780800000, 0x0000000780800000|100%|HC|  |TAMS 0x0000000780700000, 0x0000000780800000| Complete 
|   8|0x0000000780800000, 0x0000000780900000, 0x0000000780900000|100%| O|  |TAMS 0x0000000780800000, 0x0000000780900000| Untracked 
|   9|0x0000000780900000, 0x0000000780a00000, 0x0000000780a00000|100%| O|  |TAMS 0x0000000780900000, 0x0000000780a00000| Untracked 
|  10|0x0000000780a00000, 0x0000000780b00000, 0x0000000780b00000|100%| O|  |TAMS 0x0000000780a00000, 0x0000000780b00000| Untracked 
|  11|0x0000000780b00000, 0x0000000780b00000, 0x0000000780c00000|  0%| F|  |TAMS 0x0000000780b00000, 0x0000000780b00000| Untracked 
|  12|0x0000000780c00000, 0x0000000780c00000, 0x0000000780d00000|  0%| F|  |TAMS 0x0000000780c00000, 0x0000000780c00000| Untracked 
|  13|0x0000000780d00000, 0x0000000780dce200, 0x0000000780e00000| 80%| O|  |TAMS 0x0000000780d00000, 0x0000000780d00000| Untracked 
|  14|0x0000000780e00000, 0x0000000780f00000, 0x0000000780f00000|100%|HS|  |TAMS 0x0000000780e00000, 0x0000000780e00000| Complete 
|  15|0x0000000780f00000, 0x0000000781000000, 0x0000000781000000|100%|HC|  |TAMS 0x0000000780f00000, 0x0000000780f00000| Complete 
|  16|0x0000000781000000, 0x0000000781100000, 0x0000000781100000|100%|HC|  |TAMS 0x0000000781000000, 0x0000000781000000| Complete 
|  17|0x0000000781100000, 0x0000000781200000, 0x0000000781200000|100%| O|  |TAMS 0x0000000781100000, 0x0000000781200000| Untracked 
|  18|0x0000000781200000, 0x0000000781300000, 0x0000000781300000|100%| O|  |TAMS 0x0000000781200000, 0x0000000781300000| Untracked 
|  19|0x0000000781300000, 0x0000000781400000, 0x0000000781400000|100%| O|  |TAMS 0x0000000781300000, 0x0000000781399c00| Untracked 
|  20|0x0000000781400000, 0x0000000781400000, 0x0000000781500000|  0%| F|  |TAMS 0x0000000781400000, 0x0000000781400000| Untracked 
|  21|0x0000000781500000, 0x0000000781500000, 0x0000000781600000|  0%| F|  |TAMS 0x0000000781500000, 0x0000000781500000| Untracked 
|  22|0x0000000781600000, 0x0000000781600000, 0x0000000781700000|  0%| F|  |TAMS 0x0000000781600000, 0x0000000781600000| Untracked 
|  23|0x0000000781700000, 0x0000000781700000, 0x0000000781800000|  0%| F|  |TAMS 0x0000000781700000, 0x0000000781700000| Untracked 
|  24|0x0000000781800000, 0x0000000781800000, 0x0000000781900000|  0%| F|  |TAMS 0x0000000781800000, 0x0000000781800000| Untracked 
|  25|0x0000000781900000, 0x0000000781900000, 0x0000000781a00000|  0%| F|  |TAMS 0x0000000781900000, 0x0000000781900000| Untracked 
|  26|0x0000000781a00000, 0x0000000781a00000, 0x0000000781b00000|  0%| F|  |TAMS 0x0000000781a00000, 0x0000000781a00000| Untracked 
|  27|0x0000000781b00000, 0x0000000781b00000, 0x0000000781c00000|  0%| F|  |TAMS 0x0000000781b00000, 0x0000000781b00000| Untracked 
|  28|0x0000000781c00000, 0x0000000781c00000, 0x0000000781d00000|  0%| F|  |TAMS 0x0000000781c00000, 0x0000000781c00000| Untracked 
|  29|0x0000000781d00000, 0x0000000781d00000, 0x0000000781e00000|  0%| F|  |TAMS 0x0000000781d00000, 0x0000000781d00000| Untracked 
|  30|0x0000000781e00000, 0x0000000781e00000, 0x0000000781f00000|  0%| F|  |TAMS 0x0000000781e00000, 0x0000000781e00000| Untracked 
|  31|0x0000000781f00000, 0x0000000781f00000, 0x0000000782000000|  0%| F|  |TAMS 0x0000000781f00000, 0x0000000781f00000| Untracked 
|  32|0x0000000782000000, 0x0000000782000000, 0x0000000782100000|  0%| F|  |TAMS 0x0000000782000000, 0x0000000782000000| Untracked 
|  33|0x0000000782100000, 0x0000000782100000, 0x0000000782200000|  0%| F|  |TAMS 0x0000000782100000, 0x0000000782100000| Untracked 
|  34|0x0000000782200000, 0x0000000782200000, 0x0000000782300000|  0%| F|  |TAMS 0x0000000782200000, 0x0000000782200000| Untracked 
|  35|0x0000000782300000, 0x0000000782300000, 0x0000000782400000|  0%| F|  |TAMS 0x0000000782300000, 0x0000000782300000| Untracked 
|  36|0x0000000782400000, 0x0000000782500000, 0x0000000782500000|100%| S|CS|TAMS 0x0000000782400000, 0x0000000782400000| Complete 
| 122|0x0000000787a00000, 0x0000000787b00000, 0x0000000787b00000|100%| S|CS|TAMS 0x0000000787a00000, 0x0000000787a00000| Complete 
| 123|0x0000000787b00000, 0x0000000787b00000, 0x0000000787c00000|  0%| F|  |TAMS 0x0000000787b00000, 0x0000000787b00000| Untracked 
| 124|0x0000000787c00000, 0x0000000787c00000, 0x0000000787d00000|  0%| F|  |TAMS 0x0000000787c00000, 0x0000000787c00000| Untracked 
| 125|0x0000000787d00000, 0x0000000787d00000, 0x0000000787e00000|  0%| F|  |TAMS 0x0000000787d00000, 0x0000000787d00000| Untracked 
| 127|0x0000000787f00000, 0x0000000787f7d5e8, 0x0000000788000000| 48%| E|  |TAMS 0x0000000787f00000, 0x0000000787f00000| Complete 
|2046|0x00000007ffe00000, 0x00000007ffe78000, 0x00000007fff00000| 46%|OA|  |TAMS 0x00000007ffe78000, 0x00000007ffe78000| Untracked 
|2047|0x00000007fff00000, 0x00000007fff80000, 0x0000000800000000| 50%|CA|  |TAMS 0x00000007fff80000, 0x00000007fff80000| Untracked 

Card table byte_map: [0x0000000103500000,0x0000000103900000] _byte_map_base: 0x00000000ff900000

Marking Bits (Prev, Next): (CMBitMap*) 0x000000012303f250, (CMBitMap*) 0x000000012303f210
 Prev Bits: [0x000000011d474000, 0x000000011f474000)
 Next Bits: [0x000000011b474000, 0x000000011d474000)

Polling page: 0x0000000102cec000

Metaspace:

Usage:
  Non-class:     20.80 MB used.
      Class:      3.18 MB used.
       Both:     23.97 MB used.

Virtual space:
  Non-class space:       24.00 MB reserved,      20.94 MB ( 87%) committed,  3 nodes.
      Class space:        1.00 GB reserved,       3.31 MB ( <1%) committed,  1 nodes.
             Both:        1.02 GB reserved,      24.25 MB (  2%) committed. 

Chunk freelists:
   Non-Class:  2.34 MB
       Class:  672.00 KB
        Both:  3.00 MB

MaxMetaspaceSize: unlimited
CompressedClassSpaceSize: 1.00 GB
Initial GC threshold: 21.00 MB
Current GC threshold: 35.12 MB
CDS: on
MetaspaceReclaimPolicy: balanced
 - commit_granule_bytes: 65536.
 - commit_granule_words: 8192.
 - virtual_space_node_default_size: 1048576.
 - enlarge_chunks_in_place: 1.
 - new_chunks_are_fully_committed: 0.
 - uncommit_free_chunks: 1.
 - use_allocation_guard: 0.
 - handle_deallocations: 1.


Internal statistics:

num_allocs_failed_limit: 3.
num_arena_births: 270.
num_arena_deaths: 0.
num_vsnodes_births: 4.
num_vsnodes_deaths: 0.
num_space_committed: 388.
num_space_uncommitted: 0.
num_chunks_returned_to_freelist: 3.
num_chunks_taken_from_freelist: 937.
num_chunk_merges: 3.
num_chunk_splits: 660.
num_chunks_enlarged: 498.
num_purges: 0.
num_inconsistent_stats: 0.

CodeHeap 'non-profiled nmethods': size=120032Kb used=1635Kb max_used=1635Kb free=118396Kb
 bounds [0x0000000113f3c000, 0x00000001141ac000, 0x000000011b474000]
CodeHeap 'profiled nmethods': size=120016Kb used=8301Kb max_used=8301Kb free=111714Kb
 bounds [0x000000010ca08000, 0x000000010d228000, 0x0000000113f3c000]
CodeHeap 'non-nmethods': size=5712Kb used=1454Kb max_used=1513Kb free=4257Kb
 bounds [0x000000010c474000, 0x000000010c6e4000, 0x000000010ca08000]
 total_blobs=4925 nmethods=4064 adapters=777
 compilation: enabled
              stopped_count=0, restarted_count=0
 full_count=0

Compilation events (20 events):
Event: 3.633 Thread 0x0000000123873e00 nmethod 4131 0x000000010d213510 code [0x000000010d2136c0, 0x000000010d2138d8]
Event: 3.649 Thread 0x0000000123873e00 4132       3       com.sun.javafx.event.EventDispatchChainImpl::reset (44 bytes)
Event: 3.649 Thread 0x0000000123873e00 nmethod 4132 0x000000010d213a10 code [0x000000010d213bc0, 0x000000010d213fa8]
Event: 3.657 Thread 0x0000000123873800 4133       4       java.lang.ThreadLocal::get (38 bytes)
Event: 3.660 Thread 0x0000000123873800 nmethod 4133 0x00000001140d4390 code [0x00000001140d4540, 0x00000001140d4770]
Event: 3.674 Thread 0x0000000123873e00 4134       3       java.util.concurrent.atomic.AtomicBoolean::getAndSet (25 bytes)
Event: 3.675 Thread 0x0000000123873e00 nmethod 4134 0x000000010d214110 code [0x000000010d2143c0, 0x000000010d214cc8]
Event: 3.675 Thread 0x0000000123873e00 4135       3       java.lang.invoke.VarHandleInts$FieldInstanceReadWrite::getAndSet (28 bytes)
Event: 3.676 Thread 0x0000000123873e00 nmethod 4135 0x000000010d215010 code [0x000000010d215240, 0x000000010d2157f8]
Event: 3.676 Thread 0x0000000123873e00 4136       3       jdk.internal.misc.Unsafe::getAndSetInt (24 bytes)
Event: 3.676 Thread 0x0000000123873e00 nmethod 4136 0x000000010d215a90 code [0x000000010d215c40, 0x000000010d215ed8]
Event: 3.723 Thread 0x0000000123873e00 4137       3       javafx.scene.input.MouseEvent::copyFor (7 bytes)
Event: 3.723 Thread 0x0000000123873e00 nmethod 4137 0x000000010d216010 code [0x000000010d2161c0, 0x000000010d2163d8]
Event: 3.730 Thread 0x0000000123873e00 4138       3       java.util.concurrent.CopyOnWriteArrayList::size (6 bytes)
Event: 3.731 Thread 0x0000000123873e00 nmethod 4138 0x000000010d216490 code [0x000000010d216640, 0x000000010d2167a8]
Event: 3.756 Thread 0x0000000123873e00 4139       3       javafx.geometry.Insets::<init> (32 bytes)
Event: 3.756 Thread 0x0000000123873e00 nmethod 4139 0x000000010d216890 code [0x000000010d216a40, 0x000000010d216be8]
Event: 3.756 Thread 0x0000000123873800 4140       4       com.sun.javafx.css.BitSet::size (49 bytes)
Event: 3.757 Thread 0x0000000123873e00 4141       3       java.util.ArrayList::sort (45 bytes)
Event: 3.758 Thread 0x0000000123873e00 nmethod 4141 0x000000010d216d10 code [0x000000010d216ec0, 0x000000010d217188]

GC Heap History (16 events):
Event: 0.299 GC heap before
{Heap before GC invocations=0 (full 0):
 garbage-first heap   total 133120K, used 23520K [0x0000000780000000, 0x0000000800000000)
  region size 1024K, 23 young (23552K), 0 survivors (0K)
 Metaspace       used 5968K, committed 6144K, reserved 1056768K
  class space    used 673K, committed 768K, reserved 1048576K
}
Event: 0.300 GC heap after
{Heap after GC invocations=1 (full 0):
 garbage-first heap   total 133120K, used 4649K [0x0000000780000000, 0x0000000800000000)
  region size 1024K, 3 young (3072K), 3 survivors (3072K)
 Metaspace       used 5968K, committed 6144K, reserved 1056768K
  class space    used 673K, committed 768K, reserved 1048576K
}
Event: 0.718 GC heap before
{Heap before GC invocations=1 (full 0):
 garbage-first heap   total 133120K, used 45609K [0x0000000780000000, 0x0000000800000000)
  region size 1024K, 43 young (44032K), 3 survivors (3072K)
 Metaspace       used 20952K, committed 21248K, reserved 1073152K
  class space    used 2912K, committed 3072K, reserved 1048576K
}
Event: 0.721 GC heap after
{Heap after GC invocations=2 (full 0):
 garbage-first heap   total 133120K, used 9840K [0x0000000780000000, 0x0000000800000000)
  region size 1024K, 6 young (6144K), 6 survivors (6144K)
 Metaspace       used 20952K, committed 21248K, reserved 1073152K
  class space    used 2912K, committed 3072K, reserved 1048576K
}
Event: 0.729 GC heap before
{Heap before GC invocations=2 (full 0):
 garbage-first heap   total 133120K, used 10864K [0x0000000780000000, 0x0000000800000000)
  region size 1024K, 8 young (8192K), 6 survivors (6144K)
 Metaspace       used 21254K, committed 21504K, reserved 1073152K
  class space    used 2947K, committed 3072K, reserved 1048576K
}
Event: 0.731 GC heap after
{Heap after GC invocations=3 (full 0):
 garbage-first heap   total 133120K, used 10632K [0x0000000780000000, 0x0000000800000000)
  region size 1024K, 4 young (4096K), 4 survivors (4096K)
 Metaspace       used 21254K, committed 21504K, reserved 1073152K
  class space    used 2947K, committed 3072K, reserved 1048576K
}
Event: 1.723 GC heap before
{Heap before GC invocations=4 (full 0):
 garbage-first heap   total 45056K, used 33160K [0x0000000780000000, 0x0000000800000000)
  region size 1024K, 25 young (25600K), 4 survivors (4096K)
 Metaspace       used 22708K, committed 22976K, reserved 1073152K
  class space    used 3071K, committed 3200K, reserved 1048576K
}
Event: 1.729 GC heap after
{Heap after GC invocations=5 (full 0):
 garbage-first heap   total 45056K, used 14395K [0x0000000780000000, 0x0000000800000000)
  region size 1024K, 6 young (6144K), 6 survivors (6144K)
 Metaspace       used 22708K, committed 22976K, reserved 1073152K
  class space    used 3071K, committed 3200K, reserved 1048576K
}
Event: 1.738 GC heap before
{Heap before GC invocations=5 (full 0):
 garbage-first heap   total 45056K, used 15419K [0x0000000780000000, 0x0000000800000000)
  region size 1024K, 7 young (7168K), 6 survivors (6144K)
 Metaspace       used 22776K, committed 23040K, reserved 1073152K
  class space    used 3076K, committed 3200K, reserved 1048576K
}
Event: 1.740 GC heap after
{Heap after GC invocations=6 (full 0):
 garbage-first heap   total 45056K, used 14919K [0x0000000780000000, 0x0000000800000000)
  region size 1024K, 1 young (1024K), 1 survivors (1024K)
 Metaspace       used 22776K, committed 23040K, reserved 1073152K
  class space    used 3076K, committed 3200K, reserved 1048576K
}
Event: 2.633 GC heap before
{Heap before GC invocations=6 (full 0):
 garbage-first heap   total 45056K, used 30279K [0x0000000780000000, 0x0000000800000000)
  region size 1024K, 17 young (17408K), 1 survivors (1024K)
 Metaspace       used 23949K, committed 24256K, reserved 1073152K
  class space    used 3235K, committed 3392K, reserved 1048576K
}
Event: 2.634 GC heap after
{Heap after GC invocations=7 (full 0):
 garbage-first heap   total 45056K, used 15620K [0x0000000780000000, 0x0000000800000000)
  region size 1024K, 2 young (2048K), 2 survivors (2048K)
 Metaspace       used 23949K, committed 24256K, reserved 1073152K
  class space    used 3235K, committed 3392K, reserved 1048576K
}
Event: 2.724 GC heap before
{Heap before GC invocations=7 (full 0):
 garbage-first heap   total 45056K, used 32004K [0x0000000780000000, 0x0000000800000000)
  region size 1024K, 18 young (18432K), 2 survivors (2048K)
 Metaspace       used 24212K, committed 24512K, reserved 1073152K
  class space    used 3244K, committed 3392K, reserved 1048576K
}
Event: 2.726 GC heap after
{Heap after GC invocations=8 (full 0):
 garbage-first heap   total 45056K, used 16537K [0x0000000780000000, 0x0000000800000000)
  region size 1024K, 3 young (3072K), 3 survivors (3072K)
 Metaspace       used 24212K, committed 24512K, reserved 1073152K
  class space    used 3244K, committed 3392K, reserved 1048576K
}
Event: 2.803 GC heap before
{Heap before GC invocations=8 (full 0):
 garbage-first heap   total 45056K, used 22681K [0x0000000780000000, 0x0000000800000000)
  region size 1024K, 7 young (7168K), 3 survivors (3072K)
 Metaspace       used 24474K, committed 24768K, reserved 1073152K
  class space    used 3255K, committed 3392K, reserved 1048576K
}
Event: 2.805 GC heap after
{Heap after GC invocations=9 (full 0):
 garbage-first heap   total 45056K, used 18200K [0x0000000780000000, 0x0000000800000000)
  region size 1024K, 2 young (2048K), 2 survivors (2048K)
 Metaspace       used 24474K, committed 24768K, reserved 1073152K
  class space    used 3255K, committed 3392K, reserved 1048576K
}

Deoptimization events (20 events):
Event: 2.806 Thread 0x0000000121828600 DEOPT PACKING pc=0x000000010d037a60 sp=0x000000016fd20d90
Event: 2.806 Thread 0x0000000121828600 DEOPT UNPACKING pc=0x000000010c4b2b7c sp=0x000000016fd20a30 mode 0
Event: 2.806 Thread 0x0000000121828600 DEOPT PACKING pc=0x000000010d1ff5b4 sp=0x000000016fd20de0
Event: 2.806 Thread 0x0000000121828600 DEOPT UNPACKING pc=0x000000010c4b2b7c sp=0x000000016fd20a80 mode 0
Event: 2.806 Thread 0x0000000121828600 DEOPT PACKING pc=0x000000010d037a60 sp=0x000000016fd20d90
Event: 2.806 Thread 0x0000000121828600 DEOPT UNPACKING pc=0x000000010c4b2b7c sp=0x000000016fd20a30 mode 0
Event: 2.806 Thread 0x0000000121828600 DEOPT PACKING pc=0x000000010d037a60 sp=0x000000016fd20fe0
Event: 2.806 Thread 0x0000000121828600 DEOPT UNPACKING pc=0x000000010c4b2b7c sp=0x000000016fd20c80 mode 0
Event: 2.806 Thread 0x0000000121828600 DEOPT PACKING pc=0x000000010d037a60 sp=0x000000016fd20fe0
Event: 2.806 Thread 0x0000000121828600 DEOPT UNPACKING pc=0x000000010c4b2b7c sp=0x000000016fd20c80 mode 0
Event: 2.807 Thread 0x0000000121828600 DEOPT PACKING pc=0x000000010d037a60 sp=0x000000016fd20d90
Event: 2.807 Thread 0x0000000121828600 DEOPT UNPACKING pc=0x000000010c4b2b7c sp=0x000000016fd20a30 mode 0
Event: 2.807 Thread 0x0000000121828600 DEOPT PACKING pc=0x000000010d037a60 sp=0x000000016fd20d90
Event: 2.807 Thread 0x0000000121828600 DEOPT UNPACKING pc=0x000000010c4b2b7c sp=0x000000016fd20a30 mode 0
Event: 2.807 Thread 0x0000000121828600 DEOPT PACKING pc=0x000000010d037a60 sp=0x000000016fd20fe0
Event: 2.807 Thread 0x0000000121828600 DEOPT UNPACKING pc=0x000000010c4b2b7c sp=0x000000016fd20c80 mode 0
Event: 2.807 Thread 0x0000000121828600 DEOPT PACKING pc=0x000000010d037a60 sp=0x000000016fd20fe0
Event: 2.807 Thread 0x0000000121828600 DEOPT UNPACKING pc=0x000000010c4b2b7c sp=0x000000016fd20c80 mode 0
Event: 2.815 Thread 0x0000000121828600 DEOPT PACKING pc=0x000000010d037a60 sp=0x000000016fd1f080
Event: 2.815 Thread 0x0000000121828600 DEOPT UNPACKING pc=0x000000010c4b2b7c sp=0x000000016fd1ed20 mode 0

Classes unloaded (0 events):
No events

Classes redefined (0 events):
No events

Internal exceptions (20 events):
Event: 0.487 Thread 0x0000000123a1e400 Exception <a 'java/lang/NoSuchMethodError'{0x0000000786dfad78}: 'void java.lang.invoke.DirectMethodHandle$Holder.invokeSpecial(java.lang.Object, java.lang.Object, java.lang.Object, java.lang.Object, java.lang.Object)'> (0x0000000786dfad78) 
thrown [open/src/hotspot/share/interpreter/linkResolver.cpp, line 766]
Event: 0.492 Thread 0x0000000123a1e400 Exception <a 'java/lang/NoSuchMethodError'{0x0000000786b88d30}: 'java.lang.Object java.lang.invoke.DirectMethodHandle$Holder.invokeSpecial(java.lang.Object, java.lang.Object, java.lang.Object, int, java.lang.Object)'> (0x0000000786b88d30) 
thrown [open/src/hotspot/share/interpreter/linkResolver.cpp, line 766]
Event: 0.517 Thread 0x0000000123a1e400 Exception <a 'java/io/FileNotFoundException'{0x000000078640aa10}> (0x000000078640aa10) 
thrown [open/src/hotspot/share/prims/jni.cpp, line 516]
Event: 0.618 Thread 0x0000000123a1e400 Exception <a 'java/lang/NoSuchMethodError'{0x0000000785e41c40}: 'java.lang.Object java.lang.invoke.DirectMethodHandle$Holder.invokeInterface(java.lang.Object, java.lang.Object, java.lang.Object)'> (0x0000000785e41c40) 
thrown [open/src/hotspot/share/interpreter/linkResolver.cpp, line 766]
Event: 0.618 Thread 0x0000000123a1e400 Exception <a 'java/lang/IncompatibleClassChangeError'{0x0000000785e45308}: Found class java.lang.Object, but interface was expected> (0x0000000785e45308) 
thrown [open/src/hotspot/share/interpreter/linkResolver.cpp, line 833]
Event: 0.630 Thread 0x0000000123a1e400 Exception <a 'java/lang/ClassNotFoundException'{0x0000000785c480b8}: com/sun/javafx/scene/control/skin/resources/controls> (0x0000000785c480b8) 
thrown [open/src/hotspot/share/prims/jni.cpp, line 535]
Event: 0.631 Thread 0x0000000123a1e400 Exception <a 'java/lang/ClassNotFoundException'{0x0000000785c56058}: com/sun/javafx/scene/control/skin/resources/controls_en> (0x0000000785c56058) 
thrown [open/src/hotspot/share/prims/jni.cpp, line 535]
Event: 0.631 Thread 0x0000000123a1e400 Exception <a 'java/lang/ClassNotFoundException'{0x0000000785c57818}: com/sun/javafx/scene/control/skin/resources/controls_en_GB> (0x0000000785c57818) 
thrown [open/src/hotspot/share/prims/jni.cpp, line 535]
Event: 0.640 Thread 0x0000000123a1e400 Implicit null exception at 0x0000000113f74c78 to 0x0000000113f74d08
Event: 0.641 Thread 0x0000000123a1e400 Implicit null exception at 0x0000000113fc5bd4 to 0x0000000113fc5ee4
Event: 0.641 Thread 0x0000000123a1e400 Exception <a 'java/lang/NoSuchMethodError'{0x0000000785a12358}: 'void java.lang.invoke.DirectMethodHandle$Holder.invokeSpecial(java.lang.Object, java.lang.Object, java.lang.Object, java.lang.Object, java.lang.Object, java.lang.Object)'> (0x0000000785a12358) 
thrown [open/src/hotspot/share/interpreter/linkResolver.cpp, line 766]
Event: 0.642 Thread 0x0000000123a1e400 Implicit null exception at 0x0000000113fd1dd4 to 0x0000000113fd20d8
Event: 0.642 Thread 0x0000000123a1e400 Implicit null exception at 0x0000000113f855d4 to 0x0000000113f85640
Event: 0.672 Thread 0x0000000123a1e400 Exception <a 'java/lang/NoSuchMethodError'{0x00000007857e75f8}: 'java.lang.Object java.lang.invoke.DirectMethodHandle$Holder.newInvokeSpecial(java.lang.Object, java.lang.Object, int)'> (0x00000007857e75f8) 
thrown [open/src/hotspot/share/interpreter/linkResolver.cpp, line 766]
Event: 0.713 Thread 0x0000000123a1e400 Exception <a 'java/lang/NoSuchMethodError'{0x00000007856b08a0}: 'long java.lang.invoke.DirectMethodHandle$Holder.invokeStatic(java.lang.Object, java.lang.Object, java.lang.Object)'> (0x00000007856b08a0) 
thrown [open/src/hotspot/share/interpreter/linkResolver.cpp, line 766]
Event: 0.713 Thread 0x0000000123a1e400 Exception <a 'java/lang/NoSuchMethodError'{0x00000007856b4048}: 'long java.lang.invoke.DirectMethodHandle$Holder.invokeStaticInit(java.lang.Object, java.lang.Object, java.lang.Object)'> (0x00000007856b4048) 
thrown [open/src/hotspot/share/interpreter/linkResolver.cpp, line 766]
Event: 0.714 Thread 0x0000000123a1e400 Exception <a 'java/lang/NoSuchMethodError'{0x00000007856cbc50}: 'java.lang.Object java.lang.invoke.DirectMethodHandle$Holder.newInvokeSpecial(java.lang.Object, java.lang.Object, long)'> (0x00000007856cbc50) 
thrown [open/src/hotspot/share/interpreter/linkResolver.cpp, line 766]
Event: 0.714 Thread 0x0000000123a1e400 Exception <a 'java/lang/NoSuchMethodError'{0x00000007856cf518}: 'java.lang.Object java.lang.invoke.Invokers$Holder.linkToTargetMethod(java.lang.Object, long, java.lang.Object)'> (0x00000007856cf518) 
thrown [open/src/hotspot/share/interpreter/linkResolver.cpp, line 766]
Event: 1.732 Thread 0x0000000123a1e400 Exception <a 'java/io/FileNotFoundException'{0x0000000787f4e4e0}> (0x0000000787f4e4e0) 
thrown [open/src/hotspot/share/prims/jni.cpp, line 516]
Event: 2.794 Thread 0x0000000121828600 Exception <a 'java/lang/NoSuchMethodError'{0x0000000787cde228}: 'java.lang.Object java.lang.invoke.DirectMethodHandle$Holder.invokeStaticInit(java.lang.Object, int)'> (0x0000000787cde228) 
thrown [open/src/hotspot/share/interpreter/linkResolver.cpp, line 766]

VM Operations (20 events):
Event: 1.723 Executing VM operation: G1CollectForAllocation
Event: 1.729 Executing VM operation: G1CollectForAllocation done
Event: 1.738 Executing VM operation: G1CollectForAllocation
Event: 1.740 Executing VM operation: G1CollectForAllocation done
Event: 1.812 Executing VM operation: ICBufferFull
Event: 1.812 Executing VM operation: ICBufferFull done
Event: 2.525 Executing VM operation: HandshakeAllThreads
Event: 2.525 Executing VM operation: HandshakeAllThreads done
Event: 2.567 Executing VM operation: ICBufferFull
Event: 2.567 Executing VM operation: ICBufferFull done
Event: 2.633 Executing VM operation: G1CollectForAllocation
Event: 2.634 Executing VM operation: G1CollectForAllocation done
Event: 2.712 Executing VM operation: ICBufferFull
Event: 2.712 Executing VM operation: ICBufferFull done
Event: 2.724 Executing VM operation: G1CollectForAllocation
Event: 2.726 Executing VM operation: G1CollectForAllocation done
Event: 2.781 Executing VM operation: ICBufferFull
Event: 2.781 Executing VM operation: ICBufferFull done
Event: 2.803 Executing VM operation: G1TryInitiateConcMark
Event: 2.805 Executing VM operation: G1TryInitiateConcMark done

Events (20 events):
Event: 1.730 loading class sun/security/ssl/Alert$Level
Event: 1.730 loading class sun/security/ssl/Alert$Level done
Event: 1.730 loading class java/util/Formatter$FixedString
Event: 1.730 loading class java/util/Formatter$FixedString done
Event: 2.238 Protecting memory [0x000000016ff38000,0x000000016ff44000] with protection modes 3
Event: 2.238 Thread 0x000000012483d400 Thread exited: 0x000000012483d400
Event: 2.288 Protecting memory [0x000000016ff38000,0x000000016ff44000] with protection modes 0
Event: 2.288 Thread 0x0000000125808200 Thread added: 0x0000000125808200
Event: 2.663 loading class java/lang/Math$RandomNumberGeneratorHolder
Event: 2.663 loading class java/lang/Math$RandomNumberGeneratorHolder done
Event: 2.664 loading class java/util/ArrayList$SubList$1
Event: 2.664 loading class java/util/ArrayList$SubList$1 done
Event: 2.664 loading class sun/text/resources/cldr/FormatData_en
Event: 2.664 loading class sun/text/resources/cldr/FormatData_en done
Event: 2.665 loading class java/text/DigitList$1
Event: 2.665 loading class java/text/DigitList$1 done
Event: 3.254 Protecting memory [0x000000016ff38000,0x000000016ff44000] with protection modes 3
Event: 3.255 Thread 0x0000000125808200 Thread exited: 0x0000000125808200
Event: 3.754 Protecting memory [0x000000016ff38000,0x000000016ff44000] with protection modes 0
Event: 3.754 Thread 0x000000012500b000 Thread added: 0x000000012500b000


Dynamic libraries:
0x0000000102c9c000 	/Library/Java/JavaVirtualMachines/jdk-17.jdk/Contents/Home/lib/libjli.dylib
0x00000001b6c1f000 	/usr/lib/libz.1.dylib
0x00000001b6ccf000 	/usr/lib/libSystem.B.dylib
0x00000001b6cc9000 	/usr/lib/system/libcache.dylib
0x00000001b6c87000 	/usr/lib/system/libcommonCrypto.dylib
0x00000001b6cb0000 	/usr/lib/system/libcompiler_rt.dylib
0x00000001b6ca7000 	/usr/lib/system/libcopyfile.dylib
0x00000001ac012000 	/usr/lib/system/libcorecrypto.dylib
0x00000001ac0b7000 	/usr/lib/system/libdispatch.dylib
0x00000001ac27f000 	/usr/lib/system/libdyld.dylib
0x00000001b6cbf000 	/usr/lib/system/libkeymgr.dylib
0x00000001b6c69000 	/usr/lib/system/libmacho.dylib
0x00000001b636d000 	/usr/lib/system/libquarantine.dylib
0x00000001b6cbc000 	/usr/lib/system/libremovefile.dylib
0x00000001b140e000 	/usr/lib/system/libsystem_asl.dylib
0x00000001abfbc000 	/usr/lib/system/libsystem_blocks.dylib
0x00000001ac13d000 	/usr/lib/system/libsystem_c.dylib
0x00000001b6cb4000 	/usr/lib/system/libsystem_collections.dylib
0x00000001b582c000 	/usr/lib/system/libsystem_configuration.dylib
0x00000001b4ab0000 	/usr/lib/system/libsystem_containermanager.dylib
0x00000001b69d0000 	/usr/lib/system/libsystem_coreservices.dylib
0x00000001ae9a3000 	/usr/lib/system/libsystem_darwin.dylib
0x00000001b6cc0000 	/usr/lib/system/libsystem_dnssd.dylib
0x00000001ac13a000 	/usr/lib/system/libsystem_featureflags.dylib
0x00000001ac294000 	/usr/lib/system/libsystem_info.dylib
0x00000001b6c31000 	/usr/lib/system/libsystem_m.dylib
0x00000001ac08c000 	/usr/lib/system/libsystem_malloc.dylib
0x00000001b139f000 	/usr/lib/system/libsystem_networkextension.dylib
0x00000001aedf7000 	/usr/lib/system/libsystem_notify.dylib
0x00000001bced5000 	/usr/lib/system/libsystem_product_info_filter.dylib
0x00000001b5831000 	/usr/lib/system/libsystem_sandbox.dylib
0x00000001b6cb9000 	/usr/lib/system/libsystem_secinit.dylib
0x00000001ac23c000 	/usr/lib/system/libsystem_kernel.dylib
0x00000001ac28c000 	/usr/lib/system/libsystem_platform.dylib
0x00000001ac272000 	/usr/lib/system/libsystem_pthread.dylib
0x00000001b2b48000 	/usr/lib/system/libsystem_symptoms.dylib
0x00000001abff8000 	/usr/lib/system/libsystem_trace.dylib
0x00000001b6c94000 	/usr/lib/system/libunwind.dylib
0x00000001abfbe000 	/usr/lib/system/libxpc.dylib
0x00000001ac222000 	/usr/lib/libc++abi.dylib
0x00000001ac0fe000 	/usr/lib/libobjc.A.dylib
0x00000001b6c9f000 	/usr/lib/liboah.dylib
0x00000001ac1be000 	/usr/lib/libc++.1.dylib
0x00000001c28d0000 	/System/Library/Frameworks/Cocoa.framework/Versions/A/Cocoa
0x00000001aee57000 	/System/Library/Frameworks/AppKit.framework/Versions/C/AppKit
0x00000001b2387000 	/System/Library/Frameworks/CoreData.framework/Versions/A/CoreData
0x00000001ad1b4000 	/System/Library/Frameworks/Foundation.framework/Versions/C/Foundation
0x00000001afd0b000 	/System/Library/PrivateFrameworks/UIFoundation.framework/Versions/A/UIFoundation
0x00000001bcbcf000 	/System/Library/PrivateFrameworks/RemoteViewServices.framework/Versions/A/RemoteViewServices
0x00000001b51ea000 	/System/Library/PrivateFrameworks/XCTTargetBootstrap.framework/Versions/A/XCTTargetBootstrap
0x00000001b89d0000 	/System/Library/PrivateFrameworks/InternationalSupport.framework/Versions/A/InternationalSupport
0x00000001b8a59000 	/System/Library/PrivateFrameworks/UserActivity.framework/Versions/A/UserActivity
0x00000001b7efe000 	/usr/lib/libspindump.dylib
0x00000001aff7b000 	/System/Library/Frameworks/UniformTypeIdentifiers.framework/Versions/A/UniformTypeIdentifiers
0x00000001b3777000 	/usr/lib/libapp_launch_measurement.dylib
0x00000001b2cef000 	/System/Library/PrivateFrameworks/CoreAnalytics.framework/Versions/A/CoreAnalytics
0x00000001b377a000 	/System/Library/PrivateFrameworks/CoreAutoLayout.framework/Versions/A/CoreAutoLayout
0x00000001b4aed000 	/System/Library/Frameworks/Metal.framework/Versions/A/Metal
0x00000001b583c000 	/usr/lib/liblangid.dylib
0x00000001b51ee000 	/System/Library/PrivateFrameworks/CoreSVG.framework/Versions/A/CoreSVG
0x00000001b1442000 	/System/Library/PrivateFrameworks/SkyLight.framework/Versions/A/SkyLight
0x00000001b180c000 	/System/Library/Frameworks/CoreGraphics.framework/Versions/A/CoreGraphics
0x00000001bd24c000 	/System/Library/Frameworks/Accelerate.framework/Versions/A/Accelerate
0x00000001b7972000 	/System/Library/PrivateFrameworks/IconServices.framework/Versions/A/IconServices
0x00000001b4acf000 	/System/Library/Frameworks/IOSurface.framework/Versions/A/IOSurface
0x00000001b2d1f000 	/usr/lib/libDiagnosticMessagesClient.dylib
0x00000001c0693000 	/System/Library/Frameworks/ApplicationServices.framework/Versions/A/ApplicationServices
0x00000001b51d2000 	/System/Library/PrivateFrameworks/DFRFoundation.framework/Versions/A/DFRFoundation
0x00000001ae6f8000 	/usr/lib/libicucore.A.dylib
0x00000001b97d1000 	/System/Library/Frameworks/AudioToolbox.framework/Versions/A/AudioToolbox
0x00000001b89dc000 	/System/Library/PrivateFrameworks/DataDetectorsCore.framework/Versions/A/DataDetectorsCore
0x00000001ceb0e000 	/System/Library/PrivateFrameworks/TextInput.framework/Versions/A/TextInput
0x00000001b13b9000 	/usr/lib/libMobileGestalt.dylib
0x00000001b4ea2000 	/System/Library/Frameworks/Carbon.framework/Versions/A/Frameworks/HIToolbox.framework/Versions/A/HIToolbox
0x00000001b3180000 	/System/Library/Frameworks/QuartzCore.framework/Versions/A/QuartzCore
0x00000001ae375000 	/System/Library/Frameworks/Security.framework/Versions/A/Security
0x00000001bcc0f000 	/System/Library/Frameworks/Carbon.framework/Versions/A/Frameworks/SpeechRecognition.framework/Versions/A/SpeechRecognition
0x00000001b34ce000 	/System/Library/PrivateFrameworks/CoreUI.framework/Versions/A/CoreUI
0x00000001adc46000 	/System/Library/Frameworks/CoreAudio.framework/Versions/A/CoreAudio
0x00000001b2e13000 	/System/Library/Frameworks/DiskArbitration.framework/Versions/A/DiskArbitration
0x00000001b82e3000 	/System/Library/PrivateFrameworks/MultitouchSupport.framework/Versions/A/MultitouchSupport
0x00000001b13b7000 	/usr/lib/libenergytrace.dylib
0x00000001aed21000 	/System/Library/Frameworks/IOKit.framework/Versions/A/IOKit
0x00000001bcff8000 	/System/Library/Frameworks/CoreServices.framework/Versions/A/CoreServices
0x00000001b3707000 	/System/Library/PrivateFrameworks/PerformanceAnalysis.framework/Versions/A/PerformanceAnalysis
0x000000020d681000 	/System/Library/Frameworks/OpenGL.framework/Versions/A/OpenGL
0x00000001b628d000 	/System/Library/PrivateFrameworks/MobileKeyBag.framework/Versions/A/MobileKeyBag
0x00000001b1e1c000 	/System/Library/Frameworks/ColorSync.framework/Versions/A/ColorSync
0x00000001ac2c0000 	/System/Library/Frameworks/CoreFoundation.framework/Versions/A/CoreFoundation
0x00000001b546f000 	/System/Library/Frameworks/CoreImage.framework/Versions/A/CoreImage
0x00000001ada69000 	/System/Library/Frameworks/CoreText.framework/Versions/A/CoreText
0x00000001b521e000 	/System/Library/Frameworks/ImageIO.framework/Versions/A/ImageIO
0x00000001b6cd5000 	/System/Library/PrivateFrameworks/SoftLinking.framework/Versions/A/SoftLinking
0x00000001b37c4000 	/usr/lib/libxml2.2.dylib
0x00000001b6f6e000 	/usr/lib/libcompression.dylib
0x00000001b8929000 	/System/Library/PrivateFrameworks/TextureIO.framework/Versions/A/TextureIO
0x00000001b768c000 	/usr/lib/libate.dylib
0x00000001b7554000 	/usr/lib/liblzma.5.dylib
0x00000001acea8000 	/System/Library/Frameworks/SystemConfiguration.framework/Versions/A/SystemConfiguration
0x00000001b6cd1000 	/usr/lib/libfakelink.dylib
0x00000001b0ee6000 	/System/Library/Frameworks/CFNetwork.framework/Versions/A/CFNetwork
0x00000001b6e18000 	/usr/lib/libarchive.2.dylib
0x00000001b5838000 	/System/Library/PrivateFrameworks/AppleSystemInfo.framework/Versions/A/AppleSystemInfo
0x00000001b6398000 	/usr/lib/libbsm.0.dylib
0x00000001b041e000 	/usr/lib/libnetwork.dylib
0x00000001b6c6f000 	/usr/lib/system/libkxld.dylib
0x00000001b5faf000 	/System/Library/PrivateFrameworks/IOMobileFramebuffer.framework/Versions/A/IOMobileFramebuffer
0x00000002293e6000 	/usr/lib/libCoreEntitlements.dylib
0x00000001b69b2000 	/System/Library/PrivateFrameworks/AppleFSCompression.framework/Versions/A/AppleFSCompression
0x00000001b6380000 	/usr/lib/libcoretls.dylib
0x00000001b756d000 	/usr/lib/libcoretls_cfhelpers.dylib
0x00000001b6f69000 	/usr/lib/libpam.2.dylib
0x00000001b2770000 	/usr/lib/libsqlite3.dylib
0x00000001b75d5000 	/usr/lib/libxar.1.dylib
0x00000001b69c3000 	/usr/lib/libbz2.1.0.dylib
0x00000001b6cd6000 	/usr/lib/libpcap.A.dylib
0x00000001b2b3f000 	/usr/lib/libdns_services.dylib
0x00000001b6f3c000 	/usr/lib/libapple_nghttp2.dylib
0x00000001b6d13000 	/usr/lib/libiconv.2.dylib
0x00000001b6c68000 	/usr/lib/libcharset.1.dylib
0x00000001b3743000 	/System/Library/Frameworks/CoreServices.framework/Versions/A/Frameworks/FSEvents.framework/Versions/A/FSEvents
0x00000001ae9ae000 	/System/Library/Frameworks/CoreServices.framework/Versions/A/Frameworks/CarbonCore.framework/Versions/A/CarbonCore
0x00000001b2d76000 	/System/Library/Frameworks/CoreServices.framework/Versions/A/Frameworks/Metadata.framework/Versions/A/Metadata
0x00000001b69d6000 	/System/Library/Frameworks/CoreServices.framework/Versions/A/Frameworks/OSServices.framework/Versions/A/OSServices
0x00000001b6e9e000 	/System/Library/Frameworks/CoreServices.framework/Versions/A/Frameworks/SearchKit.framework/Versions/A/SearchKit
0x00000001b2acd000 	/System/Library/Frameworks/CoreServices.framework/Versions/A/Frameworks/AE.framework/Versions/A/AE
0x00000001ac804000 	/System/Library/Frameworks/CoreServices.framework/Versions/A/Frameworks/LaunchServices.framework/Versions/A/LaunchServices
0x00000001b74fd000 	/System/Library/Frameworks/CoreServices.framework/Versions/A/Frameworks/DictionaryServices.framework/Versions/A/DictionaryServices
0x00000001b3750000 	/System/Library/Frameworks/CoreServices.framework/Versions/A/Frameworks/SharedFileList.framework/Versions/A/SharedFileList
0x00000001b6370000 	/usr/lib/libCheckFix.dylib
0x00000001b1426000 	/System/Library/PrivateFrameworks/TCC.framework/Versions/A/TCC
0x00000001b583e000 	/System/Library/PrivateFrameworks/CoreNLP.framework/Versions/A/CoreNLP
0x00000001b2d22000 	/System/Library/PrivateFrameworks/MetadataUtilities.framework/Versions/A/MetadataUtilities
0x00000001acf61000 	/usr/lib/libmecabra.dylib
0x00000001b63a9000 	/usr/lib/libmecab.dylib
0x00000001acf2d000 	/usr/lib/libCRFSuite.dylib
0x00000001b6407000 	/usr/lib/libgermantok.dylib
0x00000001b6f15000 	/usr/lib/libThaiTokenizer.dylib
0x00000001b2e1b000 	/System/Library/Frameworks/Accelerate.framework/Versions/A/Frameworks/vImage.framework/Versions/A/vImage
0x00000001bcfcf000 	/System/Library/Frameworks/Accelerate.framework/Versions/A/Frameworks/vecLib.framework/Versions/A/vecLib
0x00000001b7619000 	/System/Library/Frameworks/Accelerate.framework/Versions/A/Frameworks/vecLib.framework/Versions/A/libvMisc.dylib
0x00000001b5eb9000 	/System/Library/Frameworks/Accelerate.framework/Versions/A/Frameworks/vecLib.framework/Versions/A/libvDSP.dylib
0x00000001acb87000 	/System/Library/Frameworks/Accelerate.framework/Versions/A/Frameworks/vecLib.framework/Versions/A/libBLAS.dylib
0x00000001b703d000 	/System/Library/Frameworks/Accelerate.framework/Versions/A/Frameworks/vecLib.framework/Versions/A/libLAPACK.dylib
0x00000001b640a000 	/System/Library/Frameworks/Accelerate.framework/Versions/A/Frameworks/vecLib.framework/Versions/A/libLinearAlgebra.dylib
0x00000001b6f54000 	/System/Library/Frameworks/Accelerate.framework/Versions/A/Frameworks/vecLib.framework/Versions/A/libSparseBLAS.dylib
0x00000001b7038000 	/System/Library/Frameworks/Accelerate.framework/Versions/A/Frameworks/vecLib.framework/Versions/A/libQuadrature.dylib
0x00000001b5935000 	/System/Library/Frameworks/Accelerate.framework/Versions/A/Frameworks/vecLib.framework/Versions/A/libBNNS.dylib
0x00000001ace45000 	/System/Library/Frameworks/Accelerate.framework/Versions/A/Frameworks/vecLib.framework/Versions/A/libSparse.dylib
0x00000001b592d000 	/System/Library/PrivateFrameworks/LinguisticData.framework/Versions/A/LinguisticData
0x00000001acdfb000 	/System/Library/PrivateFrameworks/Lexicon.framework/Versions/A/Lexicon
0x00000001b7611000 	/usr/lib/libChineseTokenizer.dylib
0x00000001ad5a2000 	/System/Library/PrivateFrameworks/LanguageModeling.framework/Versions/A/LanguageModeling
0x00000001b6f17000 	/System/Library/PrivateFrameworks/AppleSauce.framework/Versions/A/AppleSauce
0x00000001b5f9c000 	/System/Library/PrivateFrameworks/CoreEmoji.framework/Versions/A/CoreEmoji
0x00000001b6e06000 	/usr/lib/libcmph.dylib
0x00000001b3723000 	/System/Library/Frameworks/OpenDirectory.framework/Versions/A/Frameworks/CFOpenDirectory.framework/Versions/A/CFOpenDirectory
0x00000001b3713000 	/System/Library/Frameworks/OpenDirectory.framework/Versions/A/OpenDirectory
0x00000001b756f000 	/System/Library/PrivateFrameworks/APFS.framework/Versions/A/APFS
0x00000001b62c8000 	/System/Library/Frameworks/SecurityFoundation.framework/Versions/A/SecurityFoundation
0x00000001b75e3000 	/usr/lib/libutil.dylib
0x00000001aece3000 	/System/Library/PrivateFrameworks/CoreServicesStore.framework/Versions/A/CoreServicesStore
0x00000001b75e7000 	/usr/lib/libxslt.1.dylib
0x00000001b635c000 	/System/Library/PrivateFrameworks/BackgroundTaskManagement.framework/Versions/A/BackgroundTaskManagement
0x00000001b884a000 	/System/Library/Frameworks/ImageIO.framework/Versions/A/Resources/libRadiance.dylib
0x00000001b8853000 	/System/Library/Frameworks/ImageIO.framework/Versions/A/Resources/libJPEG.dylib
0x00000001b87a5000 	/System/Library/Frameworks/ImageIO.framework/Versions/A/Resources/libPng.dylib
0x00000001b87c7000 	/System/Library/Frameworks/ImageIO.framework/Versions/A/Resources/libTIFF.dylib
0x00000001b88ae000 	/System/Library/Frameworks/ImageIO.framework/Versions/A/Resources/libGIF.dylib
0x00000001b81f3000 	/System/Library/Frameworks/ImageIO.framework/Versions/A/Resources/libJP2.dylib
0x00000001b7938000 	/usr/lib/libexpat.1.dylib
0x00000001b81ae000 	/System/Library/PrivateFrameworks/AppleJPEG.framework/Versions/A/AppleJPEG
0x00000001b4d61000 	/System/Library/PrivateFrameworks/FontServices.framework/libFontParser.dylib
0x00000001b2a72000 	/System/Library/PrivateFrameworks/RunningBoardServices.framework/Versions/A/RunningBoardServices
0x00000001c2f43000 	/System/Library/PrivateFrameworks/IOSurfaceAccelerator.framework/Versions/A/IOSurfaceAccelerator
0x00000001b82df000 	/System/Library/PrivateFrameworks/WatchdogClient.framework/Versions/A/WatchdogClient
0x00000001ad6a6000 	/System/Library/Frameworks/CoreDisplay.framework/Versions/A/CoreDisplay
0x00000001b4c4f000 	/System/Library/Frameworks/CoreMedia.framework/Versions/A/CoreMedia
0x00000001b4ae3000 	/System/Library/PrivateFrameworks/IOAccelerator.framework/Versions/A/IOAccelerator
0x00000001b38b1000 	/System/Library/Frameworks/CoreVideo.framework/Versions/A/CoreVideo
0x00000001b6f67000 	/System/Library/Frameworks/MetalPerformanceShaders.framework/Versions/A/MetalPerformanceShaders
0x00000001b831c000 	/System/Library/Frameworks/VideoToolbox.framework/Versions/A/VideoToolbox
0x00000001b29b6000 	/System/Library/PrivateFrameworks/BaseBoard.framework/Versions/A/BaseBoard
0x00000001b2755000 	/System/Library/PrivateFrameworks/ProtocolBuffer.framework/Versions/A/ProtocolBuffer
0x00000001b8845000 	/System/Library/PrivateFrameworks/GPUWrangler.framework/Versions/A/GPUWrangler
0x00000001b8824000 	/System/Library/PrivateFrameworks/IOPresentment.framework/Versions/A/IOPresentment
0x00000001b884d000 	/System/Library/PrivateFrameworks/DSExternalDisplay.framework/Versions/A/DSExternalDisplay
0x000000020d674000 	/System/Library/Frameworks/OpenGL.framework/Versions/A/Libraries/libCoreFSCache.dylib
0x0000000216e35000 	/System/Library/PrivateFrameworks/GPUCompiler.framework/Versions/31001/Libraries/libGPUCompilerUtils.dylib
0x00000001b88b3000 	/System/Library/PrivateFrameworks/CMCaptureCore.framework/Versions/A/CMCaptureCore
0x00000001b7eec000 	/System/Library/PrivateFrameworks/AppServerSupport.framework/Versions/A/AppServerSupport
0x00000001ba08c000 	/System/Library/PrivateFrameworks/perfdata.framework/Versions/A/perfdata
0x00000001ad7c6000 	/System/Library/PrivateFrameworks/AudioToolboxCore.framework/Versions/A/AudioToolboxCore
0x00000001b4c27000 	/System/Library/PrivateFrameworks/caulk.framework/Versions/A/caulk
0x00000001b9981000 	/usr/lib/libAudioStatistics.dylib
0x00000001cb287000 	/System/Library/PrivateFrameworks/SystemPolicy.framework/Versions/A/SystemPolicy
0x00000001b9be1000 	/usr/lib/libSMC.dylib
0x00000001c27b2000 	/System/Library/Frameworks/CoreMIDI.framework/Versions/A/CoreMIDI
0x00000001b8773000 	/usr/lib/libAudioToolboxUtility.dylib
0x00000001c76c0000 	/System/Library/PrivateFrameworks/OSAServicesClient.framework/Versions/A/OSAServicesClient
0x00000001ba099000 	/usr/lib/libperfcheck.dylib
0x00000001cbd8a000 	/usr/lib/libmis.dylib
0x000000020d6d5000 	/System/Library/Frameworks/OpenGL.framework/Versions/A/Libraries/libGLU.dylib
0x000000020d694000 	/System/Library/Frameworks/OpenGL.framework/Versions/A/Libraries/libGFXShared.dylib
0x000000020d87e000 	/System/Library/Frameworks/OpenGL.framework/Versions/A/Libraries/libGL.dylib
0x000000020d69d000 	/System/Library/Frameworks/OpenGL.framework/Versions/A/Libraries/libGLImage.dylib
0x000000020d691000 	/System/Library/Frameworks/OpenGL.framework/Versions/A/Libraries/libCVMSPluginSupport.dylib
0x000000020d67b000 	/System/Library/Frameworks/OpenGL.framework/Versions/A/Libraries/libCoreVMClient.dylib
0x00000001b57b9000 	/System/Library/Frameworks/MetalPerformanceShaders.framework/Versions/A/Frameworks/MPSCore.framework/Versions/A/MPSCore
0x00000001b6925000 	/System/Library/Frameworks/MetalPerformanceShaders.framework/Versions/A/Frameworks/MPSImage.framework/Versions/A/MPSImage
0x00000001b641f000 	/System/Library/Frameworks/MetalPerformanceShaders.framework/Versions/A/Frameworks/MPSNeuralNetwork.framework/Versions/A/MPSNeuralNetwork
0x00000001b685c000 	/System/Library/Frameworks/MetalPerformanceShaders.framework/Versions/A/Frameworks/MPSMatrix.framework/Versions/A/MPSMatrix
0x00000001b6637000 	/System/Library/Frameworks/MetalPerformanceShaders.framework/Versions/A/Frameworks/MPSRayIntersector.framework/Versions/A/MPSRayIntersector
0x00000001b688d000 	/System/Library/Frameworks/MetalPerformanceShaders.framework/Versions/A/Frameworks/MPSNDArray.framework/Versions/A/MPSNDArray
0x000000020f3ab000 	/System/Library/Frameworks/MetalPerformanceShaders.framework/Versions/A/Frameworks/MPSFunctions.framework/Versions/A/MPSFunctions
0x00000001aca65000 	/System/Library/PrivateFrameworks/MetalTools.framework/Versions/A/MetalTools
0x00000001b5836000 	/System/Library/PrivateFrameworks/AggregateDictionary.framework/Versions/A/AggregateDictionary
0x00000001b771e000 	/usr/lib/libIOReport.dylib
0x00000001c1799000 	/System/Library/PrivateFrameworks/ASEProcessing.framework/Versions/A/ASEProcessing
0x00000001b7a91000 	/System/Library/PrivateFrameworks/FaceCore.framework/Versions/A/FaceCore
0x00000001b7a83000 	/System/Library/PrivateFrameworks/GraphVisualizer.framework/Versions/A/GraphVisualizer
0x0000000216d4c000 	/System/Library/PrivateFrameworks/FontServices.framework/Versions/A/FontServices
0x00000001b7ea6000 	/System/Library/PrivateFrameworks/OTSVG.framework/Versions/A/OTSVG
0x00000001b347f000 	/System/Library/Frameworks/ApplicationServices.framework/Versions/A/Frameworks/ATS.framework/Versions/A/Resources/libFontRegistry.dylib
0x00000001b7ef5000 	/System/Library/PrivateFrameworks/FontServices.framework/libhvf.dylib
0x0000000216d4d000 	/System/Library/PrivateFrameworks/FontServices.framework/libXTFontStaticRegistryData.dylib
0x000000020da20000 	/System/Library/Frameworks/OpenCL.framework/Versions/A/OpenCL
0x00000001b78ec000 	/System/Library/PrivateFrameworks/AppleVA.framework/Versions/A/AppleVA
0x00000001b99a9000 	/System/Library/Frameworks/ApplicationServices.framework/Versions/A/Frameworks/ATS.framework/Versions/A/ATS
0x00000001b1f19000 	/System/Library/Frameworks/ApplicationServices.framework/Versions/A/Frameworks/HIServices.framework/Versions/A/HIServices
0x00000001b88bd000 	/System/Library/Frameworks/ApplicationServices.framework/Versions/A/Frameworks/PrintCore.framework/Versions/A/PrintCore
0x00000001b9d34000 	/System/Library/Frameworks/ApplicationServices.framework/Versions/A/Frameworks/QD.framework/Versions/A/QD
0x00000001b9d2c000 	/System/Library/Frameworks/ApplicationServices.framework/Versions/A/Frameworks/ColorSyncLegacy.framework/Versions/A/ColorSyncLegacy
0x00000001b9995000 	/System/Library/Frameworks/ApplicationServices.framework/Versions/A/Frameworks/SpeechSynthesis.framework/Versions/A/SpeechSynthesis
0x00000001b887e000 	/System/Library/Frameworks/ApplicationServices.framework/Versions/A/Frameworks/ATSUI.framework/Versions/A/ATSUI
0x00000001b9cc1000 	/usr/lib/libcups.2.dylib
0x00000001ba0a7000 	/System/Library/Frameworks/Kerberos.framework/Versions/A/Kerberos
0x00000001ba0b8000 	/System/Library/Frameworks/GSS.framework/Versions/A/GSS
0x00000001b9a18000 	/usr/lib/libresolv.9.dylib
0x00000001b7f03000 	/System/Library/PrivateFrameworks/Heimdal.framework/Versions/A/Heimdal
0x00000001c0a09000 	/System/Library/Frameworks/Kerberos.framework/Versions/A/Libraries/libHeimdalProxy.dylib
0x00000001b2b51000 	/System/Library/Frameworks/Network.framework/Versions/A/Network
0x00000001b7953000 	/usr/lib/libheimdal-asn1.dylib
0x00000001ba0fe000 	/System/Library/PrivateFrameworks/CommonAuth.framework/Versions/A/CommonAuth
0x00000001b990f000 	/System/Library/PrivateFrameworks/AudioSession.framework/Versions/A/AudioSession
0x00000001b79e4000 	/System/Library/PrivateFrameworks/MediaExperience.framework/Versions/A/MediaExperience
0x00000001b9797000 	/System/Library/PrivateFrameworks/AudioSession.framework/libSessionUtility.dylib
0x00000001b9d40000 	/System/Library/PrivateFrameworks/AudioResourceArbitration.framework/Versions/A/AudioResourceArbitration
0x00000001bde4b000 	/System/Library/PrivateFrameworks/PowerLog.framework/Versions/A/PowerLog
0x00000001b795c000 	/System/Library/PrivateFrameworks/IconFoundation.framework/Versions/A/IconFoundation
0x00000001bcbfb000 	/System/Library/PrivateFrameworks/SpeechRecognitionCore.framework/Versions/A/SpeechRecognitionCore
0x0000000103e14000 	/Library/Java/JavaVirtualMachines/jdk-17.jdk/Contents/Home/lib/server/libjvm.dylib
0x0000000102d00000 	/Library/Java/JavaVirtualMachines/jdk-17.jdk/Contents/Home/lib/libjimage.dylib
0x0000000102d2c000 	/Library/Java/JavaVirtualMachines/jdk-17.jdk/Contents/Home/lib/libinstrument.dylib
0x0000000102d78000 	/Library/Java/JavaVirtualMachines/jdk-17.jdk/Contents/Home/lib/libjava.dylib
0x0000000102e54000 	/Library/Java/JavaVirtualMachines/jdk-17.jdk/Contents/Home/lib/libnio.dylib
0x0000000121474000 	/Library/Java/JavaVirtualMachines/jdk-17.jdk/Contents/Home/lib/libnet.dylib
0x0000000102d60000 	/Library/Java/JavaVirtualMachines/jdk-17.jdk/Contents/Home/lib/libzip.dylib
0x0000000103e00000 	/Library/Java/JavaVirtualMachines/jdk-17.jdk/Contents/Home/lib/libextnet.dylib
0x0000000121498000 	/Users/mohammedjammeh/Documents/javafx-sdk-17.0.0.1/lib/libprism_es2.dylib
0x00000001aeca6000 	/System/Library/PrivateFrameworks/CoreServicesInternal.framework/Versions/A/CoreServicesInternal
0x000000020d888000 	/System/Library/Frameworks/OpenGL.framework/Versions/A/Resources/GLEngine.bundle/GLEngine
0x000000020d70f000 	/System/Library/Frameworks/OpenGL.framework/Versions/A/Libraries/libGLProgrammability.dylib
0x000000012293c000 	/System/Library/Extensions/AppleMetalOpenGLRenderer.bundle/Contents/MacOS/AppleMetalOpenGLRenderer
0x000000020d9f7000 	/System/Library/Frameworks/OpenGL.framework/Versions/A/Resources/GLRendererFloat.bundle/GLRendererFloat
0x000000020da98000 	/System/Library/Extensions/AGXMetal13_3.bundle/Contents/MacOS/AGXMetal13_3
0x00000001cbda6000 	/System/Library/PrivateFrameworks/GPURawCounter.framework/Versions/A/GPURawCounter
0x00000001c6847000 	/System/Library/PrivateFrameworks/IOGPU.framework/Versions/A/IOGPU
0x00000001228a8000 	/Users/mohammedjammeh/Documents/javafx-sdk-17.0.0.1/lib/libglass.dylib
0x00000001be09f000 	/System/Library/Frameworks/FileProvider.framework/Versions/A/FileProvider
0x00000001b291e000 	/System/Library/Frameworks/Accounts.framework/Versions/A/Accounts
0x00000001be21f000 	/System/Library/PrivateFrameworks/GenerationalStorage.framework/Versions/A/GenerationalStorage
0x00000001bedd5000 	/System/Library/PrivateFrameworks/CoreSymbolication.framework/Versions/A/CoreSymbolication
0x00000001bde3f000 	/System/Library/PrivateFrameworks/SymptomDiagnosticReporter.framework/Versions/A/SymptomDiagnosticReporter
0x00000001aff8f000 	/System/Library/PrivateFrameworks/DesktopServicesPriv.framework/Versions/A/DesktopServicesPriv
0x00000001aee06000 	/usr/lib/libsandbox.1.dylib
0x00000001b393e000 	/System/Library/PrivateFrameworks/UserManagement.framework/Versions/A/UserManagement
0x00000001bed96000 	/System/Library/PrivateFrameworks/DebugSymbols.framework/Versions/A/DebugSymbols
0x00000001b9d1f000 	/System/Library/PrivateFrameworks/NetAuth.framework/Versions/A/NetAuth
0x00000001bac24000 	/System/Library/PrivateFrameworks/Sharing.framework/Versions/A/Sharing
0x00000001b390e000 	/System/Library/PrivateFrameworks/login.framework/Versions/A/Frameworks/loginsupport.framework/Versions/A/loginsupport
0x00000001bff4d000 	/System/Library/PrivateFrameworks/Apple80211.framework/Versions/A/Apple80211
0x00000001b6a09000 	/System/Library/PrivateFrameworks/AuthKit.framework/Versions/A/AuthKit
0x00000001b609b000 	/System/Library/PrivateFrameworks/CoreUtils.framework/Versions/A/CoreUtils
0x00000001b5fbb000 	/System/Library/Frameworks/CoreWLAN.framework/Versions/A/CoreWLAN
0x00000001bad8e000 	/System/Library/Frameworks/IOBluetooth.framework/Versions/A/IOBluetooth
0x00000001bffad000 	/System/Library/PrivateFrameworks/CoreWiFi.framework/Versions/A/CoreWiFi
0x00000001be97d000 	/System/Library/PrivateFrameworks/FrontBoardServices.framework/Versions/A/FrontBoardServices
0x00000001bea15000 	/System/Library/PrivateFrameworks/BoardServices.framework/Versions/A/BoardServices
0x00000001b62b6000 	/System/Library/PrivateFrameworks/AssertionServices.framework/Versions/A/AssertionServices
0x00000001c011b000 	/System/Library/PrivateFrameworks/BackBoardServices.framework/Versions/A/BackBoardServices
0x00000001ba191000 	/System/Library/PrivateFrameworks/CorePhoneNumbers.framework/Versions/A/CorePhoneNumbers
0x00000001bdf6f000 	/System/Library/PrivateFrameworks/DiskManagement.framework/Versions/A/DiskManagement
0x00000001bde72000 	/System/Library/PrivateFrameworks/AppleIDAuthSupport.framework/Versions/A/AppleIDAuthSupport
0x0000000211674000 	/System/Library/PrivateFrameworks/AAAFoundation.framework/Versions/A/AAAFoundation
0x00000001ba170000 	/System/Library/PrivateFrameworks/KeychainCircle.framework/Versions/A/KeychainCircle
0x00000001bdf3b000 	/System/Library/PrivateFrameworks/MediaKit.framework/Versions/A/MediaKit
0x00000001bde7f000 	/System/Library/Frameworks/DiscRecording.framework/Versions/A/DiscRecording
0x00000001b7868000 	/usr/lib/libCoreStorage.dylib
0x00000001c0417000 	/usr/lib/libcsfde.dylib
0x00000001bae63000 	/System/Library/PrivateFrameworks/ProtectedCloudStorage.framework/Versions/A/ProtectedCloudStorage
0x00000001c040f000 	/System/Library/PrivateFrameworks/EFILogin.framework/Versions/A/EFILogin
0x00000001be246000 	/System/Library/PrivateFrameworks/OctagonTrust.framework/Versions/A/OctagonTrust
0x0000000215f98000 	/System/Library/PrivateFrameworks/CoreUtilsExtras.framework/Versions/A/CoreUtilsExtras
0x00000001bddb5000 	/System/Library/Frameworks/CoreBluetooth.framework/Versions/A/CoreBluetooth
0x00000001c0a8e000 	/System/Library/Frameworks/AudioUnit.framework/Versions/A/AudioUnit
0x00000001b7860000 	/usr/lib/libMatch.1.dylib
0x00000001d0089000 	/System/Library/Frameworks/Accelerate.framework/Versions/A/Frameworks/vImage.framework/Versions/A/Libraries/libCGInterfaces.dylib
0x00000001247b0000 	/usr/lib/libobjc-trampolines.dylib
0x00000001b360b000 	/System/Library/PrivateFrameworks/ViewBridge.framework/Versions/A/ViewBridge
0x00000001b7fb1000 	/System/Library/PrivateFrameworks/login.framework/Versions/A/login
0x00000001b7727000 	/System/Library/PrivateFrameworks/CrashReporterSupport.framework/Versions/A/CrashReporterSupport
0x00000001d7a49000 	/System/Library/PrivateFrameworks/OSAnalytics.framework/Versions/A/OSAnalytics
0x00000001e2a8d000 	/System/Library/PrivateFrameworks/Symbolication.framework/Versions/A/Symbolication
0x00000001cbd67000 	/System/Library/PrivateFrameworks/MallocStackLogging.framework/Versions/A/MallocStackLogging
0x0000000127fd4000 	/Users/mohammedjammeh/Documents/javafx-sdk-17.0.0.1/lib/libjavafx_font.dylib
0x0000000229560000 	/usr/lib/libRosetta.dylib


VM Arguments:
jvm_args: --module-path=/Users/mohammedjammeh/Documents/javafx-sdk-17.0.0.1/lib --add-modules=javafx.controls,javafx.fxml -Djava.library.path=/Users/mohammedjammeh/Documents/javafx-sdk-17.0.0.1/lib -javaagent:/Applications/IntelliJ IDEA.app/Contents/lib/idea_rt.jar=55089:/Applications/IntelliJ IDEA.app/Contents/bin -Dfile.encoding=UTF-8 
java_command: com.projects.gamcare.Main
java_class_path (initial): /Users/mohammedjammeh/IdeaProjects/GamCare/target/classes:/Users/mohammedjammeh/Documents/javafx-sdk-17.0.0.1/lib/javafx-swt.jar:/Users/mohammedjammeh/Documents/javafx-sdk-17.0.0.1/lib/javafx.web.jar:/Users/mohammedjammeh/Documents/javafx-sdk-17.0.0.1/lib/javafx.base.jar:/Users/mohammedjammeh/Documents/javafx-sdk-17.0.0.1/lib/javafx.fxml.jar:/Users/mohammedjammeh/Documents/javafx-sdk-17.0.0.1/lib/javafx.media.jar:/Users/mohammedjammeh/Documents/javafx-sdk-17.0.0.1/lib/javafx.swing.jar:/Users/mohammedjammeh/Documents/javafx-sdk-17.0.0.1/lib/javafx.controls.jar:/Users/mohammedjammeh/Documents/javafx-sdk-17.0.0.1/lib/javafx.graphics.jar:/Users/mohammedjammeh/IdeaProjects/GamCare/lib/mysql-connector-java-8.0.27.jar:/Users/mohammedjammeh/.m2/repository/org/openjfx/javafx-controls/11.0.2/javafx-controls-11.0.2.jar:/Users/mohammedjammeh/.m2/repository/org/openjfx/javafx-controls/11.0.2/javafx-controls-11.0.2-mac.jar:/Users/mohammedjammeh/.m2/repository/org/openjfx/javafx-graphics/11.0.2/javafx-graphics-11.0.2.jar:/Users/mohammedjammeh/.m2/repository/org/openjfx/javafx-graphics/11.0.2/javafx-graphics-11.0.2-mac.jar:/Users/mohammedjammeh/.m2/repository/org/openjfx/javafx-base/11.0.2/javafx-base-11.0.2.jar:/Users/mohammedjammeh/.m2/repository/org/openjfx/javafx-base/11.0.2/javafx-base-11.0.2-mac.jar:/Users/mohammedjammeh/.m2/repository/org/openjfx/javafx-fxml/11.0.2/javafx-fxml-11.0.2.jar:/Users/mohammedjammeh/.m2/repository/org/openjfx/javafx-fxml/11.0.2/javafx-fxml-11.0.2-mac.jar
Launcher Type: SUN_STANDARD

[Global flags]
     intx CICompilerCount                          = 4                                         {product} {ergonomic}
     uint ConcGCThreads                            = 2                                         {product} {ergonomic}
     uint G1ConcRefinementThreads                  = 8                                         {product} {ergonomic}
   size_t G1HeapRegionSize                         = 1048576                                   {product} {ergonomic}
    uintx GCDrainStackTargetSize                   = 64                                        {product} {ergonomic}
   size_t InitialHeapSize                          = 134217728                                 {product} {ergonomic}
   size_t MarkStackSize                            = 4194304                                   {product} {ergonomic}
   size_t MaxHeapSize                              = 2147483648                                {product} {ergonomic}
   size_t MaxNewSize                               = 1287651328                                {product} {ergonomic}
   size_t MinHeapDeltaBytes                        = 1048576                                   {product} {ergonomic}
   size_t MinHeapSize                              = 8388608                                   {product} {ergonomic}
    uintx NonNMethodCodeHeapSize                   = 5839564                                {pd product} {ergonomic}
    uintx NonProfiledCodeHeapSize                  = 122909338                              {pd product} {ergonomic}
    uintx ProfiledCodeHeapSize                     = 122909338                              {pd product} {ergonomic}
    uintx ReservedCodeCacheSize                    = 251658240                              {pd product} {ergonomic}
     bool SegmentedCodeCache                       = true                                      {product} {ergonomic}
   size_t SoftMaxHeapSize                          = 2147483648                             {manageable} {ergonomic}
     bool UseCompressedClassPointers               = true                           {product lp64_product} {ergonomic}
     bool UseCompressedOops                        = true                           {product lp64_product} {ergonomic}
     bool UseG1GC                                  = true                                      {product} {ergonomic}
     bool UseNUMA                                  = false                                     {product} {ergonomic}
     bool UseNUMAInterleaving                      = false                                     {product} {ergonomic}

Logging:
Log output configuration:
 #0: stdout all=warning uptime,level,tags
 #1: stderr all=off uptime,level,tags

Environment Variables:
PATH=/opt/homebrew/opt/openjdk/bin:/opt/homebrew/bin:/usr/local/bin:/usr/bin:/bin:/usr/sbin:/sbin
SHELL=/bin/zsh
LC_CTYPE=en_GB.UTF-8

Signal Handlers:
   SIGSEGV: _ZL13crash_handleriP9__siginfoPv in libjvm.dylib, mask=11100110000111110111111111111111, flags=SA_RESTART|SA_SIGINFO
    SIGBUS: _ZL13crash_handleriP9__siginfoPv in libjvm.dylib, mask=11100110000111110111111111111111, flags=SA_RESTART|SA_SIGINFO
    SIGFPE: _ZL13crash_handleriP9__siginfoPv in libjvm.dylib, mask=11100110000111110111111111111111, flags=SA_RESTART|SA_SIGINFO
   SIGPIPE: _ZL17javaSignalHandleriP9__siginfoPv in libjvm.dylib, mask=11100110000111110111111111111111, flags=SA_RESTART|SA_SIGINFO
   SIGXFSZ: _ZL17javaSignalHandleriP9__siginfoPv in libjvm.dylib, mask=11100110000111110111111111111111, flags=SA_RESTART|SA_SIGINFO
    SIGILL: _ZL13crash_handleriP9__siginfoPv in libjvm.dylib, mask=11100110000111110111111111111111, flags=SA_RESTART|SA_SIGINFO
   SIGUSR2: _ZL10SR_handleriP9__siginfoP17__darwin_ucontext in libjvm.dylib, mask=00100000000000000000000000000000, flags=SA_RESTART|SA_SIGINFO
    SIGHUP: _ZL11UserHandleriPvS_ in libjvm.dylib, mask=11100110000111110111111111111111, flags=SA_RESTART|SA_SIGINFO
    SIGINT: _ZL11UserHandleriPvS_ in libjvm.dylib, mask=11100110000111110111111111111111, flags=SA_RESTART|SA_SIGINFO
   SIGTERM: _ZL11UserHandleriPvS_ in libjvm.dylib, mask=11100110000111110111111111111111, flags=SA_RESTART|SA_SIGINFO
   SIGQUIT: _ZL11UserHandleriPvS_ in libjvm.dylib, mask=11100110000111110111111111111111, flags=SA_RESTART|SA_SIGINFO
   SIGTRAP: _ZL13crash_handleriP9__siginfoPv in libjvm.dylib, mask=11100110000111110111111111111111, flags=SA_RESTART|SA_SIGINFO


---------------  S Y S T E M  ---------------

OS:
uname: Darwin 21.2.0 Darwin Kernel Version 21.2.0: Sun Nov 28 20:29:10 PST 2021; root:xnu-8019.61.5~1/RELEASE_ARM64_T8101 arm64
OS uptime: 0 days 14:01 hours
rlimit (soft/hard): STACK 8176k/65520k , CORE 0k/infinity , NPROC 1333/2000 , NOFILE 10240/infinity , AS infinity/infinity , CPU infinity/infinity , DATA infinity/infinity , FSIZE infinity/infinity , MEMLOCK infinity/infinity , RSS infinity/infinity
load average: 1.65 1.50 1.49

CPU: total 8 (initial active 8) 0x61:0x0:0x1b588bb3:0, fp, simd, crc, lse

Memory: 16k page, physical 8388608k(84160k free), swap 1048576k(1020928k free)

vm_info: Java HotSpot(TM) 64-Bit Server VM (17+35-LTS-2724) for bsd-aarch64 JRE (17+35-LTS-2724), built on Aug  5 2021 22:28:56 by "mach5one" with clang Apple LLVM 12.0.0 (clang-1200.0.32.29)

END.
