#
# A fatal error has been detected by the Java Runtime Environment:
#
#  SIGBUS (0xa) at pc=0x000000010c7054f0, pid=8867, tid=28943
#
# JRE version: Java(TM) SE Runtime Environment (17.0+35) (build 17+35-LTS-2724)
# Java VM: Java HotSpot(TM) 64-Bit Server VM (17+35-LTS-2724, mixed mode, sharing, tiered, compressed oops, compressed class ptrs, g1 gc, bsd-aarch64)
# Problematic frame:
# v  ~StubRoutines::SafeFetchN
#
# No core dump will be written. Core dumps have been disabled. To enable core dumping, try "ulimit -c unlimited" before starting Java again
#
# If you would like to submit a bug report, please visit:
#   https://bugreport.java.com/bugreport/crash.jsp
# The crash happened outside the Java Virtual Machine in native code.
# See problematic frame for where to report the bug.
#

---------------  S U M M A R Y ------------

Command Line: --module-path=/Users/mohammedjammeh/Documents/javafx-sdk-17.0.0.1/lib --add-modules=javafx.controls,javafx.fxml -Djava.library.path=/Users/mohammedjammeh/Documents/javafx-sdk-17.0.0.1/lib -javaagent:/Applications/IntelliJ IDEA.app/Contents/lib/idea_rt.jar=55136:/Applications/IntelliJ IDEA.app/Contents/bin -Dfile.encoding=UTF-8 com.projects.gamcare.Main

Host: "MacBookPro17,1" arm64 1 MHz, 8 cores, 8G, Darwin 21.2.0, macOS 12.1 (21C52)
Time: Fri Jan  7 03:47:00 2022 GMT elapsed time: 3.640872 seconds (0d 0h 0m 3s)

---------------  T H R E A D  ---------------

Current thread (0x00000001478bda00):  JavaThread "InvokeLaterDispatcher" daemon [_thread_in_native, id=28943, stack(0x000000016fa8c000,0x000000016fc8f000)]

Stack: [0x000000016fa8c000,0x000000016fc8f000],  sp=0x000000016fc8e7b0,  free space=2057k
Native frames: (J=compiled Java code, j=interpreted, Vv=VM code, C=native code)
v  ~StubRoutines::SafeFetchN
V  [libjvm.dylib+0x79e870]  _ZN10OopStorage7releaseEPKP7oopDesc+0x20
V  [libjvm.dylib+0x4b94ac]  jni_DeleteGlobalRef+0xc4
C  [libglass.dylib+0xab08]  -[GlassRunnable dealloc]+0x34
C  [Foundation+0x84c7c]  -[_NSThreadPerformInfo dealloc]+0x30
C  [Foundation+0x51578]  -[NSObject(NSThreadPerformAdditions) performSelectorOnMainThread:withObject:waitUntilDone:]+0x88
C  0x923300010c70d8ac
j  com.sun.glass.ui.mac.MacApplication.submitForLaterInvocation(Ljava/lang/Runnable;)V+2 javafx.graphics
j  com.sun.glass.ui.InvokeLaterDispatcher.run()V+82 javafx.graphics
v  ~StubRoutines::call_stub
V  [libjvm.dylib+0x460b04]  _ZN9JavaCalls11call_helperEP9JavaValueRK12methodHandleP17JavaCallArgumentsP10JavaThread+0x38c
V  [libjvm.dylib+0x45fb20]  _ZN9JavaCalls12call_virtualEP9JavaValueP5KlassP6SymbolS5_P17JavaCallArgumentsP10JavaThread+0x11c
V  [libjvm.dylib+0x45fbec]  _ZN9JavaCalls12call_virtualEP9JavaValue6HandleP5KlassP6SymbolS6_P10JavaThread+0x64
V  [libjvm.dylib+0x51346c]  _ZL12thread_entryP10JavaThreadS0_+0xc4
V  [libjvm.dylib+0x8fcb74]  _ZN10JavaThread17thread_main_innerEv+0x134
V  [libjvm.dylib+0x8fb49c]  _ZN6Thread8call_runEv+0x128
V  [libjvm.dylib+0x7a5458]  _ZL19thread_native_entryP6Thread+0x158
C  [libsystem_pthread.dylib+0x7240]  _pthread_start+0x94

Java frames: (J=compiled Java code, j=interpreted, Vv=VM code)
j  com.sun.glass.ui.mac.MacApplication._submitForLaterInvocation(Ljava/lang/Runnable;)V+0 javafx.graphics
j  com.sun.glass.ui.mac.MacApplication.submitForLaterInvocation(Ljava/lang/Runnable;)V+2 javafx.graphics
j  com.sun.glass.ui.InvokeLaterDispatcher.run()V+82 javafx.graphics
v  ~StubRoutines::call_stub

siginfo: si_signo: 10 (SIGBUS), si_code: 1 (BUS_ADRALN), si_addr: 0x000000010c7054f0

Register to memory mapping:

 x0=0x0000000136607b08 is a global jni handle
 x1=0x0 is NULL
 x2=0x0000000787849c38 is an oop: com.sun.glass.ui.InvokeLaterDispatcher$Future 
{0x0000000787849c38} - klass: 'com/sun/glass/ui/InvokeLaterDispatcher$Future'
 - ---- fields (total size 3 words):
 - private 'done' 'Z' @12  true
 - private final 'runnable' 'Ljava/lang/Runnable;' @16  a 'com/sun/javafx/application/PlatformImpl$$Lambda$101+0x0000000800c85b40'{0x00000007821eb530} (f043d6a6)
 - final synthetic 'this$0' 'Lcom/sun/glass/ui/InvokeLaterDispatcher;' @20  a 'com/sun/glass/ui/InvokeLaterDispatcher'{0x00000007802da7a0} (f005b4f4)
 x3=0x0 is NULL
 x4=0x0 is NULL
 x5=0x0 is NULL
 x6=0x0 is NULL
 x7=0x0 is NULL
 x8=0x000000010c7054ec is at begin+0 in a stub
StubRoutines::SafeFetchN [0x000000010c7054ec, 0x000000010c7054f8] (12 bytes)
 x9=0x0 is NULL
x10=0x2010000030300000 is an unknown value
x11=0x0000000000000007 is an unknown value
x12=0x0 is NULL
x13=0x0000600001f932f0 points into unknown readable memory: 0x0000000100000000 | 00 00 00 00 01 00 00 00
x14=0x0000000000000001 is an unknown value
x15=0x0000000123fa9f98: OBJC_CLASS_$_GlassRunnable+0 in /Users/mohammedjammeh/Documents/javafx-sdk-17.0.0.1/lib/libglass.dylib at 0x0000000123f64000
x16=0x00000001ac274094: pthread_getspecific+0 in /usr/lib/system/libsystem_pthread.dylib at 0x00000001ac272000
x17=0x00006000015b3660 points into unknown readable memory: 0xfffffffffffffffe | fe ff ff ff ff ff ff ff
x18=0x0 is NULL
x19=0x0000600001abc4d0 points into unknown readable memory: 0x00006000033bc5d0 | d0 c5 3b 03 00 60 00 00
x20=0x0000000136607900 points into unknown readable memory: 0x0000000000000000 | 00 00 00 00 00 00 00 00
x21=0x0000000136607b08 is a global jni handle
x22=0x00000001478bda00 is a thread
x23=0x0000000000000001 is an unknown value
x24=0x0000000136607ac0 is a global jni handle
x25=0x0000000104c355d8: _ZN12StubRoutines17_safefetchN_entryE+0 in /Library/Java/JavaVirtualMachines/jdk-17.jdk/Contents/Home/lib/server/libjvm.dylib at 0x00000001040a4000
x26=0x0000000121d16f40 is pointing into metadata
x27=0x0 is NULL
x28=0x00000001478bda00 is a thread


Registers:
 x0=0x0000000136607b08  x1=0x0000000000000000  x2=0x0000000787849c38  x3=0x0000000000000000
 x4=0x0000000000000000  x5=0x0000000000000000  x6=0x0000000000000000  x7=0x0000000000000000
 x8=0x000000010c7054ec  x9=0x0000000000000000 x10=0x2010000030300000 x11=0x0000000000000007
x12=0x0000000000000000 x13=0x0000600001f932f0 x14=0x0000000000000001 x15=0x0000000123fa9f98
x16=0x00000001ac274094 x17=0x00006000015b3660 x18=0x0000000000000000 x19=0x0000600001abc4d0
x20=0x0000000136607900 x21=0x0000000136607b08 x22=0x00000001478bda00 x23=0x0000000000000001
x24=0x0000000136607ac0 x25=0x0000000104c355d8 x26=0x0000000121d16f40 x27=0x0000000000000000
x28=0x00000001478bda00  fp=0x000000016fc8e7f0  lr=0x0000000104841640  sp=0x000000016fc8e7b0
pc=0x000000010c7054f0 cpsr=0x0000000060001000
Top of Stack: (sp=0x000000016fc8e7b0)
0x000000016fc8e7b0:   0000000121d16f40 0000000000000001
0x000000016fc8e7c0:   000000016fc8e9a8 00006000033a5470
0x000000016fc8e7d0:   0000000000000000 0000000136607af8
0x000000016fc8e7e0:   0000000136607af8 0000600001abc4d0
0x000000016fc8e7f0:   000000016fc8e830 0000000104842870
0x000000016fc8e800:   0000000000000001 0000000136607af8
0x000000016fc8e810:   0000000000000000 0000000136607af8
0x000000016fc8e820:   0000000000000001 00000001471c2600
0x000000016fc8e830:   000000016fc8e860 000000010455d4ac
0x000000016fc8e840:   00006000033a5480 00000001f67a4474
0x000000016fc8e850:   0000000000000000 00006000033a5480
0x000000016fc8e860:   000000016fc8e890 0000000123f6eb08
0x000000016fc8e870:   bd8fa445c4da002b 0000000000000000
0x000000016fc8e880:   0000000000000000 00006000024532c0
0x000000016fc8e890:   000000016fc8e8d0 00000001ad238c7c
0x000000016fc8e8a0:   000000016fc8e9a8 00006000033a5470
0x000000016fc8e8b0:   00006000033a5480 bd8fa445c4da002b
0x000000016fc8e8c0:   0000000000000000 0000000000000000
0x000000016fc8e8d0:   000000016fc8e910 93718001ad205578
0x000000016fc8e8e0:   000000016fc8e9a8 000000010c70c7c0
0x000000016fc8e8f0:   0000000000000000 0000000104c3cf90
0x000000016fc8e900:   000000016fc8e920 000000010c70b730
0x000000016fc8e910:   000000016fc8e980 923300010c70d8ac
0x000000016fc8e920:   000000016fc8e988 0000000121938958
0x000000016fc8e930:   000000016fc8e930 0000000000000000
0x000000016fc8e940:   000000016fc8e9a8 0000000121d16f40
0x000000016fc8e950:   00000007802d0c28 0000000000000000
0x000000016fc8e960:   0000000000000000 0000000121cf32a0
0x000000016fc8e970:   0000000000000000 000000016fc8e980
0x000000016fc8e980:   000000016fc8ea00 000000010c709fc8
0x000000016fc8e990:   0000000000000000 0000000000000000
0x000000016fc8e9a0:   0000000787849c38 00000007802d0ca0 

Instructions: (pc=0x000000010c7054f0)
0x000000010c7053f0:   f2a09809 f2c00029 6d425935 1e640886
0x000000010c705400:   0c402d31 1e6408c7 1f5654d0 1e6c1017
0x000000010c705410:   1f5050d0 1f504cd0 1f5048d0 1e650af6
0x000000010c705420:   1f50d8f6 1f5694d6 1f5158f6 1e762880
0x000000010c705430:   36000501 1e614000 14000026 2e251ca5
0x000000010c705440:   d2843009 f2a09809 f2c00029 6d425d36
0x000000010c705450:   1e600806 0c402d32 1f5758c7 1e6c101a
0x000000010c705460:   1f4754c7 1e650805 1f4750c7 d2866668
0x000000010c705470:   f2a7fa68 1f474cc7 1e6608c0 1f4748c7
0x000000010c705480:   1e6e1019 eb08007f 540000ac 1f479400
0x000000010c705490:   1f460340 1e603b20 1400000e d2a7fd29
0x000000010c7054a0:   eb09007f 540000ac 51480069 d3607d29
0x000000010c7054b0:   9e670121 14000002 1e6a5001 1f679417
0x000000010c7054c0:   1f668742 1e613b23 1e773857 1e773860
0x000000010c7054d0:   a8c17ff3 910003bf a8c17bfd d65f03c0
0x000000010c7054e0:   b9400001 aa0103e0 d65f03c0 f9400001
0x000000010c7054f0:   aa0103e0 d65f03c0 00000000 00000000
0x000000010c705500:   00000000 00000000 00000000 00000000
0x000000010c705510:   00000000 00000000 00000000 00000000
0x000000010c705520:   00000000 00000000 00000000 00000000
0x000000010c705530:   00000000 00000000 00000000 00000000
0x000000010c705540:   00000000 00000000 00000000 00000000
0x000000010c705550:   00000000 00000000 00000000 00000000
0x000000010c705560:   00000000 00000000 00000000 00000000
0x000000010c705570:   00000000 00000000 00000000 00000000
0x000000010c705580:   00000000 00000000 00000000 00000000
0x000000010c705590:   00000000 00000000 00000000 00000000
0x000000010c7055a0:   00000000 00000000 00000000 00000000
0x000000010c7055b0:   00000000 00000000 00000000 00000000
0x000000010c7055c0:   00000000 00000000 00000000 00000000
0x000000010c7055d0:   00000000 00000000 00000000 00000000
0x000000010c7055e0:   00000000 00000000 00000000 00000000 


Stack slot to memory mapping:
stack at sp + 0 slots: 0x0000000121d16f40 is pointing into metadata
stack at sp + 1 slots: 0x0000000000000001 is an unknown value
stack at sp + 2 slots: 0x000000016fc8e9a8 is pointing into the stack for thread: 0x00000001478bda00
stack at sp + 3 slots: 0x00006000033a5470 points into unknown readable memory: 0x010000020532a081 | 81 a0 32 05 02 00 00 01
stack at sp + 4 slots: 0x0 is NULL
stack at sp + 5 slots: 0x0000000136607af8 is a global jni handle
stack at sp + 6 slots: 0x0000000136607af8 is a global jni handle
stack at sp + 7 slots: 0x0000600001abc4d0 points into unknown readable memory: 0x00006000033bc5d0 | d0 c5 3b 03 00 60 00 00

StubRoutines::SafeFetchN [0x000000010c7054ec, 0x000000010c7054f8] (12 bytes)
[MachCode]
  0x000000010c7054ec: 0100 40f9 | e003 01aa | c003 5fd6 
[/MachCode]

---------------  P R O C E S S  ---------------

Threads class SMR info:
_java_thread_list=0x00006000031a6c80, length=21, elements={
0x000000014780dc00, 0x00000001470a0c00, 0x00000001470a3400, 0x0000000147834600,
0x0000000147833a00, 0x0000000147834000, 0x0000000147838200, 0x0000000147838800,
0x0000000147841000, 0x000000014680d600, 0x0000000147176800, 0x000000012480a400,
0x00000001500bdc00, 0x00000001478bda00, 0x00000001471c2600, 0x0000000147246600,
0x0000000147253600, 0x00000001479e8400, 0x0000000147a1f000, 0x0000000146af5a00,
0x0000000124012400
}

Java Threads: ( => current thread )
  0x000000014780dc00 JavaThread "main" [_thread_blocked, id=9731, stack(0x000000016d084000,0x000000016d287000)]
  0x00000001470a0c00 JavaThread "Reference Handler" daemon [_thread_blocked, id=15619, stack(0x000000016ded8000,0x000000016e0db000)]
  0x00000001470a3400 JavaThread "Finalizer" daemon [_thread_blocked, id=16643, stack(0x000000016e0e4000,0x000000016e2e7000)]
  0x0000000147834600 JavaThread "Signal Dispatcher" daemon [_thread_blocked, id=42243, stack(0x000000016e408000,0x000000016e60b000)]
  0x0000000147833a00 JavaThread "Service Thread" daemon [_thread_blocked, id=22787, stack(0x000000016e614000,0x000000016e817000)]
  0x0000000147834000 JavaThread "Monitor Deflation Thread" daemon [_thread_blocked, id=23299, stack(0x000000016e820000,0x000000016ea23000)]
  0x0000000147838200 JavaThread "C2 CompilerThread0" daemon [_thread_blocked, id=23811, stack(0x000000016ea2c000,0x000000016ec2f000)]
  0x0000000147838800 JavaThread "C1 CompilerThread0" daemon [_thread_blocked, id=41731, stack(0x000000016ec38000,0x000000016ee3b000)]
  0x0000000147841000 JavaThread "Sweeper thread" daemon [_thread_blocked, id=24323, stack(0x000000016ee44000,0x000000016f047000)]
  0x000000014680d600 JavaThread "Common-Cleaner" daemon [_thread_blocked, id=40963, stack(0x000000016f050000,0x000000016f253000)]
  0x0000000147176800 JavaThread "Monitor Ctrl-Break" daemon [_thread_in_native, id=24579, stack(0x000000016f25c000,0x000000016f45f000)]
  0x000000012480a400 JavaThread "Notification Thread" daemon [_thread_blocked, id=40451, stack(0x000000016f468000,0x000000016f66b000)]
  0x00000001500bdc00 JavaThread "QuantumRenderer-0" daemon [_thread_blocked, id=39939, stack(0x000000016f880000,0x000000016fa83000)]
=>0x00000001478bda00 JavaThread "InvokeLaterDispatcher" daemon [_thread_in_native, id=28943, stack(0x000000016fa8c000,0x000000016fc8f000)]
  0x00000001471c2600 JavaThread "JavaFX Application Thread" [_thread_in_native, id=259, stack(0x000000016c7fc000,0x000000016cff8000)]
  0x0000000147246600 JavaThread "JavaFX-Launcher" [_thread_blocked, id=54027, stack(0x000000016ffbc000,0x00000001701bf000)]
  0x0000000147253600 JavaThread "mysql-cj-abandoned-connection-cleanup" daemon [_thread_blocked, id=72451, stack(0x00000001701c8000,0x00000001703cb000)]
  0x00000001479e8400 JavaThread "Prism Font Disposer" daemon [_thread_blocked, id=69371, stack(0x0000000170e10000,0x0000000171013000)]
  0x0000000147a1f000 JavaThread "Cleaner-0" daemon [_thread_blocked, id=63515, stack(0x0000000171c64000,0x0000000171e67000)]
  0x0000000146af5a00 JavaThread "Attach Listener" daemon [_thread_blocked, id=1367, stack(0x000000017207c000,0x000000017227f000)]
  0x0000000124012400 JavaThread "PulseTimer-CVDisplayLink thread" daemon [_thread_in_native, id=70155, stack(0x000000016fc98000,0x000000016fd1b000)]

Other Threads:
  0x000000014670b200 VMThread "VM Thread" [stack: 0x000000016dccc000,0x000000016decf000] [id=17411]
  0x00000001368059f0 WatcherThread [stack: 0x000000016f674000,0x000000016f877000] [id=25347]
  0x0000000136606640 GCTaskThread "GC Thread#0" [stack: 0x000000016d290000,0x000000016d493000] [id=12547]
  0x0000000146737790 GCTaskThread "GC Thread#1" [stack: 0x00000001703d4000,0x00000001705d7000] [id=72195]
  0x0000000146737c10 GCTaskThread "GC Thread#2" [stack: 0x00000001705e0000,0x00000001707e3000] [id=71683]
  0x0000000146738090 GCTaskThread "GC Thread#3" [stack: 0x00000001707ec000,0x00000001709ef000] [id=71427]
  0x0000000146738900 GCTaskThread "GC Thread#4" [stack: 0x00000001709f8000,0x0000000170bfb000] [id=57859]
  0x0000000146739170 GCTaskThread "GC Thread#5" [stack: 0x0000000170c04000,0x0000000170e07000] [id=70659]
  0x000000013672ed40 GCTaskThread "GC Thread#6" [stack: 0x000000017101c000,0x000000017121f000] [id=171523]
  0x0000000136665580 GCTaskThread "GC Thread#7" [stack: 0x0000000171228000,0x000000017142b000] [id=88835]
  0x0000000146704620 ConcurrentGCThread "G1 Main Marker" [stack: 0x000000016d49c000,0x000000016d69f000] [id=12803]
  0x0000000146704ea0 ConcurrentGCThread "G1 Conc#0" [stack: 0x000000016d6a8000,0x000000016d8ab000] [id=13315]
  0x0000000146658300 ConcurrentGCThread "G1 Conc#1" [stack: 0x0000000171e70000,0x0000000172073000] [id=90627]
  0x0000000146706d10 ConcurrentGCThread "G1 Refine#0" [stack: 0x000000016d8b4000,0x000000016dab7000] [id=13827]
  0x00000001368072e0 ConcurrentGCThread "G1 Refine#1" [stack: 0x0000000171434000,0x0000000171637000] [id=170499]
  0x0000000123e04c70 ConcurrentGCThread "G1 Refine#2" [stack: 0x0000000171640000,0x0000000171843000] [id=170243]
  0x0000000123d064d0 ConcurrentGCThread "G1 Refine#3" [stack: 0x000000017184c000,0x0000000171a4f000] [id=169731]
  0x0000000123d06b20 ConcurrentGCThread "G1 Refine#4" [stack: 0x0000000171a58000,0x0000000171c5b000] [id=89859]
  0x00000001467075b0 ConcurrentGCThread "G1 Service" [stack: 0x000000016dac0000,0x000000016dcc3000] [id=18947]

Threads with active compile tasks:

VM state: not at safepoint (normal execution)

VM Mutex/Monitor currently owned by a thread: None

Heap address: 0x0000000780000000, size: 2048 MB, Compressed Oops mode: Zero based, Oop shift amount: 3

CDS archive(s) mapped at: [0x0000000800000000-0x0000000800bd0000-0x0000000800bd0000), size 12386304, SharedBaseAddress: 0x0000000800000000, ArchiveRelocationMode: 0.
Compressed class space mapped at: 0x0000000800c00000-0x0000000840c00000, reserved size: 1073741824
Narrow klass base: 0x0000000800000000, Narrow klass shift: 0, Narrow klass range: 0x100000000

GC Precious Log:
 CPUs: 8 total, 8 available
 Memory: 8192M
 Large Page Support: Disabled
 NUMA Support: Disabled
 Compressed Oops: Enabled (Zero based)
 Heap Region Size: 1M
 Heap Min Capacity: 8M
 Heap Initial Capacity: 128M
 Heap Max Capacity: 2G
 Pre-touch: Disabled
 Parallel Workers: 8
 Concurrent Workers: 2
 Concurrent Refinement Workers: 8
 Periodic GC: Disabled

Heap:
 garbage-first heap   total 45056K, used 23443K [0x0000000780000000, 0x0000000800000000)
  region size 1024K, 16 young (16384K), 6 survivors (6144K)
 Metaspace       used 24130K, committed 24320K, reserved 1073152K
  class space    used 3237K, committed 3328K, reserved 1048576K

Heap Regions: E=young(eden), S=young(survivor), O=old, HS=humongous(starts), HC=humongous(continues), CS=collection set, F=free, OA=open archive, CA=closed archive, TAMS=top-at-mark-start (previous, next)
|   0|0x0000000780000000, 0x0000000780100000, 0x0000000780100000|100%| O|  |TAMS 0x0000000780100000, 0x0000000780000000| Untracked 
|   1|0x0000000780100000, 0x0000000780200000, 0x0000000780200000|100%| O|  |TAMS 0x0000000780200000, 0x0000000780100000| Untracked 
|   2|0x0000000780200000, 0x0000000780300000, 0x0000000780300000|100%| O|  |TAMS 0x00000007802b0000, 0x0000000780200000| Untracked 
|   3|0x0000000780300000, 0x0000000780400000, 0x0000000780400000|100%| O|  |TAMS 0x0000000780300000, 0x0000000780300000| Untracked 
|   4|0x0000000780400000, 0x00000007804fa600, 0x0000000780500000| 97%| O|  |TAMS 0x0000000780400000, 0x0000000780400000| Untracked 
|   5|0x0000000780500000, 0x0000000780600000, 0x0000000780600000|100%|HS|  |TAMS 0x0000000780500000, 0x0000000780500000| Complete 
|   6|0x0000000780600000, 0x0000000780700000, 0x0000000780700000|100%|HC|  |TAMS 0x0000000780600000, 0x0000000780600000| Complete 
|   7|0x0000000780700000, 0x0000000780700000, 0x0000000780800000|  0%| F|  |TAMS 0x0000000780700000, 0x0000000780700000| Untracked 
|   8|0x0000000780800000, 0x0000000780800000, 0x0000000780900000|  0%| F|  |TAMS 0x0000000780800000, 0x0000000780800000| Untracked 
|   9|0x0000000780900000, 0x0000000780900000, 0x0000000780a00000|  0%| F|  |TAMS 0x0000000780900000, 0x0000000780900000| Untracked 
|  10|0x0000000780a00000, 0x0000000780af2780, 0x0000000780b00000| 94%| S|CS|TAMS 0x0000000780a00000, 0x0000000780a00000| Complete 
|  11|0x0000000780b00000, 0x0000000780c00000, 0x0000000780c00000|100%| S|CS|TAMS 0x0000000780b00000, 0x0000000780b00000| Complete 
|  12|0x0000000780c00000, 0x0000000780d00000, 0x0000000780d00000|100%| S|CS|TAMS 0x0000000780c00000, 0x0000000780c00000| Complete 
|  13|0x0000000780d00000, 0x0000000780e00000, 0x0000000780e00000|100%| S|CS|TAMS 0x0000000780d00000, 0x0000000780d00000| Complete 
|  14|0x0000000780e00000, 0x0000000780f00000, 0x0000000780f00000|100%| S|CS|TAMS 0x0000000780e00000, 0x0000000780e00000| Complete 
|  15|0x0000000780f00000, 0x0000000781000000, 0x0000000781000000|100%| S|CS|TAMS 0x0000000780f00000, 0x0000000780f00000| Complete 
|  16|0x0000000781000000, 0x0000000781000000, 0x0000000781100000|  0%| F|  |TAMS 0x0000000781000000, 0x0000000781000000| Untracked 
|  17|0x0000000781100000, 0x0000000781100000, 0x0000000781200000|  0%| F|  |TAMS 0x0000000781100000, 0x0000000781100000| Untracked 
|  18|0x0000000781200000, 0x0000000781200000, 0x0000000781300000|  0%| F|  |TAMS 0x0000000781200000, 0x0000000781200000| Untracked 
|  19|0x0000000781300000, 0x0000000781300000, 0x0000000781400000|  0%| F|  |TAMS 0x0000000781300000, 0x0000000781300000| Untracked 
|  20|0x0000000781400000, 0x0000000781400000, 0x0000000781500000|  0%| F|  |TAMS 0x0000000781400000, 0x0000000781400000| Untracked 
|  21|0x0000000781500000, 0x0000000781500000, 0x0000000781600000|  0%| F|  |TAMS 0x0000000781500000, 0x0000000781500000| Untracked 
|  22|0x0000000781600000, 0x0000000781600000, 0x0000000781700000|  0%| F|  |TAMS 0x0000000781600000, 0x0000000781600000| Untracked 
|  23|0x0000000781700000, 0x0000000781700000, 0x0000000781800000|  0%| F|  |TAMS 0x0000000781700000, 0x0000000781700000| Untracked 
|  24|0x0000000781800000, 0x0000000781800000, 0x0000000781900000|  0%| F|  |TAMS 0x0000000781800000, 0x0000000781800000| Untracked 
|  25|0x0000000781900000, 0x0000000781900000, 0x0000000781a00000|  0%| F|  |TAMS 0x0000000781900000, 0x0000000781900000| Untracked 
|  26|0x0000000781a00000, 0x0000000781a00000, 0x0000000781b00000|  0%| F|  |TAMS 0x0000000781a00000, 0x0000000781a00000| Untracked 
|  27|0x0000000781b00000, 0x0000000781b00000, 0x0000000781c00000|  0%| F|  |TAMS 0x0000000781b00000, 0x0000000781b00000| Untracked 
|  28|0x0000000781c00000, 0x0000000781c00000, 0x0000000781d00000|  0%| F|  |TAMS 0x0000000781c00000, 0x0000000781c00000| Untracked 
|  29|0x0000000781d00000, 0x0000000781d00000, 0x0000000781e00000|  0%| F|  |TAMS 0x0000000781d00000, 0x0000000781d00000| Untracked 
|  30|0x0000000781e00000, 0x0000000781e00000, 0x0000000781f00000|  0%| F|  |TAMS 0x0000000781e00000, 0x0000000781e00000| Untracked 
|  31|0x0000000781f00000, 0x0000000781f00000, 0x0000000782000000|  0%| F|  |TAMS 0x0000000781f00000, 0x0000000781f00000| Untracked 
|  32|0x0000000782000000, 0x0000000782077bb0, 0x0000000782100000| 46%| E|  |TAMS 0x0000000782000000, 0x0000000782000000| Complete 
|  33|0x0000000782100000, 0x0000000782200000, 0x0000000782200000|100%| E|CS|TAMS 0x0000000782100000, 0x0000000782100000| Complete 
|  34|0x0000000782200000, 0x0000000782300000, 0x0000000782300000|100%| E|CS|TAMS 0x0000000782200000, 0x0000000782200000| Complete 
|  35|0x0000000782300000, 0x0000000782400000, 0x0000000782400000|100%| E|CS|TAMS 0x0000000782300000, 0x0000000782300000| Complete 
| 120|0x0000000787800000, 0x0000000787900000, 0x0000000787900000|100%| E|CS|TAMS 0x0000000787800000, 0x0000000787800000| Complete 
| 121|0x0000000787900000, 0x0000000787a00000, 0x0000000787a00000|100%| E|CS|TAMS 0x0000000787900000, 0x0000000787900000| Complete 
| 122|0x0000000787a00000, 0x0000000787b00000, 0x0000000787b00000|100%| E|CS|TAMS 0x0000000787a00000, 0x0000000787a00000| Complete 
| 123|0x0000000787b00000, 0x0000000787c00000, 0x0000000787c00000|100%| E|CS|TAMS 0x0000000787b00000, 0x0000000787b00000| Complete 
| 124|0x0000000787c00000, 0x0000000787d00000, 0x0000000787d00000|100%| E|CS|TAMS 0x0000000787c00000, 0x0000000787c00000| Complete 
| 127|0x0000000787f00000, 0x0000000788000000, 0x0000000788000000|100%| E|CS|TAMS 0x0000000787f00000, 0x0000000787f00000| Complete 
|2046|0x00000007ffe00000, 0x00000007ffe78000, 0x00000007fff00000| 46%|OA|  |TAMS 0x00000007ffe78000, 0x00000007ffe00000| Untracked 
|2047|0x00000007fff00000, 0x00000007fff80000, 0x0000000800000000| 50%|CA|  |TAMS 0x00000007fff80000, 0x00000007fff00000| Untracked 

Card table byte_map: [0x0000000103790000,0x0000000103b90000] _byte_map_base: 0x00000000ffb90000

Marking Bits (Prev, Next): (CMBitMap*) 0x0000000147014e50, (CMBitMap*) 0x0000000147014e10
 Prev Bits: [0x000000011d704000, 0x000000011f704000)
 Next Bits: [0x000000011b704000, 0x000000011d704000)

Polling page: 0x0000000102f8c000

Metaspace:

Usage:
  Non-class:     20.40 MB used.
      Class:      3.16 MB used.
       Both:     23.56 MB used.

Virtual space:
  Non-class space:       24.00 MB reserved,      20.50 MB ( 85%) committed,  3 nodes.
      Class space:        1.00 GB reserved,       3.25 MB ( <1%) committed,  1 nodes.
             Both:        1.02 GB reserved,      23.75 MB (  2%) committed. 

Chunk freelists:
   Non-Class:  3.52 MB
       Class:  718.00 KB
        Both:  4.22 MB

MaxMetaspaceSize: unlimited
CompressedClassSpaceSize: 1.00 GB
Initial GC threshold: 21.00 MB
Current GC threshold: 35.12 MB
CDS: on
MetaspaceReclaimPolicy: balanced
 - commit_granule_bytes: 65536.
 - commit_granule_words: 8192.
 - virtual_space_node_default_size: 1048576.
 - enlarge_chunks_in_place: 1.
 - new_chunks_are_fully_committed: 0.
 - uncommit_free_chunks: 1.
 - use_allocation_guard: 0.
 - handle_deallocations: 1.


Internal statistics:

num_allocs_failed_limit: 3.
num_arena_births: 226.
num_arena_deaths: 0.
num_vsnodes_births: 4.
num_vsnodes_deaths: 0.
num_space_committed: 380.
num_space_uncommitted: 0.
num_chunks_returned_to_freelist: 3.
num_chunks_taken_from_freelist: 881.
num_chunk_merges: 3.
num_chunk_splits: 619.
num_chunks_enlarged: 483.
num_purges: 0.
num_inconsistent_stats: 0.

CodeHeap 'non-profiled nmethods': size=120032Kb used=1486Kb max_used=1486Kb free=118545Kb
 bounds [0x00000001141cc000, 0x000000011443c000, 0x000000011b704000]
CodeHeap 'profiled nmethods': size=120016Kb used=7592Kb max_used=7592Kb free=112423Kb
 bounds [0x000000010cc98000, 0x000000010d408000, 0x00000001141cc000]
CodeHeap 'non-nmethods': size=5712Kb used=1443Kb max_used=1511Kb free=4268Kb
 bounds [0x000000010c704000, 0x000000010c974000, 0x000000010cc98000]
 total_blobs=4536 nmethods=3684 adapters=768
 compilation: enabled
              stopped_count=0, restarted_count=0
 full_count=0

Compilation events (20 events):
Event: 3.555 Thread 0x0000000147838800 nmethod 3745 0x000000010d3f7510 code [0x000000010d3f76c0, 0x000000010d3f7958]
Event: 3.555 Thread 0x0000000147838800 3746       3       java.util.WeakHashMap$EntryIterator::<init> (11 bytes)
Event: 3.555 Thread 0x0000000147838800 nmethod 3746 0x000000010d3f7a90 code [0x000000010d3f7c40, 0x000000010d3f7e18]
Event: 3.571 Thread 0x0000000147838800 3747       3       com.sun.javafx.tk.Toolkit::runPulse (26 bytes)
Event: 3.572 Thread 0x0000000147838800 nmethod 3747 0x000000010d3f7f10 code [0x000000010d3f8200, 0x000000010d3f8dc8]
Event: 3.572 Thread 0x0000000147838800 3748       3       com.sun.javafx.tk.Toolkit$$Lambda$465/0x0000000800eef510::<init> (10 bytes)
Event: 3.572 Thread 0x0000000147838800 nmethod 3748 0x000000010d3f9210 code [0x000000010d3f93c0, 0x000000010d3f95a8]
Event: 3.572 Thread 0x0000000147838800 3749       1       javafx.scene.Scene::isFocusDirty (5 bytes)
Event: 3.572 Thread 0x0000000147838800 nmethod 3749 0x000000011433f290 code [0x000000011433f400, 0x000000011433f4e8]
Event: 3.607 Thread 0x0000000147838800 3750       3       javafx.event.Event::fireEvent (35 bytes)
Event: 3.607 Thread 0x0000000147838800 nmethod 3750 0x000000010d3f9690 code [0x000000010d3f9880, 0x000000010d3f9bb8]
Event: 3.607 Thread 0x0000000147838800 3751   !   3       com.sun.javafx.event.EventUtil::fireEvent (81 bytes)
Event: 3.609 Thread 0x0000000147838800 nmethod 3751 0x000000010d3f9d10 code [0x000000010d3fa140, 0x000000010d3fb558]
Event: 3.624 Thread 0x0000000147838800 3752       3       javafx.scene.Scene::buildEventDispatchChain (48 bytes)
Event: 3.625 Thread 0x0000000147838800 nmethod 3752 0x000000010d3fbd10 code [0x000000010d3fc040, 0x000000010d3fd488]
Event: 3.625 Thread 0x0000000147838800 3753       3       com.sun.javafx.scene.KeyboardShortcutsHandler::dispatchCapturingEvent (223 bytes)
Event: 3.626 Thread 0x0000000147838800 nmethod 3753 0x000000010d3fd910 code [0x000000010d3fdb80, 0x000000010d3fe568]
Event: 3.638 Thread 0x0000000147838800 3754       3       jdk.internal.misc.Unsafe::putReferenceOpaque (9 bytes)
Event: 3.638 Thread 0x0000000147838800 nmethod 3754 0x000000010d3fe790 code [0x000000010d3fe940, 0x000000010d3feae8]
Event: 3.638 Thread 0x0000000147838200 3755       4       com.sun.javafx.css.BitSet::hashCode (50 bytes)

GC Heap History (8 events):
Event: 0.341 GC heap before
{Heap before GC invocations=0 (full 0):
 garbage-first heap   total 133120K, used 23520K [0x0000000780000000, 0x0000000800000000)
  region size 1024K, 23 young (23552K), 0 survivors (0K)
 Metaspace       used 5968K, committed 6144K, reserved 1056768K
  class space    used 673K, committed 768K, reserved 1048576K
}
Event: 0.343 GC heap after
{Heap after GC invocations=1 (full 0):
 garbage-first heap   total 133120K, used 5205K [0x0000000780000000, 0x0000000800000000)
  region size 1024K, 3 young (3072K), 3 survivors (3072K)
 Metaspace       used 5968K, committed 6144K, reserved 1056768K
  class space    used 673K, committed 768K, reserved 1048576K
}
Event: 0.787 GC heap before
{Heap before GC invocations=1 (full 0):
 garbage-first heap   total 133120K, used 46165K [0x0000000780000000, 0x0000000800000000)
  region size 1024K, 43 young (44032K), 3 survivors (3072K)
 Metaspace       used 20791K, committed 21056K, reserved 1073152K
  class space    used 2894K, committed 3008K, reserved 1048576K
}
Event: 0.790 GC heap after
{Heap after GC invocations=2 (full 0):
 garbage-first heap   total 133120K, used 9888K [0x0000000780000000, 0x0000000800000000)
  region size 1024K, 6 young (6144K), 6 survivors (6144K)
 Metaspace       used 20791K, committed 21056K, reserved 1073152K
  class space    used 2894K, committed 3008K, reserved 1048576K
}
Event: 0.800 GC heap before
{Heap before GC invocations=2 (full 0):
 garbage-first heap   total 133120K, used 11936K [0x0000000780000000, 0x0000000800000000)
  region size 1024K, 9 young (9216K), 6 survivors (6144K)
 Metaspace       used 21277K, committed 21504K, reserved 1073152K
  class space    used 2954K, committed 3072K, reserved 1048576K
}
Event: 0.802 GC heap after
{Heap after GC invocations=3 (full 0):
 garbage-first heap   total 133120K, used 10317K [0x0000000780000000, 0x0000000800000000)
  region size 1024K, 5 young (5120K), 5 survivors (5120K)
 Metaspace       used 21277K, committed 21504K, reserved 1073152K
  class space    used 2954K, committed 3072K, reserved 1048576K
}
Event: 1.637 GC heap before
{Heap before GC invocations=4 (full 0):
 garbage-first heap   total 45056K, used 32845K [0x0000000780000000, 0x0000000800000000)
  region size 1024K, 26 young (26624K), 5 survivors (5120K)
 Metaspace       used 22789K, committed 23040K, reserved 1073152K
  class space    used 3088K, committed 3200K, reserved 1048576K
}
Event: 1.639 GC heap after
{Heap after GC invocations=5 (full 0):
 garbage-first heap   total 45056K, used 14227K [0x0000000780000000, 0x0000000800000000)
  region size 1024K, 6 young (6144K), 6 survivors (6144K)
 Metaspace       used 22789K, committed 23040K, reserved 1073152K
  class space    used 3088K, committed 3200K, reserved 1048576K
}

Deoptimization events (20 events):
Event: 3.330 Thread 0x00000001471c2600 Uncommon trap: trap_request=0xffffffc6 fr.pc=0x00000001142995e8 relative=0x0000000000001328
Event: 3.330 Thread 0x00000001471c2600 Uncommon trap: reason=bimorphic_or_optimized_type_check action=maybe_recompile pc=0x00000001142995e8 method=java.util.HashMap.putVal(ILjava/lang/Object;Ljava/lang/Object;ZZ)Ljava/lang/Object; @ 91 c2
Event: 3.330 Thread 0x00000001471c2600 DEOPT PACKING pc=0x00000001142995e8 sp=0x000000016cff1ec0
Event: 3.330 Thread 0x00000001471c2600 DEOPT UNPACKING pc=0x000000010c742d1c sp=0x000000016cff1e10 mode 2
Event: 3.331 Thread 0x00000001471c2600 Uncommon trap: trap_request=0xffffff45 fr.pc=0x00000001142b4cf8 relative=0x0000000000000238
Event: 3.331 Thread 0x00000001471c2600 Uncommon trap: reason=unstable_if action=reinterpret pc=0x00000001142b4cf8 method=java.util.HashMap$HashIterator.<init>(Ljava/util/HashMap;)V @ 45 c2
Event: 3.331 Thread 0x00000001471c2600 DEOPT PACKING pc=0x00000001142b4cf8 sp=0x000000016cff1ef0
Event: 3.331 Thread 0x00000001471c2600 DEOPT UNPACKING pc=0x000000010c742d1c sp=0x000000016cff1d70 mode 2
Event: 3.331 Thread 0x00000001471c2600 Uncommon trap: trap_request=0xffffff45 fr.pc=0x0000000114233e34 relative=0x0000000000000374
Event: 3.331 Thread 0x00000001471c2600 Uncommon trap: reason=unstable_if action=reinterpret pc=0x0000000114233e34 method=java.util.HashMap$HashIterator.<init>(Ljava/util/HashMap;)V @ 45 c2
Event: 3.332 Thread 0x00000001471c2600 DEOPT PACKING pc=0x0000000114233e34 sp=0x000000016cff1e00
Event: 3.332 Thread 0x00000001471c2600 DEOPT UNPACKING pc=0x000000010c742d1c sp=0x000000016cff1d70 mode 2
Event: 3.335 Thread 0x00000001471c2600 Uncommon trap: trap_request=0xffffff45 fr.pc=0x00000001142cdc28 relative=0x0000000000000428
Event: 3.335 Thread 0x00000001471c2600 Uncommon trap: reason=unstable_if action=reinterpret pc=0x00000001142cdc28 method=java.util.regex.Pattern$Start.match(Ljava/util/regex/Matcher;ILjava/lang/CharSequence;)Z @ 10 c2
Event: 3.335 Thread 0x00000001471c2600 DEOPT PACKING pc=0x00000001142cdc28 sp=0x000000016cff2070
Event: 3.335 Thread 0x00000001471c2600 DEOPT UNPACKING pc=0x000000010c742d1c sp=0x000000016cff1f30 mode 2
Event: 3.335 Thread 0x00000001471c2600 Uncommon trap: trap_request=0xffffffc6 fr.pc=0x00000001142995e8 relative=0x0000000000001328
Event: 3.335 Thread 0x00000001471c2600 Uncommon trap: reason=bimorphic_or_optimized_type_check action=maybe_recompile pc=0x00000001142995e8 method=java.util.HashMap.putVal(ILjava/lang/Object;Ljava/lang/Object;ZZ)Ljava/lang/Object; @ 91 c2
Event: 3.335 Thread 0x00000001471c2600 DEOPT PACKING pc=0x00000001142995e8 sp=0x000000016cff1ec0
Event: 3.335 Thread 0x00000001471c2600 DEOPT UNPACKING pc=0x000000010c742d1c sp=0x000000016cff1e10 mode 2

Classes unloaded (0 events):
No events

Classes redefined (0 events):
No events

Internal exceptions (20 events):
Event: 0.539 Thread 0x00000001471c2600 Exception <a 'java/lang/NoSuchMethodError'{0x0000000786c6b6f0}: 'void java.lang.invoke.DirectMethodHandle$Holder.invokeSpecial(java.lang.Object, java.lang.Object, java.lang.Object, java.lang.Object, java.lang.Object)'> (0x0000000786c6b6f0) 
thrown [open/src/hotspot/share/interpreter/linkResolver.cpp, line 766]
Event: 0.545 Thread 0x00000001471c2600 Exception <a 'java/lang/NoSuchMethodError'{0x0000000786b94110}: 'java.lang.Object java.lang.invoke.DirectMethodHandle$Holder.invokeSpecial(java.lang.Object, java.lang.Object, java.lang.Object, int, java.lang.Object)'> (0x0000000786b94110) 
thrown [open/src/hotspot/share/interpreter/linkResolver.cpp, line 766]
Event: 0.576 Thread 0x00000001471c2600 Exception <a 'java/io/FileNotFoundException'{0x0000000786415e88}> (0x0000000786415e88) 
thrown [open/src/hotspot/share/prims/jni.cpp, line 516]
Event: 0.683 Thread 0x00000001471c2600 Exception <a 'java/lang/NoSuchMethodError'{0x0000000785e6e2a8}: 'java.lang.Object java.lang.invoke.DirectMethodHandle$Holder.invokeInterface(java.lang.Object, java.lang.Object, java.lang.Object)'> (0x0000000785e6e2a8) 
thrown [open/src/hotspot/share/interpreter/linkResolver.cpp, line 766]
Event: 0.683 Thread 0x00000001471c2600 Exception <a 'java/lang/IncompatibleClassChangeError'{0x0000000785e71970}: Found class java.lang.Object, but interface was expected> (0x0000000785e71970) 
thrown [open/src/hotspot/share/interpreter/linkResolver.cpp, line 833]
Event: 0.698 Thread 0x00000001471c2600 Exception <a 'java/lang/ClassNotFoundException'{0x0000000785c72490}: com/sun/javafx/scene/control/skin/resources/controls> (0x0000000785c72490) 
thrown [open/src/hotspot/share/prims/jni.cpp, line 535]
Event: 0.698 Thread 0x00000001471c2600 Exception <a 'java/lang/ClassNotFoundException'{0x0000000785c80430}: com/sun/javafx/scene/control/skin/resources/controls_en> (0x0000000785c80430) 
thrown [open/src/hotspot/share/prims/jni.cpp, line 535]
Event: 0.698 Thread 0x00000001471c2600 Exception <a 'java/lang/ClassNotFoundException'{0x0000000785c82010}: com/sun/javafx/scene/control/skin/resources/controls_en_GB> (0x0000000785c82010) 
thrown [open/src/hotspot/share/prims/jni.cpp, line 535]
Event: 0.709 Thread 0x00000001471c2600 Implicit null exception at 0x0000000114254554 to 0x0000000114254864
Event: 0.710 Thread 0x00000001471c2600 Exception <a 'java/lang/NoSuchMethodError'{0x0000000785a39130}: 'void java.lang.invoke.DirectMethodHandle$Holder.invokeSpecial(java.lang.Object, java.lang.Object, java.lang.Object, java.lang.Object, java.lang.Object, java.lang.Object)'> (0x0000000785a39130) 
thrown [open/src/hotspot/share/interpreter/linkResolver.cpp, line 766]
Event: 0.711 Thread 0x00000001471c2600 Implicit null exception at 0x0000000114262754 to 0x0000000114262a58
Event: 0.743 Thread 0x00000001471c2600 Exception <a 'java/lang/NoSuchMethodError'{0x0000000785610d18}: 'java.lang.Object java.lang.invoke.DirectMethodHandle$Holder.newInvokeSpecial(java.lang.Object, java.lang.Object, int)'> (0x0000000785610d18) 
thrown [open/src/hotspot/share/interpreter/linkResolver.cpp, line 766]
Event: 0.794 Thread 0x00000001471c2600 Exception <a 'java/lang/NoSuchMethodError'{0x0000000787f4f668}: 'long java.lang.invoke.DirectMethodHandle$Holder.invokeStatic(java.lang.Object, java.lang.Object, java.lang.Object)'> (0x0000000787f4f668) 
thrown [open/src/hotspot/share/interpreter/linkResolver.cpp, line 766]
Event: 0.795 Thread 0x00000001471c2600 Exception <a 'java/lang/NoSuchMethodError'{0x0000000787f52e10}: 'long java.lang.invoke.DirectMethodHandle$Holder.invokeStaticInit(java.lang.Object, java.lang.Object, java.lang.Object)'> (0x0000000787f52e10) 
thrown [open/src/hotspot/share/interpreter/linkResolver.cpp, line 766]
Event: 0.795 Thread 0x00000001471c2600 Exception <a 'java/lang/NoSuchMethodError'{0x0000000787f6aa18}: 'java.lang.Object java.lang.invoke.DirectMethodHandle$Holder.newInvokeSpecial(java.lang.Object, java.lang.Object, long)'> (0x0000000787f6aa18) 
thrown [open/src/hotspot/share/interpreter/linkResolver.cpp, line 766]
Event: 0.795 Thread 0x00000001471c2600 Exception <a 'java/lang/NoSuchMethodError'{0x0000000787f6e2e0}: 'java.lang.Object java.lang.invoke.Invokers$Holder.linkToTargetMethod(java.lang.Object, long, java.lang.Object)'> (0x0000000787f6e2e0) 
thrown [open/src/hotspot/share/interpreter/linkResolver.cpp, line 766]
Event: 1.373 Thread 0x00000001471c2600 Exception <a 'java/lang/NoSuchMethodError'{0x00000007822748e0}: 'java.lang.Object java.lang.invoke.DirectMethodHandle$Holder.newInvokeSpecial(java.lang.Object, java.lang.Object, int, int, int, int, int, java.lang.Object)'> (0x00000007822748e0) 
thrown [open/src/hotspot/share/interpreter/linkResolver.cpp, line 766]
Event: 1.374 Thread 0x00000001471c2600 Exception <a 'java/lang/NoSuchMethodError'{0x00000007822878c0}: 'java.lang.Object java.lang.invoke.DirectMethodHandle$Holder.newInvokeSpecial(java.lang.Object, java.lang.Object, java.lang.Object, int, int, int, int, int)'> (0x00000007822878c0) 
thrown [open/src/hotspot/share/interpreter/linkResolver.cpp, line 766]
Event: 1.374 Thread 0x00000001471c2600 Exception <a 'java/lang/NoSuchMethodError'{0x000000078228f120}: 'java.lang.Object java.lang.invoke.Invokers$Holder.linkToTargetMethod(java.lang.Object, java.lang.Object, int, int, int, int, int, java.lang.Object)'> (0x000000078228f120) 
thrown [open/src/hotspot/share/interpreter/linkResolver.cpp, line 766]
Event: 1.643 Thread 0x00000001471c2600 Exception <a 'java/io/FileNotFoundException'{0x0000000787fab960}> (0x0000000787fab960) 
thrown [open/src/hotspot/share/prims/jni.cpp, line 516]

VM Operations (20 events):
Event: 0.806 Executing VM operation: G1Concurrent
Event: 0.806 Executing VM operation: G1Concurrent done
Event: 1.480 Executing VM operation: ICBufferFull
Event: 1.480 Executing VM operation: ICBufferFull done
Event: 1.530 Executing VM operation: ICBufferFull
Event: 1.530 Executing VM operation: ICBufferFull done
Event: 1.605 Executing VM operation: ICBufferFull
Event: 1.605 Executing VM operation: ICBufferFull done
Event: 1.637 Executing VM operation: G1CollectForAllocation
Event: 1.639 Executing VM operation: G1CollectForAllocation done
Event: 1.671 Executing VM operation: ICBufferFull
Event: 1.671 Executing VM operation: ICBufferFull done
Event: 2.272 Executing VM operation: ICBufferFull
Event: 2.272 Executing VM operation: ICBufferFull done
Event: 3.262 Executing VM operation: ICBufferFull
Event: 3.263 Executing VM operation: ICBufferFull done
Event: 3.331 Executing VM operation: HandshakeAllThreads
Event: 3.331 Executing VM operation: HandshakeAllThreads done
Event: 3.358 Executing VM operation: ICBufferFull
Event: 3.358 Executing VM operation: ICBufferFull done

Events (20 events):
Event: 1.521 loading class java/util/concurrent/atomic/AtomicReferenceFieldUpdater
Event: 1.521 loading class java/util/concurrent/atomic/AtomicReferenceFieldUpdater done
Event: 1.521 loading class java/util/concurrent/atomic/AtomicReferenceFieldUpdater$AtomicReferenceFieldUpdaterImpl
Event: 1.521 loading class java/util/concurrent/atomic/AtomicReferenceFieldUpdater$AtomicReferenceFieldUpdaterImpl done
Event: 1.521 loading class java/util/concurrent/atomic/AtomicReferenceFieldUpdater$AtomicReferenceFieldUpdaterImpl$1
Event: 1.521 loading class java/util/concurrent/atomic/AtomicReferenceFieldUpdater$AtomicReferenceFieldUpdaterImpl$1 done
Event: 1.521 loading class sun/reflect/misc/ReflectUtil
Event: 1.521 loading class sun/reflect/misc/ReflectUtil done
Event: 2.155 Protecting memory [0x000000016fc98000,0x000000016fca4000] with protection modes 3
Event: 2.155 Thread 0x00000001469aac00 Thread exited: 0x00000001469aac00
Event: 2.237 Protecting memory [0x000000016fc98000,0x000000016fca4000] with protection modes 0
Event: 2.237 Thread 0x000000012501c000 Thread added: 0x000000012501c000
Event: 2.555 Protecting memory [0x000000016fc98000,0x000000016fca4000] with protection modes 3
Event: 2.555 Thread 0x000000012501c000 Thread exited: 0x000000012501c000
Event: 2.655 Protecting memory [0x000000016fc98000,0x000000016fca4000] with protection modes 0
Event: 2.655 Thread 0x000000012480da00 Thread added: 0x000000012480da00
Event: 3.221 Protecting memory [0x000000016fc98000,0x000000016fca4000] with protection modes 3
Event: 3.221 Thread 0x000000012480da00 Thread exited: 0x000000012480da00
Event: 3.254 Protecting memory [0x000000016fc98000,0x000000016fca4000] with protection modes 0
Event: 3.254 Thread 0x0000000124012400 Thread added: 0x0000000124012400


Dynamic libraries:
0x0000000102f3c000 	/Library/Java/JavaVirtualMachines/jdk-17.jdk/Contents/Home/lib/libjli.dylib
0x00000001b6c1f000 	/usr/lib/libz.1.dylib
0x00000001b6ccf000 	/usr/lib/libSystem.B.dylib
0x00000001b6cc9000 	/usr/lib/system/libcache.dylib
0x00000001b6c87000 	/usr/lib/system/libcommonCrypto.dylib
0x00000001b6cb0000 	/usr/lib/system/libcompiler_rt.dylib
0x00000001b6ca7000 	/usr/lib/system/libcopyfile.dylib
0x00000001ac012000 	/usr/lib/system/libcorecrypto.dylib
0x00000001ac0b7000 	/usr/lib/system/libdispatch.dylib
0x00000001ac27f000 	/usr/lib/system/libdyld.dylib
0x00000001b6cbf000 	/usr/lib/system/libkeymgr.dylib
0x00000001b6c69000 	/usr/lib/system/libmacho.dylib
0x00000001b636d000 	/usr/lib/system/libquarantine.dylib
0x00000001b6cbc000 	/usr/lib/system/libremovefile.dylib
0x00000001b140e000 	/usr/lib/system/libsystem_asl.dylib
0x00000001abfbc000 	/usr/lib/system/libsystem_blocks.dylib
0x00000001ac13d000 	/usr/lib/system/libsystem_c.dylib
0x00000001b6cb4000 	/usr/lib/system/libsystem_collections.dylib
0x00000001b582c000 	/usr/lib/system/libsystem_configuration.dylib
0x00000001b4ab0000 	/usr/lib/system/libsystem_containermanager.dylib
0x00000001b69d0000 	/usr/lib/system/libsystem_coreservices.dylib
0x00000001ae9a3000 	/usr/lib/system/libsystem_darwin.dylib
0x00000001b6cc0000 	/usr/lib/system/libsystem_dnssd.dylib
0x00000001ac13a000 	/usr/lib/system/libsystem_featureflags.dylib
0x00000001ac294000 	/usr/lib/system/libsystem_info.dylib
0x00000001b6c31000 	/usr/lib/system/libsystem_m.dylib
0x00000001ac08c000 	/usr/lib/system/libsystem_malloc.dylib
0x00000001b139f000 	/usr/lib/system/libsystem_networkextension.dylib
0x00000001aedf7000 	/usr/lib/system/libsystem_notify.dylib
0x00000001bced5000 	/usr/lib/system/libsystem_product_info_filter.dylib
0x00000001b5831000 	/usr/lib/system/libsystem_sandbox.dylib
0x00000001b6cb9000 	/usr/lib/system/libsystem_secinit.dylib
0x00000001ac23c000 	/usr/lib/system/libsystem_kernel.dylib
0x00000001ac28c000 	/usr/lib/system/libsystem_platform.dylib
0x00000001ac272000 	/usr/lib/system/libsystem_pthread.dylib
0x00000001b2b48000 	/usr/lib/system/libsystem_symptoms.dylib
0x00000001abff8000 	/usr/lib/system/libsystem_trace.dylib
0x00000001b6c94000 	/usr/lib/system/libunwind.dylib
0x00000001abfbe000 	/usr/lib/system/libxpc.dylib
0x00000001ac222000 	/usr/lib/libc++abi.dylib
0x00000001ac0fe000 	/usr/lib/libobjc.A.dylib
0x00000001b6c9f000 	/usr/lib/liboah.dylib
0x00000001ac1be000 	/usr/lib/libc++.1.dylib
0x00000001c28d0000 	/System/Library/Frameworks/Cocoa.framework/Versions/A/Cocoa
0x00000001aee57000 	/System/Library/Frameworks/AppKit.framework/Versions/C/AppKit
0x00000001b2387000 	/System/Library/Frameworks/CoreData.framework/Versions/A/CoreData
0x00000001ad1b4000 	/System/Library/Frameworks/Foundation.framework/Versions/C/Foundation
0x00000001afd0b000 	/System/Library/PrivateFrameworks/UIFoundation.framework/Versions/A/UIFoundation
0x00000001bcbcf000 	/System/Library/PrivateFrameworks/RemoteViewServices.framework/Versions/A/RemoteViewServices
0x00000001b51ea000 	/System/Library/PrivateFrameworks/XCTTargetBootstrap.framework/Versions/A/XCTTargetBootstrap
0x00000001b89d0000 	/System/Library/PrivateFrameworks/InternationalSupport.framework/Versions/A/InternationalSupport
0x00000001b8a59000 	/System/Library/PrivateFrameworks/UserActivity.framework/Versions/A/UserActivity
0x00000001b7efe000 	/usr/lib/libspindump.dylib
0x00000001aff7b000 	/System/Library/Frameworks/UniformTypeIdentifiers.framework/Versions/A/UniformTypeIdentifiers
0x00000001b3777000 	/usr/lib/libapp_launch_measurement.dylib
0x00000001b2cef000 	/System/Library/PrivateFrameworks/CoreAnalytics.framework/Versions/A/CoreAnalytics
0x00000001b377a000 	/System/Library/PrivateFrameworks/CoreAutoLayout.framework/Versions/A/CoreAutoLayout
0x00000001b4aed000 	/System/Library/Frameworks/Metal.framework/Versions/A/Metal
0x00000001b583c000 	/usr/lib/liblangid.dylib
0x00000001b51ee000 	/System/Library/PrivateFrameworks/CoreSVG.framework/Versions/A/CoreSVG
0x00000001b1442000 	/System/Library/PrivateFrameworks/SkyLight.framework/Versions/A/SkyLight
0x00000001b180c000 	/System/Library/Frameworks/CoreGraphics.framework/Versions/A/CoreGraphics
0x00000001bd24c000 	/System/Library/Frameworks/Accelerate.framework/Versions/A/Accelerate
0x00000001b7972000 	/System/Library/PrivateFrameworks/IconServices.framework/Versions/A/IconServices
0x00000001b4acf000 	/System/Library/Frameworks/IOSurface.framework/Versions/A/IOSurface
0x00000001b2d1f000 	/usr/lib/libDiagnosticMessagesClient.dylib
0x00000001c0693000 	/System/Library/Frameworks/ApplicationServices.framework/Versions/A/ApplicationServices
0x00000001b51d2000 	/System/Library/PrivateFrameworks/DFRFoundation.framework/Versions/A/DFRFoundation
0x00000001ae6f8000 	/usr/lib/libicucore.A.dylib
0x00000001b97d1000 	/System/Library/Frameworks/AudioToolbox.framework/Versions/A/AudioToolbox
0x00000001b89dc000 	/System/Library/PrivateFrameworks/DataDetectorsCore.framework/Versions/A/DataDetectorsCore
0x00000001ceb0e000 	/System/Library/PrivateFrameworks/TextInput.framework/Versions/A/TextInput
0x00000001b13b9000 	/usr/lib/libMobileGestalt.dylib
0x00000001b4ea2000 	/System/Library/Frameworks/Carbon.framework/Versions/A/Frameworks/HIToolbox.framework/Versions/A/HIToolbox
0x00000001b3180000 	/System/Library/Frameworks/QuartzCore.framework/Versions/A/QuartzCore
0x00000001ae375000 	/System/Library/Frameworks/Security.framework/Versions/A/Security
0x00000001bcc0f000 	/System/Library/Frameworks/Carbon.framework/Versions/A/Frameworks/SpeechRecognition.framework/Versions/A/SpeechRecognition
0x00000001b34ce000 	/System/Library/PrivateFrameworks/CoreUI.framework/Versions/A/CoreUI
0x00000001adc46000 	/System/Library/Frameworks/CoreAudio.framework/Versions/A/CoreAudio
0x00000001b2e13000 	/System/Library/Frameworks/DiskArbitration.framework/Versions/A/DiskArbitration
0x00000001b82e3000 	/System/Library/PrivateFrameworks/MultitouchSupport.framework/Versions/A/MultitouchSupport
0x00000001b13b7000 	/usr/lib/libenergytrace.dylib
0x00000001aed21000 	/System/Library/Frameworks/IOKit.framework/Versions/A/IOKit
0x00000001bcff8000 	/System/Library/Frameworks/CoreServices.framework/Versions/A/CoreServices
0x00000001b3707000 	/System/Library/PrivateFrameworks/PerformanceAnalysis.framework/Versions/A/PerformanceAnalysis
0x000000020d681000 	/System/Library/Frameworks/OpenGL.framework/Versions/A/OpenGL
0x00000001b628d000 	/System/Library/PrivateFrameworks/MobileKeyBag.framework/Versions/A/MobileKeyBag
0x00000001b1e1c000 	/System/Library/Frameworks/ColorSync.framework/Versions/A/ColorSync
0x00000001ac2c0000 	/System/Library/Frameworks/CoreFoundation.framework/Versions/A/CoreFoundation
0x00000001b546f000 	/System/Library/Frameworks/CoreImage.framework/Versions/A/CoreImage
0x00000001ada69000 	/System/Library/Frameworks/CoreText.framework/Versions/A/CoreText
0x00000001b521e000 	/System/Library/Frameworks/ImageIO.framework/Versions/A/ImageIO
0x00000001b6cd5000 	/System/Library/PrivateFrameworks/SoftLinking.framework/Versions/A/SoftLinking
0x00000001b37c4000 	/usr/lib/libxml2.2.dylib
0x00000001b6f6e000 	/usr/lib/libcompression.dylib
0x00000001b8929000 	/System/Library/PrivateFrameworks/TextureIO.framework/Versions/A/TextureIO
0x00000001b768c000 	/usr/lib/libate.dylib
0x00000001b7554000 	/usr/lib/liblzma.5.dylib
0x00000001acea8000 	/System/Library/Frameworks/SystemConfiguration.framework/Versions/A/SystemConfiguration
0x00000001b6cd1000 	/usr/lib/libfakelink.dylib
0x00000001b0ee6000 	/System/Library/Frameworks/CFNetwork.framework/Versions/A/CFNetwork
0x00000001b6e18000 	/usr/lib/libarchive.2.dylib
0x00000001b5838000 	/System/Library/PrivateFrameworks/AppleSystemInfo.framework/Versions/A/AppleSystemInfo
0x00000001b6398000 	/usr/lib/libbsm.0.dylib
0x00000001b041e000 	/usr/lib/libnetwork.dylib
0x00000001b6c6f000 	/usr/lib/system/libkxld.dylib
0x00000001b5faf000 	/System/Library/PrivateFrameworks/IOMobileFramebuffer.framework/Versions/A/IOMobileFramebuffer
0x00000002293e6000 	/usr/lib/libCoreEntitlements.dylib
0x00000001b69b2000 	/System/Library/PrivateFrameworks/AppleFSCompression.framework/Versions/A/AppleFSCompression
0x00000001b6380000 	/usr/lib/libcoretls.dylib
0x00000001b756d000 	/usr/lib/libcoretls_cfhelpers.dylib
0x00000001b6f69000 	/usr/lib/libpam.2.dylib
0x00000001b2770000 	/usr/lib/libsqlite3.dylib
0x00000001b75d5000 	/usr/lib/libxar.1.dylib
0x00000001b69c3000 	/usr/lib/libbz2.1.0.dylib
0x00000001b6cd6000 	/usr/lib/libpcap.A.dylib
0x00000001b2b3f000 	/usr/lib/libdns_services.dylib
0x00000001b6f3c000 	/usr/lib/libapple_nghttp2.dylib
0x00000001b6d13000 	/usr/lib/libiconv.2.dylib
0x00000001b6c68000 	/usr/lib/libcharset.1.dylib
0x00000001b3743000 	/System/Library/Frameworks/CoreServices.framework/Versions/A/Frameworks/FSEvents.framework/Versions/A/FSEvents
0x00000001ae9ae000 	/System/Library/Frameworks/CoreServices.framework/Versions/A/Frameworks/CarbonCore.framework/Versions/A/CarbonCore
0x00000001b2d76000 	/System/Library/Frameworks/CoreServices.framework/Versions/A/Frameworks/Metadata.framework/Versions/A/Metadata
0x00000001b69d6000 	/System/Library/Frameworks/CoreServices.framework/Versions/A/Frameworks/OSServices.framework/Versions/A/OSServices
0x00000001b6e9e000 	/System/Library/Frameworks/CoreServices.framework/Versions/A/Frameworks/SearchKit.framework/Versions/A/SearchKit
0x00000001b2acd000 	/System/Library/Frameworks/CoreServices.framework/Versions/A/Frameworks/AE.framework/Versions/A/AE
0x00000001ac804000 	/System/Library/Frameworks/CoreServices.framework/Versions/A/Frameworks/LaunchServices.framework/Versions/A/LaunchServices
0x00000001b74fd000 	/System/Library/Frameworks/CoreServices.framework/Versions/A/Frameworks/DictionaryServices.framework/Versions/A/DictionaryServices
0x00000001b3750000 	/System/Library/Frameworks/CoreServices.framework/Versions/A/Frameworks/SharedFileList.framework/Versions/A/SharedFileList
0x00000001b6370000 	/usr/lib/libCheckFix.dylib
0x00000001b1426000 	/System/Library/PrivateFrameworks/TCC.framework/Versions/A/TCC
0x00000001b583e000 	/System/Library/PrivateFrameworks/CoreNLP.framework/Versions/A/CoreNLP
0x00000001b2d22000 	/System/Library/PrivateFrameworks/MetadataUtilities.framework/Versions/A/MetadataUtilities
0x00000001acf61000 	/usr/lib/libmecabra.dylib
0x00000001b63a9000 	/usr/lib/libmecab.dylib
0x00000001acf2d000 	/usr/lib/libCRFSuite.dylib
0x00000001b6407000 	/usr/lib/libgermantok.dylib
0x00000001b6f15000 	/usr/lib/libThaiTokenizer.dylib
0x00000001b2e1b000 	/System/Library/Frameworks/Accelerate.framework/Versions/A/Frameworks/vImage.framework/Versions/A/vImage
0x00000001bcfcf000 	/System/Library/Frameworks/Accelerate.framework/Versions/A/Frameworks/vecLib.framework/Versions/A/vecLib
0x00000001b7619000 	/System/Library/Frameworks/Accelerate.framework/Versions/A/Frameworks/vecLib.framework/Versions/A/libvMisc.dylib
0x00000001b5eb9000 	/System/Library/Frameworks/Accelerate.framework/Versions/A/Frameworks/vecLib.framework/Versions/A/libvDSP.dylib
0x00000001acb87000 	/System/Library/Frameworks/Accelerate.framework/Versions/A/Frameworks/vecLib.framework/Versions/A/libBLAS.dylib
0x00000001b703d000 	/System/Library/Frameworks/Accelerate.framework/Versions/A/Frameworks/vecLib.framework/Versions/A/libLAPACK.dylib
0x00000001b640a000 	/System/Library/Frameworks/Accelerate.framework/Versions/A/Frameworks/vecLib.framework/Versions/A/libLinearAlgebra.dylib
0x00000001b6f54000 	/System/Library/Frameworks/Accelerate.framework/Versions/A/Frameworks/vecLib.framework/Versions/A/libSparseBLAS.dylib
0x00000001b7038000 	/System/Library/Frameworks/Accelerate.framework/Versions/A/Frameworks/vecLib.framework/Versions/A/libQuadrature.dylib
0x00000001b5935000 	/System/Library/Frameworks/Accelerate.framework/Versions/A/Frameworks/vecLib.framework/Versions/A/libBNNS.dylib
0x00000001ace45000 	/System/Library/Frameworks/Accelerate.framework/Versions/A/Frameworks/vecLib.framework/Versions/A/libSparse.dylib
0x00000001b592d000 	/System/Library/PrivateFrameworks/LinguisticData.framework/Versions/A/LinguisticData
0x00000001acdfb000 	/System/Library/PrivateFrameworks/Lexicon.framework/Versions/A/Lexicon
0x00000001b7611000 	/usr/lib/libChineseTokenizer.dylib
0x00000001ad5a2000 	/System/Library/PrivateFrameworks/LanguageModeling.framework/Versions/A/LanguageModeling
0x00000001b6f17000 	/System/Library/PrivateFrameworks/AppleSauce.framework/Versions/A/AppleSauce
0x00000001b5f9c000 	/System/Library/PrivateFrameworks/CoreEmoji.framework/Versions/A/CoreEmoji
0x00000001b6e06000 	/usr/lib/libcmph.dylib
0x00000001b3723000 	/System/Library/Frameworks/OpenDirectory.framework/Versions/A/Frameworks/CFOpenDirectory.framework/Versions/A/CFOpenDirectory
0x00000001b3713000 	/System/Library/Frameworks/OpenDirectory.framework/Versions/A/OpenDirectory
0x00000001b756f000 	/System/Library/PrivateFrameworks/APFS.framework/Versions/A/APFS
0x00000001b62c8000 	/System/Library/Frameworks/SecurityFoundation.framework/Versions/A/SecurityFoundation
0x00000001b75e3000 	/usr/lib/libutil.dylib
0x00000001aece3000 	/System/Library/PrivateFrameworks/CoreServicesStore.framework/Versions/A/CoreServicesStore
0x00000001b75e7000 	/usr/lib/libxslt.1.dylib
0x00000001b635c000 	/System/Library/PrivateFrameworks/BackgroundTaskManagement.framework/Versions/A/BackgroundTaskManagement
0x00000001b884a000 	/System/Library/Frameworks/ImageIO.framework/Versions/A/Resources/libRadiance.dylib
0x00000001b8853000 	/System/Library/Frameworks/ImageIO.framework/Versions/A/Resources/libJPEG.dylib
0x00000001b87a5000 	/System/Library/Frameworks/ImageIO.framework/Versions/A/Resources/libPng.dylib
0x00000001b87c7000 	/System/Library/Frameworks/ImageIO.framework/Versions/A/Resources/libTIFF.dylib
0x00000001b88ae000 	/System/Library/Frameworks/ImageIO.framework/Versions/A/Resources/libGIF.dylib
0x00000001b81f3000 	/System/Library/Frameworks/ImageIO.framework/Versions/A/Resources/libJP2.dylib
0x00000001b7938000 	/usr/lib/libexpat.1.dylib
0x00000001b81ae000 	/System/Library/PrivateFrameworks/AppleJPEG.framework/Versions/A/AppleJPEG
0x00000001b4d61000 	/System/Library/PrivateFrameworks/FontServices.framework/libFontParser.dylib
0x00000001b2a72000 	/System/Library/PrivateFrameworks/RunningBoardServices.framework/Versions/A/RunningBoardServices
0x00000001c2f43000 	/System/Library/PrivateFrameworks/IOSurfaceAccelerator.framework/Versions/A/IOSurfaceAccelerator
0x00000001b82df000 	/System/Library/PrivateFrameworks/WatchdogClient.framework/Versions/A/WatchdogClient
0x00000001ad6a6000 	/System/Library/Frameworks/CoreDisplay.framework/Versions/A/CoreDisplay
0x00000001b4c4f000 	/System/Library/Frameworks/CoreMedia.framework/Versions/A/CoreMedia
0x00000001b4ae3000 	/System/Library/PrivateFrameworks/IOAccelerator.framework/Versions/A/IOAccelerator
0x00000001b38b1000 	/System/Library/Frameworks/CoreVideo.framework/Versions/A/CoreVideo
0x00000001b6f67000 	/System/Library/Frameworks/MetalPerformanceShaders.framework/Versions/A/MetalPerformanceShaders
0x00000001b831c000 	/System/Library/Frameworks/VideoToolbox.framework/Versions/A/VideoToolbox
0x00000001b29b6000 	/System/Library/PrivateFrameworks/BaseBoard.framework/Versions/A/BaseBoard
0x00000001b2755000 	/System/Library/PrivateFrameworks/ProtocolBuffer.framework/Versions/A/ProtocolBuffer
0x00000001b8845000 	/System/Library/PrivateFrameworks/GPUWrangler.framework/Versions/A/GPUWrangler
0x00000001b8824000 	/System/Library/PrivateFrameworks/IOPresentment.framework/Versions/A/IOPresentment
0x00000001b884d000 	/System/Library/PrivateFrameworks/DSExternalDisplay.framework/Versions/A/DSExternalDisplay
0x000000020d674000 	/System/Library/Frameworks/OpenGL.framework/Versions/A/Libraries/libCoreFSCache.dylib
0x0000000216e35000 	/System/Library/PrivateFrameworks/GPUCompiler.framework/Versions/31001/Libraries/libGPUCompilerUtils.dylib
0x00000001b88b3000 	/System/Library/PrivateFrameworks/CMCaptureCore.framework/Versions/A/CMCaptureCore
0x00000001b7eec000 	/System/Library/PrivateFrameworks/AppServerSupport.framework/Versions/A/AppServerSupport
0x00000001ba08c000 	/System/Library/PrivateFrameworks/perfdata.framework/Versions/A/perfdata
0x00000001ad7c6000 	/System/Library/PrivateFrameworks/AudioToolboxCore.framework/Versions/A/AudioToolboxCore
0x00000001b4c27000 	/System/Library/PrivateFrameworks/caulk.framework/Versions/A/caulk
0x00000001b9981000 	/usr/lib/libAudioStatistics.dylib
0x00000001cb287000 	/System/Library/PrivateFrameworks/SystemPolicy.framework/Versions/A/SystemPolicy
0x00000001b9be1000 	/usr/lib/libSMC.dylib
0x00000001c27b2000 	/System/Library/Frameworks/CoreMIDI.framework/Versions/A/CoreMIDI
0x00000001b8773000 	/usr/lib/libAudioToolboxUtility.dylib
0x00000001c76c0000 	/System/Library/PrivateFrameworks/OSAServicesClient.framework/Versions/A/OSAServicesClient
0x00000001ba099000 	/usr/lib/libperfcheck.dylib
0x00000001cbd8a000 	/usr/lib/libmis.dylib
0x000000020d6d5000 	/System/Library/Frameworks/OpenGL.framework/Versions/A/Libraries/libGLU.dylib
0x000000020d694000 	/System/Library/Frameworks/OpenGL.framework/Versions/A/Libraries/libGFXShared.dylib
0x000000020d87e000 	/System/Library/Frameworks/OpenGL.framework/Versions/A/Libraries/libGL.dylib
0x000000020d69d000 	/System/Library/Frameworks/OpenGL.framework/Versions/A/Libraries/libGLImage.dylib
0x000000020d691000 	/System/Library/Frameworks/OpenGL.framework/Versions/A/Libraries/libCVMSPluginSupport.dylib
0x000000020d67b000 	/System/Library/Frameworks/OpenGL.framework/Versions/A/Libraries/libCoreVMClient.dylib
0x00000001b57b9000 	/System/Library/Frameworks/MetalPerformanceShaders.framework/Versions/A/Frameworks/MPSCore.framework/Versions/A/MPSCore
0x00000001b6925000 	/System/Library/Frameworks/MetalPerformanceShaders.framework/Versions/A/Frameworks/MPSImage.framework/Versions/A/MPSImage
0x00000001b641f000 	/System/Library/Frameworks/MetalPerformanceShaders.framework/Versions/A/Frameworks/MPSNeuralNetwork.framework/Versions/A/MPSNeuralNetwork
0x00000001b685c000 	/System/Library/Frameworks/MetalPerformanceShaders.framework/Versions/A/Frameworks/MPSMatrix.framework/Versions/A/MPSMatrix
0x00000001b6637000 	/System/Library/Frameworks/MetalPerformanceShaders.framework/Versions/A/Frameworks/MPSRayIntersector.framework/Versions/A/MPSRayIntersector
0x00000001b688d000 	/System/Library/Frameworks/MetalPerformanceShaders.framework/Versions/A/Frameworks/MPSNDArray.framework/Versions/A/MPSNDArray
0x000000020f3ab000 	/System/Library/Frameworks/MetalPerformanceShaders.framework/Versions/A/Frameworks/MPSFunctions.framework/Versions/A/MPSFunctions
0x00000001aca65000 	/System/Library/PrivateFrameworks/MetalTools.framework/Versions/A/MetalTools
0x00000001b5836000 	/System/Library/PrivateFrameworks/AggregateDictionary.framework/Versions/A/AggregateDictionary
0x00000001b771e000 	/usr/lib/libIOReport.dylib
0x00000001c1799000 	/System/Library/PrivateFrameworks/ASEProcessing.framework/Versions/A/ASEProcessing
0x00000001b7a91000 	/System/Library/PrivateFrameworks/FaceCore.framework/Versions/A/FaceCore
0x00000001b7a83000 	/System/Library/PrivateFrameworks/GraphVisualizer.framework/Versions/A/GraphVisualizer
0x0000000216d4c000 	/System/Library/PrivateFrameworks/FontServices.framework/Versions/A/FontServices
0x00000001b7ea6000 	/System/Library/PrivateFrameworks/OTSVG.framework/Versions/A/OTSVG
0x00000001b347f000 	/System/Library/Frameworks/ApplicationServices.framework/Versions/A/Frameworks/ATS.framework/Versions/A/Resources/libFontRegistry.dylib
0x00000001b7ef5000 	/System/Library/PrivateFrameworks/FontServices.framework/libhvf.dylib
0x0000000216d4d000 	/System/Library/PrivateFrameworks/FontServices.framework/libXTFontStaticRegistryData.dylib
0x000000020da20000 	/System/Library/Frameworks/OpenCL.framework/Versions/A/OpenCL
0x00000001b78ec000 	/System/Library/PrivateFrameworks/AppleVA.framework/Versions/A/AppleVA
0x00000001b99a9000 	/System/Library/Frameworks/ApplicationServices.framework/Versions/A/Frameworks/ATS.framework/Versions/A/ATS
0x00000001b1f19000 	/System/Library/Frameworks/ApplicationServices.framework/Versions/A/Frameworks/HIServices.framework/Versions/A/HIServices
0x00000001b88bd000 	/System/Library/Frameworks/ApplicationServices.framework/Versions/A/Frameworks/PrintCore.framework/Versions/A/PrintCore
0x00000001b9d34000 	/System/Library/Frameworks/ApplicationServices.framework/Versions/A/Frameworks/QD.framework/Versions/A/QD
0x00000001b9d2c000 	/System/Library/Frameworks/ApplicationServices.framework/Versions/A/Frameworks/ColorSyncLegacy.framework/Versions/A/ColorSyncLegacy
0x00000001b9995000 	/System/Library/Frameworks/ApplicationServices.framework/Versions/A/Frameworks/SpeechSynthesis.framework/Versions/A/SpeechSynthesis
0x00000001b887e000 	/System/Library/Frameworks/ApplicationServices.framework/Versions/A/Frameworks/ATSUI.framework/Versions/A/ATSUI
0x00000001b9cc1000 	/usr/lib/libcups.2.dylib
0x00000001ba0a7000 	/System/Library/Frameworks/Kerberos.framework/Versions/A/Kerberos
0x00000001ba0b8000 	/System/Library/Frameworks/GSS.framework/Versions/A/GSS
0x00000001b9a18000 	/usr/lib/libresolv.9.dylib
0x00000001b7f03000 	/System/Library/PrivateFrameworks/Heimdal.framework/Versions/A/Heimdal
0x00000001c0a09000 	/System/Library/Frameworks/Kerberos.framework/Versions/A/Libraries/libHeimdalProxy.dylib
0x00000001b2b51000 	/System/Library/Frameworks/Network.framework/Versions/A/Network
0x00000001b7953000 	/usr/lib/libheimdal-asn1.dylib
0x00000001ba0fe000 	/System/Library/PrivateFrameworks/CommonAuth.framework/Versions/A/CommonAuth
0x00000001b990f000 	/System/Library/PrivateFrameworks/AudioSession.framework/Versions/A/AudioSession
0x00000001b79e4000 	/System/Library/PrivateFrameworks/MediaExperience.framework/Versions/A/MediaExperience
0x00000001b9797000 	/System/Library/PrivateFrameworks/AudioSession.framework/libSessionUtility.dylib
0x00000001b9d40000 	/System/Library/PrivateFrameworks/AudioResourceArbitration.framework/Versions/A/AudioResourceArbitration
0x00000001bde4b000 	/System/Library/PrivateFrameworks/PowerLog.framework/Versions/A/PowerLog
0x00000001b795c000 	/System/Library/PrivateFrameworks/IconFoundation.framework/Versions/A/IconFoundation
0x00000001bcbfb000 	/System/Library/PrivateFrameworks/SpeechRecognitionCore.framework/Versions/A/SpeechRecognitionCore
0x00000001040a4000 	/Library/Java/JavaVirtualMachines/jdk-17.jdk/Contents/Home/lib/server/libjvm.dylib
0x0000000102fa0000 	/Library/Java/JavaVirtualMachines/jdk-17.jdk/Contents/Home/lib/libjimage.dylib
0x0000000102fcc000 	/Library/Java/JavaVirtualMachines/jdk-17.jdk/Contents/Home/lib/libinstrument.dylib
0x0000000103018000 	/Library/Java/JavaVirtualMachines/jdk-17.jdk/Contents/Home/lib/libjava.dylib
0x0000000103f90000 	/Library/Java/JavaVirtualMachines/jdk-17.jdk/Contents/Home/lib/libnio.dylib
0x0000000103fb0000 	/Library/Java/JavaVirtualMachines/jdk-17.jdk/Contents/Home/lib/libnet.dylib
0x0000000103000000 	/Library/Java/JavaVirtualMachines/jdk-17.jdk/Contents/Home/lib/libzip.dylib
0x0000000103fd4000 	/Library/Java/JavaVirtualMachines/jdk-17.jdk/Contents/Home/lib/libextnet.dylib
0x0000000103fe8000 	/Users/mohammedjammeh/Documents/javafx-sdk-17.0.0.1/lib/libprism_es2.dylib
0x00000001aeca6000 	/System/Library/PrivateFrameworks/CoreServicesInternal.framework/Versions/A/CoreServicesInternal
0x000000020d888000 	/System/Library/Frameworks/OpenGL.framework/Versions/A/Resources/GLEngine.bundle/GLEngine
0x000000020d70f000 	/System/Library/Frameworks/OpenGL.framework/Versions/A/Libraries/libGLProgrammability.dylib
0x0000000121704000 	/System/Library/Extensions/AppleMetalOpenGLRenderer.bundle/Contents/MacOS/AppleMetalOpenGLRenderer
0x000000020d9f7000 	/System/Library/Frameworks/OpenGL.framework/Versions/A/Resources/GLRendererFloat.bundle/GLRendererFloat
0x000000020da98000 	/System/Library/Extensions/AGXMetal13_3.bundle/Contents/MacOS/AGXMetal13_3
0x00000001cbda6000 	/System/Library/PrivateFrameworks/GPURawCounter.framework/Versions/A/GPURawCounter
0x00000001c6847000 	/System/Library/PrivateFrameworks/IOGPU.framework/Versions/A/IOGPU
0x0000000123f64000 	/Users/mohammedjammeh/Documents/javafx-sdk-17.0.0.1/lib/libglass.dylib
0x00000001be09f000 	/System/Library/Frameworks/FileProvider.framework/Versions/A/FileProvider
0x00000001b291e000 	/System/Library/Frameworks/Accounts.framework/Versions/A/Accounts
0x00000001be21f000 	/System/Library/PrivateFrameworks/GenerationalStorage.framework/Versions/A/GenerationalStorage
0x00000001bedd5000 	/System/Library/PrivateFrameworks/CoreSymbolication.framework/Versions/A/CoreSymbolication
0x00000001bde3f000 	/System/Library/PrivateFrameworks/SymptomDiagnosticReporter.framework/Versions/A/SymptomDiagnosticReporter
0x00000001aff8f000 	/System/Library/PrivateFrameworks/DesktopServicesPriv.framework/Versions/A/DesktopServicesPriv
0x00000001aee06000 	/usr/lib/libsandbox.1.dylib
0x00000001b393e000 	/System/Library/PrivateFrameworks/UserManagement.framework/Versions/A/UserManagement
0x00000001bed96000 	/System/Library/PrivateFrameworks/DebugSymbols.framework/Versions/A/DebugSymbols
0x00000001b9d1f000 	/System/Library/PrivateFrameworks/NetAuth.framework/Versions/A/NetAuth
0x00000001bac24000 	/System/Library/PrivateFrameworks/Sharing.framework/Versions/A/Sharing
0x00000001b390e000 	/System/Library/PrivateFrameworks/login.framework/Versions/A/Frameworks/loginsupport.framework/Versions/A/loginsupport
0x00000001bff4d000 	/System/Library/PrivateFrameworks/Apple80211.framework/Versions/A/Apple80211
0x00000001b6a09000 	/System/Library/PrivateFrameworks/AuthKit.framework/Versions/A/AuthKit
0x00000001b609b000 	/System/Library/PrivateFrameworks/CoreUtils.framework/Versions/A/CoreUtils
0x00000001b5fbb000 	/System/Library/Frameworks/CoreWLAN.framework/Versions/A/CoreWLAN
0x00000001bad8e000 	/System/Library/Frameworks/IOBluetooth.framework/Versions/A/IOBluetooth
0x00000001bffad000 	/System/Library/PrivateFrameworks/CoreWiFi.framework/Versions/A/CoreWiFi
0x00000001be97d000 	/System/Library/PrivateFrameworks/FrontBoardServices.framework/Versions/A/FrontBoardServices
0x00000001bea15000 	/System/Library/PrivateFrameworks/BoardServices.framework/Versions/A/BoardServices
0x00000001b62b6000 	/System/Library/PrivateFrameworks/AssertionServices.framework/Versions/A/AssertionServices
0x00000001c011b000 	/System/Library/PrivateFrameworks/BackBoardServices.framework/Versions/A/BackBoardServices
0x00000001ba191000 	/System/Library/PrivateFrameworks/CorePhoneNumbers.framework/Versions/A/CorePhoneNumbers
0x00000001bdf6f000 	/System/Library/PrivateFrameworks/DiskManagement.framework/Versions/A/DiskManagement
0x00000001bde72000 	/System/Library/PrivateFrameworks/AppleIDAuthSupport.framework/Versions/A/AppleIDAuthSupport
0x0000000211674000 	/System/Library/PrivateFrameworks/AAAFoundation.framework/Versions/A/AAAFoundation
0x00000001ba170000 	/System/Library/PrivateFrameworks/KeychainCircle.framework/Versions/A/KeychainCircle
0x00000001bdf3b000 	/System/Library/PrivateFrameworks/MediaKit.framework/Versions/A/MediaKit
0x00000001bde7f000 	/System/Library/Frameworks/DiscRecording.framework/Versions/A/DiscRecording
0x00000001b7868000 	/usr/lib/libCoreStorage.dylib
0x00000001c0417000 	/usr/lib/libcsfde.dylib
0x00000001bae63000 	/System/Library/PrivateFrameworks/ProtectedCloudStorage.framework/Versions/A/ProtectedCloudStorage
0x00000001c040f000 	/System/Library/PrivateFrameworks/EFILogin.framework/Versions/A/EFILogin
0x00000001be246000 	/System/Library/PrivateFrameworks/OctagonTrust.framework/Versions/A/OctagonTrust
0x0000000215f98000 	/System/Library/PrivateFrameworks/CoreUtilsExtras.framework/Versions/A/CoreUtilsExtras
0x00000001bddb5000 	/System/Library/Frameworks/CoreBluetooth.framework/Versions/A/CoreBluetooth
0x00000001c0a8e000 	/System/Library/Frameworks/AudioUnit.framework/Versions/A/AudioUnit
0x00000001b7860000 	/usr/lib/libMatch.1.dylib
0x00000001d0089000 	/System/Library/Frameworks/Accelerate.framework/Versions/A/Frameworks/vImage.framework/Versions/A/Libraries/libCGInterfaces.dylib
0x0000000127bf0000 	/usr/lib/libobjc-trampolines.dylib
0x00000001b360b000 	/System/Library/PrivateFrameworks/ViewBridge.framework/Versions/A/ViewBridge
0x00000001b7fb1000 	/System/Library/PrivateFrameworks/login.framework/Versions/A/login
0x0000000127fd4000 	/Users/mohammedjammeh/Documents/javafx-sdk-17.0.0.1/lib/libjavafx_font.dylib
0x0000000229560000 	/usr/lib/libRosetta.dylib


VM Arguments:
jvm_args: --module-path=/Users/mohammedjammeh/Documents/javafx-sdk-17.0.0.1/lib --add-modules=javafx.controls,javafx.fxml -Djava.library.path=/Users/mohammedjammeh/Documents/javafx-sdk-17.0.0.1/lib -javaagent:/Applications/IntelliJ IDEA.app/Contents/lib/idea_rt.jar=55136:/Applications/IntelliJ IDEA.app/Contents/bin -Dfile.encoding=UTF-8 
java_command: com.projects.gamcare.Main
java_class_path (initial): /Users/mohammedjammeh/IdeaProjects/GamCare/target/classes:/Users/mohammedjammeh/Documents/javafx-sdk-17.0.0.1/lib/javafx-swt.jar:/Users/mohammedjammeh/Documents/javafx-sdk-17.0.0.1/lib/javafx.web.jar:/Users/mohammedjammeh/Documents/javafx-sdk-17.0.0.1/lib/javafx.base.jar:/Users/mohammedjammeh/Documents/javafx-sdk-17.0.0.1/lib/javafx.fxml.jar:/Users/mohammedjammeh/Documents/javafx-sdk-17.0.0.1/lib/javafx.media.jar:/Users/mohammedjammeh/Documents/javafx-sdk-17.0.0.1/lib/javafx.swing.jar:/Users/mohammedjammeh/Documents/javafx-sdk-17.0.0.1/lib/javafx.controls.jar:/Users/mohammedjammeh/Documents/javafx-sdk-17.0.0.1/lib/javafx.graphics.jar:/Users/mohammedjammeh/IdeaProjects/GamCare/lib/mysql-connector-java-8.0.27.jar:/Users/mohammedjammeh/.m2/repository/org/openjfx/javafx-controls/11.0.2/javafx-controls-11.0.2.jar:/Users/mohammedjammeh/.m2/repository/org/openjfx/javafx-controls/11.0.2/javafx-controls-11.0.2-mac.jar:/Users/mohammedjammeh/.m2/repository/org/openjfx/javafx-graphics/11.0.2/javafx-graphics-11.0.2.jar:/Users/mohammedjammeh/.m2/repository/org/openjfx/javafx-graphics/11.0.2/javafx-graphics-11.0.2-mac.jar:/Users/mohammedjammeh/.m2/repository/org/openjfx/javafx-base/11.0.2/javafx-base-11.0.2.jar:/Users/mohammedjammeh/.m2/repository/org/openjfx/javafx-base/11.0.2/javafx-base-11.0.2-mac.jar:/Users/mohammedjammeh/.m2/repository/org/openjfx/javafx-fxml/11.0.2/javafx-fxml-11.0.2.jar:/Users/mohammedjammeh/.m2/repository/org/openjfx/javafx-fxml/11.0.2/javafx-fxml-11.0.2-mac.jar
Launcher Type: SUN_STANDARD

[Global flags]
     intx CICompilerCount                          = 4                                         {product} {ergonomic}
     uint ConcGCThreads                            = 2                                         {product} {ergonomic}
     uint G1ConcRefinementThreads                  = 8                                         {product} {ergonomic}
   size_t G1HeapRegionSize                         = 1048576                                   {product} {ergonomic}
    uintx GCDrainStackTargetSize                   = 64                                        {product} {ergonomic}
   size_t InitialHeapSize                          = 134217728                                 {product} {ergonomic}
   size_t MarkStackSize                            = 4194304                                   {product} {ergonomic}
   size_t MaxHeapSize                              = 2147483648                                {product} {ergonomic}
   size_t MaxNewSize                               = 1287651328                                {product} {ergonomic}
   size_t MinHeapDeltaBytes                        = 1048576                                   {product} {ergonomic}
   size_t MinHeapSize                              = 8388608                                   {product} {ergonomic}
    uintx NonNMethodCodeHeapSize                   = 5839564                                {pd product} {ergonomic}
    uintx NonProfiledCodeHeapSize                  = 122909338                              {pd product} {ergonomic}
    uintx ProfiledCodeHeapSize                     = 122909338                              {pd product} {ergonomic}
    uintx ReservedCodeCacheSize                    = 251658240                              {pd product} {ergonomic}
     bool SegmentedCodeCache                       = true                                      {product} {ergonomic}
   size_t SoftMaxHeapSize                          = 2147483648                             {manageable} {ergonomic}
     bool UseCompressedClassPointers               = true                           {product lp64_product} {ergonomic}
     bool UseCompressedOops                        = true                           {product lp64_product} {ergonomic}
     bool UseG1GC                                  = true                                      {product} {ergonomic}
     bool UseNUMA                                  = false                                     {product} {ergonomic}
     bool UseNUMAInterleaving                      = false                                     {product} {ergonomic}

Logging:
Log output configuration:
 #0: stdout all=warning uptime,level,tags
 #1: stderr all=off uptime,level,tags

Environment Variables:
PATH=/opt/homebrew/opt/openjdk/bin:/opt/homebrew/bin:/usr/local/bin:/usr/bin:/bin:/usr/sbin:/sbin
SHELL=/bin/zsh
LC_CTYPE=en_GB.UTF-8

Signal Handlers:
   SIGSEGV: _ZL13crash_handleriP9__siginfoPv in libjvm.dylib, mask=11100110000111110111111111111111, flags=SA_RESTART|SA_SIGINFO
    SIGBUS: _ZL13crash_handleriP9__siginfoPv in libjvm.dylib, mask=11100110000111110111111111111111, flags=SA_RESTART|SA_SIGINFO
    SIGFPE: _ZL13crash_handleriP9__siginfoPv in libjvm.dylib, mask=11100110000111110111111111111111, flags=SA_RESTART|SA_SIGINFO
   SIGPIPE: _ZL17javaSignalHandleriP9__siginfoPv in libjvm.dylib, mask=11100110000111110111111111111111, flags=SA_RESTART|SA_SIGINFO
   SIGXFSZ: _ZL17javaSignalHandleriP9__siginfoPv in libjvm.dylib, mask=11100110000111110111111111111111, flags=SA_RESTART|SA_SIGINFO
    SIGILL: _ZL13crash_handleriP9__siginfoPv in libjvm.dylib, mask=11100110000111110111111111111111, flags=SA_RESTART|SA_SIGINFO
   SIGUSR2: _ZL10SR_handleriP9__siginfoP17__darwin_ucontext in libjvm.dylib, mask=00100000000000000000000000000000, flags=SA_RESTART|SA_SIGINFO
    SIGHUP: _ZL11UserHandleriPvS_ in libjvm.dylib, mask=11100110000111110111111111111111, flags=SA_RESTART|SA_SIGINFO
    SIGINT: _ZL11UserHandleriPvS_ in libjvm.dylib, mask=11100110000111110111111111111111, flags=SA_RESTART|SA_SIGINFO
   SIGTERM: _ZL11UserHandleriPvS_ in libjvm.dylib, mask=11100110000111110111111111111111, flags=SA_RESTART|SA_SIGINFO
   SIGQUIT: _ZL11UserHandleriPvS_ in libjvm.dylib, mask=11100110000111110111111111111111, flags=SA_RESTART|SA_SIGINFO
   SIGTRAP: _ZL13crash_handleriP9__siginfoPv in libjvm.dylib, mask=11100110000111110111111111111111, flags=SA_RESTART|SA_SIGINFO


---------------  S Y S T E M  ---------------

OS:
uname: Darwin 21.2.0 Darwin Kernel Version 21.2.0: Sun Nov 28 20:29:10 PST 2021; root:xnu-8019.61.5~1/RELEASE_ARM64_T8101 arm64
OS uptime: 0 days 14:34 hours
rlimit (soft/hard): STACK 8176k/65520k , CORE 0k/infinity , NPROC 1333/2000 , NOFILE 10240/infinity , AS infinity/infinity , CPU infinity/infinity , DATA infinity/infinity , FSIZE infinity/infinity , MEMLOCK infinity/infinity , RSS infinity/infinity
load average: 1.73 1.93 1.61

CPU: total 8 (initial active 8) 0x61:0x0:0x1b588bb3:0, fp, simd, crc, lse

Memory: 16k page, physical 8388608k(88176k free), swap 1048576k(1020928k free)

vm_info: Java HotSpot(TM) 64-Bit Server VM (17+35-LTS-2724) for bsd-aarch64 JRE (17+35-LTS-2724), built on Aug  5 2021 22:28:56 by "mach5one" with clang Apple LLVM 12.0.0 (clang-1200.0.32.29)

END.
